2023-06-15T16:00:22+00:00 CRITICAL Uncaught TypeError: call_user_func_array(): Argument #1 ($callback) must be a valid callback, function "myplugin_admin_menu" not found or invalid function name in C:\wamp64\www\celr\wp-includes\class-wp-hook.php:308
Stack trace:
#0 C:\wamp64\www\celr\wp-includes\class-wp-hook.php(332): WP_Hook->apply_filters(NULL, Array)
#1 C:\wamp64\www\celr\wp-includes\plugin.php(517): WP_Hook->do_action(Array)
#2 C:\wamp64\www\celr\wp-admin\includes\menu.php(155): do_action('admin_menu', '')
#3 C:\wamp64\www\celr\wp-admin\menu.php(420): require_once('C:\\wamp64\\www\\c...')
#4 C:\wamp64\www\celr\wp-admin\admin.php(158): require('C:\\wamp64\\www\\c...')
#5 {main}
  thrown in C:\wamp64\www\celr\wp-includes\class-wp-hook.php on line 308

2023-06-15T16:00:44+00:00 CRITICAL Uncaught TypeError: call_user_func_array(): Argument #1 ($callback) must be a valid callback, function "myplugin_admin_menu" not found or invalid function name in C:\wamp64\www\celr\wp-includes\class-wp-hook.php:308
Stack trace:
#0 C:\wamp64\www\celr\wp-includes\class-wp-hook.php(332): WP_Hook->apply_filters(NULL, Array)
#1 C:\wamp64\www\celr\wp-includes\plugin.php(517): WP_Hook->do_action(Array)
#2 C:\wamp64\www\celr\wp-admin\includes\menu.php(155): do_action('admin_menu', '')
#3 C:\wamp64\www\celr\wp-admin\menu.php(420): require_once('C:\\wamp64\\www\\c...')
#4 C:\wamp64\www\celr\wp-admin\admin.php(158): require('C:\\wamp64\\www\\c...')
#5 C:\wamp64\www\celr\wp-admin\index.php(10): require_once('C:\\wamp64\\www\\c...')
#6 {main}
  thrown in C:\wamp64\www\celr\wp-includes\class-wp-hook.php on line 308

2023-06-15T16:01:21+00:00 CRITICAL Uncaught TypeError: call_user_func_array(): Argument #1 ($callback) must be a valid callback, function "myplugin_admin_menu" not found or invalid function name in C:\wamp64\www\celr\wp-includes\class-wp-hook.php:308
Stack trace:
#0 C:\wamp64\www\celr\wp-includes\class-wp-hook.php(332): WP_Hook->apply_filters(NULL, Array)
#1 C:\wamp64\www\celr\wp-includes\plugin.php(517): WP_Hook->do_action(Array)
#2 C:\wamp64\www\celr\wp-admin\includes\menu.php(155): do_action('admin_menu', '')
#3 C:\wamp64\www\celr\wp-admin\menu.php(420): require_once('C:\\wamp64\\www\\c...')
#4 C:\wamp64\www\celr\wp-admin\admin.php(158): require('C:\\wamp64\\www\\c...')
#5 C:\wamp64\www\celr\wp-admin\index.php(10): require_once('C:\\wamp64\\www\\c...')
#6 {main}
  thrown in C:\wamp64\www\celr\wp-includes\class-wp-hook.php on line 308

2023-06-15T16:01:49+00:00 CRITICAL Uncaught TypeError: call_user_func_array(): Argument #1 ($callback) must be a valid callback, function "myplugin_admin_menu" not found or invalid function name in C:\wamp64\www\celr\wp-includes\class-wp-hook.php:308
Stack trace:
#0 C:\wamp64\www\celr\wp-includes\class-wp-hook.php(332): WP_Hook->apply_filters(NULL, Array)
#1 C:\wamp64\www\celr\wp-includes\plugin.php(517): WP_Hook->do_action(Array)
#2 C:\wamp64\www\celr\wp-admin\includes\menu.php(155): do_action('admin_menu', '')
#3 C:\wamp64\www\celr\wp-admin\menu.php(420): require_once('C:\\wamp64\\www\\c...')
#4 C:\wamp64\www\celr\wp-admin\admin.php(158): require('C:\\wamp64\\www\\c...')
#5 C:\wamp64\www\celr\wp-admin\index.php(10): require_once('C:\\wamp64\\www\\c...')
#6 {main}
  thrown in C:\wamp64\www\celr\wp-includes\class-wp-hook.php on line 308

