2023-05-20T06:20:13+00:00 CRITICAL Uncaught Error: Call to undefined function get_current_user_display_name() in C:\wamp64\www\celr\wp-content\themes\woodmart\woodmart\functions.php:216
Stack trace:
#0 C:\wamp64\www\celr\wp-includes\shortcodes.php(355): vendor_form_shortcode(Array, '', 'vendor_form')
#1 [internal function]: do_shortcode_tag(Array)
#2 C:\wamp64\www\celr\wp-includes\shortcodes.php(227): preg_replace_callback('/\\[(\\[?)(vendor...', 'do_shortcode_ta...', '[vendor_form pr...')
#3 C:\wamp64\www\celr\wp-content\themes\woodmart\woodmart\vendor-template.php(10): do_shortcode('[vendor_form pr...')
#4 C:\wamp64\www\celr\wp-includes\template-loader.php(106): include('C:\\wamp64\\www\\c...')
#5 C:\wamp64\www\celr\wp-blog-header.php(19): require_once('C:\\wamp64\\www\\c...')
#6 C:\wamp64\www\celr\index.php(17): require('C:\\wamp64\\www\\c...')
#7 {main}
  thrown in C:\wamp64\www\celr\wp-content\themes\woodmart\woodmart\functions.php on line 216

2023-05-20T06:20:39+00:00 CRITICAL Uncaught Error: Call to undefined function get_current_user_display_name() in C:\wamp64\www\celr\wp-content\themes\woodmart\woodmart\functions.php:216
Stack trace:
#0 C:\wamp64\www\celr\wp-includes\shortcodes.php(355): vendor_form_shortcode(Array, '', 'vendor_form')
#1 [internal function]: do_shortcode_tag(Array)
#2 C:\wamp64\www\celr\wp-includes\shortcodes.php(227): preg_replace_callback('/\\[(\\[?)(vendor...', 'do_shortcode_ta...', '[vendor_form pr...')
#3 C:\wamp64\www\celr\wp-content\themes\woodmart\woodmart\vendor-template.php(10): do_shortcode('[vendor_form pr...')
#4 C:\wamp64\www\celr\wp-includes\template-loader.php(106): include('C:\\wamp64\\www\\c...')
#5 C:\wamp64\www\celr\wp-blog-header.php(19): require_once('C:\\wamp64\\www\\c...')
#6 C:\wamp64\www\celr\index.php(17): require('C:\\wamp64\\www\\c...')
#7 {main}
  thrown in C:\wamp64\www\celr\wp-content\themes\woodmart\woodmart\functions.php on line 216

2023-05-20T06:35:04+00:00 CRITICAL Uncaught Error: Call to undefined function get_current_user_display_name() in C:\wamp64\www\celr\wp-content\themes\woodmart\woodmart\functions.php:235
Stack trace:
#0 C:\wamp64\www\celr\wp-includes\shortcodes.php(355): vendor_form_shortcode(Array, '', 'vendor_form')
#1 [internal function]: do_shortcode_tag(Array)
#2 C:\wamp64\www\celr\wp-includes\shortcodes.php(227): preg_replace_callback('/\\[(\\[?)(vendor...', 'do_shortcode_ta...', '[vendor_form pr...')
#3 C:\wamp64\www\celr\wp-content\themes\woodmart\woodmart\vendor-template.php(10): do_shortcode('[vendor_form pr...')
#4 C:\wamp64\www\celr\wp-includes\template-loader.php(106): include('C:\\wamp64\\www\\c...')
#5 C:\wamp64\www\celr\wp-blog-header.php(19): require_once('C:\\wamp64\\www\\c...')
#6 C:\wamp64\www\celr\index.php(17): require('C:\\wamp64\\www\\c...')
#7 {main}
  thrown in C:\wamp64\www\celr\wp-content\themes\woodmart\woodmart\functions.php on line 235

2023-05-20T06:35:12+00:00 CRITICAL Uncaught Error: Call to undefined function get_current_user_display_name() in C:\wamp64\www\celr\wp-content\themes\woodmart\woodmart\functions.php:235
Stack trace:
#0 C:\wamp64\www\celr\wp-includes\shortcodes.php(355): vendor_form_shortcode(Array, '', 'vendor_form')
#1 [internal function]: do_shortcode_tag(Array)
#2 C:\wamp64\www\celr\wp-includes\shortcodes.php(227): preg_replace_callback('/\\[(\\[?)(vendor...', 'do_shortcode_ta...', '[vendor_form pr...')
#3 C:\wamp64\www\celr\wp-content\themes\woodmart\woodmart\vendor-template.php(10): do_shortcode('[vendor_form pr...')
#4 C:\wamp64\www\celr\wp-includes\template-loader.php(106): include('C:\\wamp64\\www\\c...')
#5 C:\wamp64\www\celr\wp-blog-header.php(19): require_once('C:\\wamp64\\www\\c...')
#6 C:\wamp64\www\celr\index.php(17): require('C:\\wamp64\\www\\c...')
#7 {main}
  thrown in C:\wamp64\www\celr\wp-content\themes\woodmart\woodmart\functions.php on line 235

2023-05-20T06:35:24+00:00 CRITICAL Uncaught TypeError: array_map(): Argument #2 ($array) must be of type array, null given in C:\wamp64\www\celr\wp-content\themes\woodmart\woodmart\functions.php:165
Stack trace:
#0 C:\wamp64\www\celr\wp-content\themes\woodmart\woodmart\functions.php(165): array_map('sanitize_text_f...', NULL)
#1 C:\wamp64\www\celr\wp-includes\class-wp-hook.php(308): save_vendor_data_frontend('')
#2 C:\wamp64\www\celr\wp-includes\class-wp-hook.php(332): WP_Hook->apply_filters(NULL, Array)
#3 C:\wamp64\www\celr\wp-includes\plugin.php(517): WP_Hook->do_action(Array)
#4 C:\wamp64\www\celr\wp-settings.php(623): do_action('init')
#5 C:\wamp64\www\celr\wp-config.php(98): require_once('C:\\wamp64\\www\\c...')
#6 C:\wamp64\www\celr\wp-load.php(50): require_once('C:\\wamp64\\www\\c...')
#7 C:\wamp64\www\celr\wp-blog-header.php(13): require_once('C:\\wamp64\\www\\c...')
#8 C:\wamp64\www\celr\index.php(17): require('C:\\wamp64\\www\\c...')
#9 {main}
  thrown in C:\wamp64\www\celr\wp-content\themes\woodmart\woodmart\functions.php on line 165

2023-05-20T06:35:52+00:00 CRITICAL Uncaught Error: Call to undefined function get_current_user_display_name() in C:\wamp64\www\celr\wp-content\themes\woodmart\woodmart\functions.php:235
Stack trace:
#0 C:\wamp64\www\celr\wp-includes\shortcodes.php(355): vendor_form_shortcode(Array, '', 'vendor_form')
#1 [internal function]: do_shortcode_tag(Array)
#2 C:\wamp64\www\celr\wp-includes\shortcodes.php(227): preg_replace_callback('/\\[(\\[?)(vendor...', 'do_shortcode_ta...', '[vendor_form pr...')
#3 C:\wamp64\www\celr\wp-content\themes\woodmart\woodmart\vendor-template.php(10): do_shortcode('[vendor_form pr...')
#4 C:\wamp64\www\celr\wp-includes\template-loader.php(106): include('C:\\wamp64\\www\\c...')
#5 C:\wamp64\www\celr\wp-blog-header.php(19): require_once('C:\\wamp64\\www\\c...')
#6 C:\wamp64\www\celr\index.php(17): require('C:\\wamp64\\www\\c...')
#7 {main}
  thrown in C:\wamp64\www\celr\wp-content\themes\woodmart\woodmart\functions.php on line 235

2023-05-20T06:36:04+00:00 CRITICAL Uncaught Error: Call to undefined function get_current_user_display_name() in C:\wamp64\www\celr\wp-content\themes\woodmart\woodmart\functions.php:235
Stack trace:
#0 C:\wamp64\www\celr\wp-includes\shortcodes.php(355): vendor_form_shortcode(Array, '', 'vendor_form')
#1 [internal function]: do_shortcode_tag(Array)
#2 C:\wamp64\www\celr\wp-includes\shortcodes.php(227): preg_replace_callback('/\\[(\\[?)(vendor...', 'do_shortcode_ta...', '[vendor_form pr...')
#3 C:\wamp64\www\celr\wp-content\themes\woodmart\woodmart\vendor-template.php(10): do_shortcode('[vendor_form pr...')
#4 C:\wamp64\www\celr\wp-includes\template-loader.php(106): include('C:\\wamp64\\www\\c...')
#5 C:\wamp64\www\celr\wp-blog-header.php(19): require_once('C:\\wamp64\\www\\c...')
#6 C:\wamp64\www\celr\index.php(17): require('C:\\wamp64\\www\\c...')
#7 {main}
  thrown in C:\wamp64\www\celr\wp-content\themes\woodmart\woodmart\functions.php on line 235

2023-05-20T06:36:42+00:00 CRITICAL Uncaught Error: Call to undefined function get_current_user_display_name() in C:\wamp64\www\celr\wp-content\themes\woodmart\woodmart\functions.php:233
Stack trace:
#0 C:\wamp64\www\celr\wp-includes\shortcodes.php(355): vendor_form_shortcode(Array, '', 'vendor_form')
#1 [internal function]: do_shortcode_tag(Array)
#2 C:\wamp64\www\celr\wp-includes\shortcodes.php(227): preg_replace_callback('/\\[(\\[?)(vendor...', 'do_shortcode_ta...', '[vendor_form pr...')
#3 C:\wamp64\www\celr\wp-content\themes\woodmart\woodmart\vendor-template.php(10): do_shortcode('[vendor_form pr...')
#4 C:\wamp64\www\celr\wp-includes\template-loader.php(106): include('C:\\wamp64\\www\\c...')
#5 C:\wamp64\www\celr\wp-blog-header.php(19): require_once('C:\\wamp64\\www\\c...')
#6 C:\wamp64\www\celr\index.php(17): require('C:\\wamp64\\www\\c...')
#7 {main}
  thrown in C:\wamp64\www\celr\wp-content\themes\woodmart\woodmart\functions.php on line 233

2023-05-20T06:36:54+00:00 CRITICAL Uncaught Error: Call to undefined function get_current_user_display_name() in C:\wamp64\www\celr\wp-content\themes\woodmart\woodmart\functions.php:233
Stack trace:
#0 C:\wamp64\www\celr\wp-includes\shortcodes.php(355): vendor_form_shortcode(Array, '', 'vendor_form')
#1 [internal function]: do_shortcode_tag(Array)
#2 C:\wamp64\www\celr\wp-includes\shortcodes.php(227): preg_replace_callback('/\\[(\\[?)(vendor...', 'do_shortcode_ta...', '[vendor_form pr...')
#3 C:\wamp64\www\celr\wp-content\themes\woodmart\woodmart\vendor-template.php(10): do_shortcode('[vendor_form pr...')
#4 C:\wamp64\www\celr\wp-includes\template-loader.php(106): include('C:\\wamp64\\www\\c...')
#5 C:\wamp64\www\celr\wp-blog-header.php(19): require_once('C:\\wamp64\\www\\c...')
#6 C:\wamp64\www\celr\index.php(17): require('C:\\wamp64\\www\\c...')
#7 {main}
  thrown in C:\wamp64\www\celr\wp-content\themes\woodmart\woodmart\functions.php on line 233

2023-05-20T06:38:44+00:00 CRITICAL Uncaught Error: Call to undefined function get_current_user_display_name() in C:\wamp64\www\celr\wp-content\themes\woodmart\woodmart\functions.php:233
Stack trace:
#0 C:\wamp64\www\celr\wp-includes\shortcodes.php(355): vendor_form_shortcode(Array, '', 'vendor_form')
#1 [internal function]: do_shortcode_tag(Array)
#2 C:\wamp64\www\celr\wp-includes\shortcodes.php(227): preg_replace_callback('/\\[(\\[?)(vendor...', 'do_shortcode_ta...', '[vendor_form pr...')
#3 C:\wamp64\www\celr\wp-content\themes\woodmart\woodmart\vendor-template.php(10): do_shortcode('[vendor_form pr...')
#4 C:\wamp64\www\celr\wp-includes\template-loader.php(106): include('C:\\wamp64\\www\\c...')
#5 C:\wamp64\www\celr\wp-blog-header.php(19): require_once('C:\\wamp64\\www\\c...')
#6 C:\wamp64\www\celr\index.php(17): require('C:\\wamp64\\www\\c...')
#7 {main}
  thrown in C:\wamp64\www\celr\wp-content\themes\woodmart\woodmart\functions.php on line 233

2023-05-20T06:38:58+00:00 CRITICAL Uncaught Error: Call to undefined function get_current_user_display_name() in C:\wamp64\www\celr\wp-content\themes\woodmart\woodmart\functions.php:233
Stack trace:
#0 C:\wamp64\www\celr\wp-includes\shortcodes.php(355): vendor_form_shortcode(Array, '', 'vendor_form')
#1 [internal function]: do_shortcode_tag(Array)
#2 C:\wamp64\www\celr\wp-includes\shortcodes.php(227): preg_replace_callback('/\\[(\\[?)(vendor...', 'do_shortcode_ta...', '[vendor_form pr...')
#3 C:\wamp64\www\celr\wp-content\themes\woodmart\woodmart\vendor-template.php(10): do_shortcode('[vendor_form pr...')
#4 C:\wamp64\www\celr\wp-includes\template-loader.php(106): include('C:\\wamp64\\www\\c...')
#5 C:\wamp64\www\celr\wp-blog-header.php(19): require_once('C:\\wamp64\\www\\c...')
#6 C:\wamp64\www\celr\index.php(17): require('C:\\wamp64\\www\\c...')
#7 {main}
  thrown in C:\wamp64\www\celr\wp-content\themes\woodmart\woodmart\functions.php on line 233

2023-05-20T06:41:48+00:00 CRITICAL Uncaught Error: Call to undefined function get_current_user_display_name() in C:\wamp64\www\celr\wp-content\themes\woodmart\woodmart\functions.php:228
Stack trace:
#0 C:\wamp64\www\celr\wp-includes\shortcodes.php(355): vendor_form_shortcode(Array, '', 'vendor_form')
#1 [internal function]: do_shortcode_tag(Array)
#2 C:\wamp64\www\celr\wp-includes\shortcodes.php(227): preg_replace_callback('/\\[(\\[?)(vendor...', 'do_shortcode_ta...', '[vendor_form pr...')
#3 C:\wamp64\www\celr\wp-content\themes\woodmart\woodmart\vendor-template.php(10): do_shortcode('[vendor_form pr...')
#4 C:\wamp64\www\celr\wp-includes\template-loader.php(106): include('C:\\wamp64\\www\\c...')
#5 C:\wamp64\www\celr\wp-blog-header.php(19): require_once('C:\\wamp64\\www\\c...')
#6 C:\wamp64\www\celr\index.php(17): require('C:\\wamp64\\www\\c...')
#7 {main}
  thrown in C:\wamp64\www\celr\wp-content\themes\woodmart\woodmart\functions.php on line 228

2023-05-20T06:43:33+00:00 CRITICAL Uncaught Error: Call to undefined function get_current_user_display_name() in C:\wamp64\www\celr\wp-content\themes\woodmart\woodmart\functions.php:228
Stack trace:
#0 C:\wamp64\www\celr\wp-includes\shortcodes.php(355): vendor_form_shortcode(Array, '', 'vendor_form')
#1 [internal function]: do_shortcode_tag(Array)
#2 C:\wamp64\www\celr\wp-includes\shortcodes.php(227): preg_replace_callback('/\\[(\\[?)(vendor...', 'do_shortcode_ta...', '[vendor_form pr...')
#3 C:\wamp64\www\celr\wp-content\themes\woodmart\woodmart\vendor-template.php(10): do_shortcode('[vendor_form pr...')
#4 C:\wamp64\www\celr\wp-includes\template-loader.php(106): include('C:\\wamp64\\www\\c...')
#5 C:\wamp64\www\celr\wp-blog-header.php(19): require_once('C:\\wamp64\\www\\c...')
#6 C:\wamp64\www\celr\index.php(17): require('C:\\wamp64\\www\\c...')
#7 {main}
  thrown in C:\wamp64\www\celr\wp-content\themes\woodmart\woodmart\functions.php on line 228

2023-05-20T06:43:42+00:00 CRITICAL Uncaught Error: Call to undefined function get_current_user_display_name() in C:\wamp64\www\celr\wp-content\themes\woodmart\woodmart\functions.php:228
Stack trace:
#0 C:\wamp64\www\celr\wp-includes\shortcodes.php(355): vendor_form_shortcode(Array, '', 'vendor_form')
#1 [internal function]: do_shortcode_tag(Array)
#2 C:\wamp64\www\celr\wp-includes\shortcodes.php(227): preg_replace_callback('/\\[(\\[?)(vendor...', 'do_shortcode_ta...', '[vendor_form pr...')
#3 C:\wamp64\www\celr\wp-content\themes\woodmart\woodmart\vendor-template.php(10): do_shortcode('[vendor_form pr...')
#4 C:\wamp64\www\celr\wp-includes\template-loader.php(106): include('C:\\wamp64\\www\\c...')
#5 C:\wamp64\www\celr\wp-blog-header.php(19): require_once('C:\\wamp64\\www\\c...')
#6 C:\wamp64\www\celr\index.php(17): require('C:\\wamp64\\www\\c...')
#7 {main}
  thrown in C:\wamp64\www\celr\wp-content\themes\woodmart\woodmart\functions.php on line 228

2023-05-20T07:14:20+00:00 CRITICAL Cannot redeclare save_vendor_data_frontend() (previously declared in C:\wamp64\www\celr\wp-content\themes\woodmart\woodmart\functions.php:152) in C:\wamp64\www\celr\wp-content\themes\woodmart\woodmart\functions.php on line 197

2023-05-20T08:29:18+00:00 CRITICAL Uncaught TypeError: call_user_func_array(): Argument #1 ($callback) must be a valid callback, function "save_vendor_data_frontend" not found or invalid function name in C:\wamp64\www\celr\wp-includes\class-wp-hook.php:308
Stack trace:
#0 C:\wamp64\www\celr\wp-includes\class-wp-hook.php(332): WP_Hook->apply_filters(NULL, Array)
#1 C:\wamp64\www\celr\wp-includes\plugin.php(517): WP_Hook->do_action(Array)
#2 C:\wamp64\www\celr\wp-settings.php(623): do_action('init')
#3 C:\wamp64\www\celr\wp-config.php(98): require_once('C:\\wamp64\\www\\c...')
#4 C:\wamp64\www\celr\wp-load.php(50): require_once('C:\\wamp64\\www\\c...')
#5 C:\wamp64\www\celr\wp-admin\admin-ajax.php(22): require_once('C:\\wamp64\\www\\c...')
#6 {main}
  thrown in C:\wamp64\www\celr\wp-includes\class-wp-hook.php on line 308

