2023-05-30T15:59:59+00:00 CRITICAL Uncaught TypeError: Cannot access offset of type string on string in C:\wamp64\www\celr\wp-content\plugins\warehouse-basefee\custom-fees-plugin.php:201
Stack trace:
#0 C:\wamp64\www\celr\wp-includes\shortcodes.php(355): buyer_account_shortcode('', '', 'buyer_account_p...')
#1 [internal function]: do_shortcode_tag(Array)
#2 C:\wamp64\www\celr\wp-includes\shortcodes.php(227): preg_replace_callback('/\\[(\\[?)(buyer_...', 'do_shortcode_ta...', '[buyer_account_...')
#3 C:\wamp64\www\celr\wp-content\plugins\elementor\includes\widgets\shortcode.php(130): do_shortcode('[buyer_account_...')
#4 C:\wamp64\www\celr\wp-content\plugins\elementor\includes\base\controls-stack.php(2268): Elementor\Widget_Shortcode->render()
#5 C:\wamp64\www\celr\wp-content\plugins\elementor\includes\base\widget-base.php(609): Elementor\Controls_Stack->render_by_mode()
#6 C:\wamp64\www\celr\wp-content\plugins\elementor\includes\base\widget-base.php(750): Elementor\Widget_Base->render_content()
#7 C:\wamp64\www\celr\wp-content\plugins\elementor\includes\base\element-base.php(449): Elementor\Widget_Base->print_content()
#8 C:\wamp64\www\celr\wp-content\plugins\elementor\includes\base\element-base.php(1354): Elementor\Element_Base->print_element()
#9 C:\wamp64\www\celr\wp-content\plugins\elementor\includes\base\element-base.php(449): Elementor\Element_Base->print_content()
#10 C:\wamp64\www\celr\wp-content\plugins\elementor\includes\base\element-base.php(1354): Elementor\Element_Base->print_element()
#11 C:\wamp64\www\celr\wp-content\plugins\elementor\includes\base\element-base.php(449): Elementor\Element_Base->print_content()
#12 C:\wamp64\www\celr\wp-content\plugins\elementor\core\base\document.php(1711): Elementor\Element_Base->print_element()
#13 C:\wamp64\www\celr\wp-content\plugins\elementor\core\base\document.php(1106): Elementor\Core\Base\Document->print_elements(Array)
#14 C:\wamp64\www\celr\wp-content\plugins\elementor\includes\frontend.php(1179): Elementor\Core\Base\Document->print_elements_with_wrapper(Array)
#15 C:\wamp64\www\celr\wp-content\plugins\elementor\includes\frontend.php(1074): Elementor\Frontend->get_builder_content(16334)
#16 C:\wamp64\www\celr\wp-includes\class-wp-hook.php(308): Elementor\Frontend->apply_builder_in_content('[buyer_account_...')
#17 C:\wamp64\www\celr\wp-includes\plugin.php(205): WP_Hook->apply_filters('[buyer_account_...', Array)
#18 C:\wamp64\www\celr\wp-content\themes\woodmart\woodmart\inc\template-tags\template-tags.php(507): apply_filters('the_content', '[buyer_account_...')
#19 C:\wamp64\www\celr\wp-content\themes\woodmart\woodmart\page.php(26): woodmart_get_the_content()
#20 C:\wamp64\www\celr\wp-includes\template-loader.php(106): include('C:\\wamp64\\www\\c...')
#21 C:\wamp64\www\celr\wp-blog-header.php(19): require_once('C:\\wamp64\\www\\c...')
#22 C:\wamp64\www\celr\index.php(17): require('C:\\wamp64\\www\\c...')
#23 {main}
  thrown in C:\wamp64\www\celr\wp-content\plugins\warehouse-basefee\custom-fees-plugin.php on line 201

