2023-06-23T08:20:24+00:00 CRITICAL Uncaught Error: Call to undefined function get_orders_by_vendor_name() in C:\wamp64\www\celr\wp-content\plugins\custom-plugin-celr\single-product-page\required-functions.php:210
Stack trace:
#0 C:\wamp64\www\celr\wp-includes\shortcodes.php(355): display_orders_by_vendor_name(Array, '', 'vendor_orders')
#1 [internal function]: do_shortcode_tag(Array)
#2 C:\wamp64\www\celr\wp-includes\shortcodes.php(227): preg_replace_callback('/\\[(\\[?)(vendor...', 'do_shortcode_ta...', '[vendor_orders]...')
#3 C:\wamp64\www\celr\wp-includes\class-wp-hook.php(308): do_shortcode('[vendor_orders]...')
#4 C:\wamp64\www\celr\wp-includes\plugin.php(205): WP_Hook->apply_filters('[vendor_orders]...', Array)
#5 C:\wamp64\www\celr\wp-content\themes\woodmart\woodmart\inc\template-tags\template-tags.php(507): apply_filters('the_content', '[vendor_orders]')
#6 C:\wamp64\www\celr\wp-content\themes\woodmart\woodmart\page.php(26): woodmart_get_the_content()
#7 C:\wamp64\www\celr\wp-includes\template-loader.php(106): include('C:\\wamp64\\www\\c...')
#8 C:\wamp64\www\celr\wp-blog-header.php(19): require_once('C:\\wamp64\\www\\c...')
#9 C:\wamp64\www\celr\index.php(17): require('C:\\wamp64\\www\\c...')
#10 {main}
  thrown in C:\wamp64\www\celr\wp-content\plugins\custom-plugin-celr\single-product-page\required-functions.php on line 210

2023-06-23T08:20:28+00:00 CRITICAL Uncaught Error: Call to undefined function get_orders_by_vendor_name() in C:\wamp64\www\celr\wp-content\plugins\custom-plugin-celr\single-product-page\required-functions.php:210
Stack trace:
#0 C:\wamp64\www\celr\wp-includes\shortcodes.php(355): display_orders_by_vendor_name(Array, '', 'vendor_orders')
#1 [internal function]: do_shortcode_tag(Array)
#2 C:\wamp64\www\celr\wp-includes\shortcodes.php(227): preg_replace_callback('/\\[(\\[?)(vendor...', 'do_shortcode_ta...', '[vendor_orders]...')
#3 C:\wamp64\www\celr\wp-includes\class-wp-hook.php(308): do_shortcode('[vendor_orders]...')
#4 C:\wamp64\www\celr\wp-includes\plugin.php(205): WP_Hook->apply_filters('[vendor_orders]...', Array)
#5 C:\wamp64\www\celr\wp-content\themes\woodmart\woodmart\inc\template-tags\template-tags.php(507): apply_filters('the_content', '[vendor_orders]')
#6 C:\wamp64\www\celr\wp-content\themes\woodmart\woodmart\page.php(26): woodmart_get_the_content()
#7 C:\wamp64\www\celr\wp-includes\template-loader.php(106): include('C:\\wamp64\\www\\c...')
#8 C:\wamp64\www\celr\wp-blog-header.php(19): require_once('C:\\wamp64\\www\\c...')
#9 C:\wamp64\www\celr\index.php(17): require('C:\\wamp64\\www\\c...')
#10 {main}
  thrown in C:\wamp64\www\celr\wp-content\plugins\custom-plugin-celr\single-product-page\required-functions.php on line 210

2023-06-23T08:20:49+00:00 CRITICAL Uncaught Error: Call to undefined function get_orders_by_vendor_name() in C:\wamp64\www\celr\wp-content\plugins\custom-plugin-celr\single-product-page\required-functions.php:210
Stack trace:
#0 C:\wamp64\www\celr\wp-includes\shortcodes.php(355): display_orders_by_vendor_name(Array, '', 'vendor_orders')
#1 [internal function]: do_shortcode_tag(Array)
#2 C:\wamp64\www\celr\wp-includes\shortcodes.php(227): preg_replace_callback('/\\[(\\[?)(vendor...', 'do_shortcode_ta...', '[vendor_orders]...')
#3 C:\wamp64\www\celr\wp-includes\class-wp-hook.php(308): do_shortcode('[vendor_orders]...')
#4 C:\wamp64\www\celr\wp-includes\plugin.php(205): WP_Hook->apply_filters('[vendor_orders]...', Array)
#5 C:\wamp64\www\celr\wp-content\themes\woodmart\woodmart\inc\template-tags\template-tags.php(507): apply_filters('the_content', '[vendor_orders]')
#6 C:\wamp64\www\celr\wp-content\themes\woodmart\woodmart\page.php(26): woodmart_get_the_content()
#7 C:\wamp64\www\celr\wp-includes\template-loader.php(106): include('C:\\wamp64\\www\\c...')
#8 C:\wamp64\www\celr\wp-blog-header.php(19): require_once('C:\\wamp64\\www\\c...')
#9 C:\wamp64\www\celr\index.php(17): require('C:\\wamp64\\www\\c...')
#10 {main}
  thrown in C:\wamp64\www\celr\wp-content\plugins\custom-plugin-celr\single-product-page\required-functions.php on line 210

2023-06-23T08:30:36+00:00 CRITICAL Uncaught TypeError: Unsupported operand types: string - string in C:\wamp64\www\celr\wp-content\plugins\custom-plugin-celr\single-product-page\required-functions.php:250
Stack trace:
#0 C:\wamp64\www\celr\wp-includes\shortcodes.php(355): get_orders_by_vendor_name('', '', 'vendor_orders')
#1 [internal function]: do_shortcode_tag(Array)
#2 C:\wamp64\www\celr\wp-includes\shortcodes.php(227): preg_replace_callback('/\\[(\\[?)(vendor...', 'do_shortcode_ta...', '[vendor_orders]...')
#3 C:\wamp64\www\celr\wp-includes\class-wp-hook.php(308): do_shortcode('[vendor_orders]...')
#4 C:\wamp64\www\celr\wp-includes\plugin.php(205): WP_Hook->apply_filters('[vendor_orders]...', Array)
#5 C:\wamp64\www\celr\wp-content\themes\woodmart\woodmart\inc\template-tags\template-tags.php(507): apply_filters('the_content', '[vendor_orders]')
#6 C:\wamp64\www\celr\wp-content\themes\woodmart\woodmart\page.php(26): woodmart_get_the_content()
#7 C:\wamp64\www\celr\wp-includes\template-loader.php(106): include('C:\\wamp64\\www\\c...')
#8 C:\wamp64\www\celr\wp-blog-header.php(19): require_once('C:\\wamp64\\www\\c...')
#9 C:\wamp64\www\celr\index.php(17): require('C:\\wamp64\\www\\c...')
#10 {main}
  thrown in C:\wamp64\www\celr\wp-content\plugins\custom-plugin-celr\single-product-page\required-functions.php on line 250

2023-06-23T08:30:39+00:00 CRITICAL Uncaught TypeError: Unsupported operand types: string - string in C:\wamp64\www\celr\wp-content\plugins\custom-plugin-celr\single-product-page\required-functions.php:250
Stack trace:
#0 C:\wamp64\www\celr\wp-includes\shortcodes.php(355): get_orders_by_vendor_name('', '', 'vendor_orders')
#1 [internal function]: do_shortcode_tag(Array)
#2 C:\wamp64\www\celr\wp-includes\shortcodes.php(227): preg_replace_callback('/\\[(\\[?)(vendor...', 'do_shortcode_ta...', '[vendor_orders]...')
#3 C:\wamp64\www\celr\wp-includes\class-wp-hook.php(308): do_shortcode('[vendor_orders]...')
#4 C:\wamp64\www\celr\wp-includes\plugin.php(205): WP_Hook->apply_filters('[vendor_orders]...', Array)
#5 C:\wamp64\www\celr\wp-content\themes\woodmart\woodmart\inc\template-tags\template-tags.php(507): apply_filters('the_content', '[vendor_orders]')
#6 C:\wamp64\www\celr\wp-content\themes\woodmart\woodmart\page.php(26): woodmart_get_the_content()
#7 C:\wamp64\www\celr\wp-includes\template-loader.php(106): include('C:\\wamp64\\www\\c...')
#8 C:\wamp64\www\celr\wp-blog-header.php(19): require_once('C:\\wamp64\\www\\c...')
#9 C:\wamp64\www\celr\index.php(17): require('C:\\wamp64\\www\\c...')
#10 {main}
  thrown in C:\wamp64\www\celr\wp-content\plugins\custom-plugin-celr\single-product-page\required-functions.php on line 250

2023-06-23T08:30:45+00:00 CRITICAL Uncaught TypeError: Unsupported operand types: string - string in C:\wamp64\www\celr\wp-content\plugins\custom-plugin-celr\single-product-page\required-functions.php:250
Stack trace:
#0 C:\wamp64\www\celr\wp-includes\shortcodes.php(355): get_orders_by_vendor_name('', '', 'vendor_orders')
#1 [internal function]: do_shortcode_tag(Array)
#2 C:\wamp64\www\celr\wp-includes\shortcodes.php(227): preg_replace_callback('/\\[(\\[?)(vendor...', 'do_shortcode_ta...', '[vendor_orders]...')
#3 C:\wamp64\www\celr\wp-includes\class-wp-hook.php(308): do_shortcode('[vendor_orders]...')
#4 C:\wamp64\www\celr\wp-includes\plugin.php(205): WP_Hook->apply_filters('[vendor_orders]...', Array)
#5 C:\wamp64\www\celr\wp-content\themes\woodmart\woodmart\inc\template-tags\template-tags.php(507): apply_filters('the_content', '[vendor_orders]')
#6 C:\wamp64\www\celr\wp-content\themes\woodmart\woodmart\page.php(26): woodmart_get_the_content()
#7 C:\wamp64\www\celr\wp-includes\template-loader.php(106): include('C:\\wamp64\\www\\c...')
#8 C:\wamp64\www\celr\wp-blog-header.php(19): require_once('C:\\wamp64\\www\\c...')
#9 C:\wamp64\www\celr\index.php(17): require('C:\\wamp64\\www\\c...')
#10 {main}
  thrown in C:\wamp64\www\celr\wp-content\plugins\custom-plugin-celr\single-product-page\required-functions.php on line 250

2023-06-23T08:31:07+00:00 CRITICAL Uncaught TypeError: Unsupported operand types: string - string in C:\wamp64\www\celr\wp-content\plugins\custom-plugin-celr\single-product-page\required-functions.php:242
Stack trace:
#0 C:\wamp64\www\celr\wp-includes\shortcodes.php(355): get_orders_by_vendor_name('', '', 'vendor_orders')
#1 [internal function]: do_shortcode_tag(Array)
#2 C:\wamp64\www\celr\wp-includes\shortcodes.php(227): preg_replace_callback('/\\[(\\[?)(vendor...', 'do_shortcode_ta...', '[vendor_orders]...')
#3 C:\wamp64\www\celr\wp-includes\class-wp-hook.php(308): do_shortcode('[vendor_orders]...')
#4 C:\wamp64\www\celr\wp-includes\plugin.php(205): WP_Hook->apply_filters('[vendor_orders]...', Array)
#5 C:\wamp64\www\celr\wp-content\themes\woodmart\woodmart\inc\template-tags\template-tags.php(507): apply_filters('the_content', '[vendor_orders]')
#6 C:\wamp64\www\celr\wp-content\themes\woodmart\woodmart\page.php(26): woodmart_get_the_content()
#7 C:\wamp64\www\celr\wp-includes\template-loader.php(106): include('C:\\wamp64\\www\\c...')
#8 C:\wamp64\www\celr\wp-blog-header.php(19): require_once('C:\\wamp64\\www\\c...')
#9 C:\wamp64\www\celr\index.php(17): require('C:\\wamp64\\www\\c...')
#10 {main}
  thrown in C:\wamp64\www\celr\wp-content\plugins\custom-plugin-celr\single-product-page\required-functions.php on line 242

2023-06-23T08:31:25+00:00 CRITICAL Uncaught TypeError: Unsupported operand types: string - string in C:\wamp64\www\celr\wp-content\plugins\custom-plugin-celr\single-product-page\required-functions.php:242
Stack trace:
#0 C:\wamp64\www\celr\wp-includes\shortcodes.php(355): get_orders_by_vendor_name('', '', 'vendor_orders')
#1 [internal function]: do_shortcode_tag(Array)
#2 C:\wamp64\www\celr\wp-includes\shortcodes.php(227): preg_replace_callback('/\\[(\\[?)(vendor...', 'do_shortcode_ta...', '[vendor_orders]...')
#3 C:\wamp64\www\celr\wp-includes\class-wp-hook.php(308): do_shortcode('[vendor_orders]...')
#4 C:\wamp64\www\celr\wp-includes\plugin.php(205): WP_Hook->apply_filters('[vendor_orders]...', Array)
#5 C:\wamp64\www\celr\wp-content\themes\woodmart\woodmart\inc\template-tags\template-tags.php(507): apply_filters('the_content', '[vendor_orders]')
#6 C:\wamp64\www\celr\wp-content\themes\woodmart\woodmart\page.php(26): woodmart_get_the_content()
#7 C:\wamp64\www\celr\wp-includes\template-loader.php(106): include('C:\\wamp64\\www\\c...')
#8 C:\wamp64\www\celr\wp-blog-header.php(19): require_once('C:\\wamp64\\www\\c...')
#9 C:\wamp64\www\celr\index.php(17): require('C:\\wamp64\\www\\c...')
#10 {main}
  thrown in C:\wamp64\www\celr\wp-content\plugins\custom-plugin-celr\single-product-page\required-functions.php on line 242

2023-06-23T20:25:13+00:00 CRITICAL Uncaught Error: Call to undefined method WC_Product_Variation::get_variation_prices() in C:\wamp64\www\celr\wp-content\plugins\custom-plugin-celr\single-product-page\components\vintage-filter.php:72
Stack trace:
#0 C:\wamp64\www\celr\wp-content\plugins\custom-plugin-celr\single-product-page\components\vintage-filter.php(9): display_vintage_links()
#1 C:\wamp64\www\celr\wp-includes\shortcodes.php(355): vintage_link_shortcode(Array, '', 'vintage_link')
#2 [internal function]: do_shortcode_tag(Array)
#3 C:\wamp64\www\celr\wp-includes\shortcodes.php(227): preg_replace_callback('/\\[(\\[?)(vintag...', 'do_shortcode_ta...', '[vintage_link]')
#4 C:\wamp64\www\celr\wp-content\plugins\elementor\includes\widgets\shortcode.php(130): do_shortcode('[vintage_link]')
#5 C:\wamp64\www\celr\wp-content\plugins\elementor\includes\base\controls-stack.php(2268): Elementor\Widget_Shortcode->render()
#6 C:\wamp64\www\celr\wp-content\plugins\elementor\includes\base\widget-base.php(609): Elementor\Controls_Stack->render_by_mode()
#7 C:\wamp64\www\celr\wp-content\plugins\elementor\includes\base\widget-base.php(750): Elementor\Widget_Base->render_content()
#8 C:\wamp64\www\celr\wp-content\plugins\elementor\includes\base\element-base.php(449): Elementor\Widget_Base->print_content()
#9 C:\wamp64\www\celr\wp-content\plugins\elementor\includes\base\element-base.php(1354): Elementor\Element_Base->print_element()
#10 C:\wamp64\www\celr\wp-content\plugins\elementor\includes\base\element-base.php(449): Elementor\Element_Base->print_content()
#11 C:\wamp64\www\celr\wp-content\plugins\elementor\includes\base\element-base.php(1354): Elementor\Element_Base->print_element()
#12 C:\wamp64\www\celr\wp-content\plugins\elementor\includes\base\element-base.php(449): Elementor\Element_Base->print_content()
#13 C:\wamp64\www\celr\wp-content\plugins\elementor\core\base\document.php(1711): Elementor\Element_Base->print_element()
#14 C:\wamp64\www\celr\wp-content\plugins\elementor-pro\modules\theme-builder\documents\theme-document.php(418): Elementor\Core\Base\Document->print_elements(Array)
#15 C:\wamp64\www\celr\wp-content\plugins\elementor\includes\frontend.php(1179): ElementorPro\Modules\ThemeBuilder\Documents\Theme_Document->print_elements_with_wrapper(Array)
#16 C:\wamp64\www\celr\wp-content\plugins\elementor\core\base\document.php(1155): Elementor\Frontend->get_builder_content(16270, false)
#17 C:\wamp64\www\celr\wp-content\plugins\elementor\modules\library\documents\library-document.php(76): Elementor\Core\Base\Document->get_content(false)
#18 C:\wamp64\www\celr\wp-content\plugins\elementor-pro\modules\theme-builder\documents\theme-document.php(158): Elementor\Modules\Library\Documents\Library_Document->get_content(false)
#19 C:\wamp64\www\celr\wp-content\plugins\elementor-pro\modules\theme-builder\documents\theme-document.php(173): ElementorPro\Modules\ThemeBuilder\Documents\Theme_Document->get_content()
#20 C:\wamp64\www\celr\wp-content\plugins\elementor-pro\modules\theme-builder\documents\single-base.php(93): ElementorPro\Modules\ThemeBuilder\Documents\Theme_Document->print_content()
#21 C:\wamp64\www\celr\wp-content\plugins\elementor-pro\modules\woocommerce\documents\product.php(133): ElementorPro\Modules\ThemeBuilder\Documents\Single_Base->print_content()
#22 C:\wamp64\www\celr\wp-content\plugins\elementor-pro\modules\theme-builder\classes\locations-manager.php(315): ElementorPro\Modules\Woocommerce\Documents\Product->print_content()
#23 C:\wamp64\www\celr\wp-content\plugins\elementor-pro\modules\theme-builder\classes\locations-manager.php(191): ElementorPro\Modules\ThemeBuilder\Classes\Locations_Manager->do_location('single')
#24 [internal function]: ElementorPro\Modules\ThemeBuilder\Classes\Locations_Manager->ElementorPro\Modules\ThemeBuilder\Classes\{closure}()
#25 C:\wamp64\www\celr\wp-content\plugins\elementor\modules\page-templates\module.php(207): call_user_func(Object(Closure))
#26 C:\wamp64\www\celr\wp-content\plugins\elementor\modules\page-templates\templates\header-footer.php(19): Elementor\Modules\PageTemplates\Module->print_content()
#27 C:\wamp64\www\celr\wp-includes\template-loader.php(106): include('C:\\wamp64\\www\\c...')
#28 C:\wamp64\www\celr\wp-blog-header.php(19): require_once('C:\\wamp64\\www\\c...')
#29 C:\wamp64\www\celr\index.php(17): require('C:\\wamp64\\www\\c...')
#30 {main}
  thrown in C:\wamp64\www\celr\wp-content\plugins\custom-plugin-celr\single-product-page\components\vintage-filter.php on line 72

2023-06-23T20:27:56+00:00 CRITICAL Uncaught Error: Object of type WC_Product_Variation is not callable in C:\wamp64\www\celr\wp-content\plugins\custom-plugin-celr\single-product-page\components\vintage-filter.php:71
Stack trace:
#0 C:\wamp64\www\celr\wp-content\plugins\custom-plugin-celr\single-product-page\components\vintage-filter.php(9): display_vintage_links()
#1 C:\wamp64\www\celr\wp-includes\shortcodes.php(355): vintage_link_shortcode(Array, '', 'vintage_link')
#2 [internal function]: do_shortcode_tag(Array)
#3 C:\wamp64\www\celr\wp-includes\shortcodes.php(227): preg_replace_callback('/\\[(\\[?)(vintag...', 'do_shortcode_ta...', '[vintage_link]')
#4 C:\wamp64\www\celr\wp-content\plugins\elementor\includes\widgets\shortcode.php(130): do_shortcode('[vintage_link]')
#5 C:\wamp64\www\celr\wp-content\plugins\elementor\includes\base\controls-stack.php(2268): Elementor\Widget_Shortcode->render()
#6 C:\wamp64\www\celr\wp-content\plugins\elementor\includes\base\widget-base.php(609): Elementor\Controls_Stack->render_by_mode()
#7 C:\wamp64\www\celr\wp-content\plugins\elementor\includes\base\widget-base.php(750): Elementor\Widget_Base->render_content()
#8 C:\wamp64\www\celr\wp-content\plugins\elementor\includes\base\element-base.php(449): Elementor\Widget_Base->print_content()
#9 C:\wamp64\www\celr\wp-content\plugins\elementor\includes\base\element-base.php(1354): Elementor\Element_Base->print_element()
#10 C:\wamp64\www\celr\wp-content\plugins\elementor\includes\base\element-base.php(449): Elementor\Element_Base->print_content()
#11 C:\wamp64\www\celr\wp-content\plugins\elementor\includes\base\element-base.php(1354): Elementor\Element_Base->print_element()
#12 C:\wamp64\www\celr\wp-content\plugins\elementor\includes\base\element-base.php(449): Elementor\Element_Base->print_content()
#13 C:\wamp64\www\celr\wp-content\plugins\elementor\core\base\document.php(1711): Elementor\Element_Base->print_element()
#14 C:\wamp64\www\celr\wp-content\plugins\elementor-pro\modules\theme-builder\documents\theme-document.php(418): Elementor\Core\Base\Document->print_elements(Array)
#15 C:\wamp64\www\celr\wp-content\plugins\elementor\includes\frontend.php(1179): ElementorPro\Modules\ThemeBuilder\Documents\Theme_Document->print_elements_with_wrapper(Array)
#16 C:\wamp64\www\celr\wp-content\plugins\elementor\core\base\document.php(1155): Elementor\Frontend->get_builder_content(16270, false)
#17 C:\wamp64\www\celr\wp-content\plugins\elementor\modules\library\documents\library-document.php(76): Elementor\Core\Base\Document->get_content(false)
#18 C:\wamp64\www\celr\wp-content\plugins\elementor-pro\modules\theme-builder\documents\theme-document.php(158): Elementor\Modules\Library\Documents\Library_Document->get_content(false)
#19 C:\wamp64\www\celr\wp-content\plugins\elementor-pro\modules\theme-builder\documents\theme-document.php(173): ElementorPro\Modules\ThemeBuilder\Documents\Theme_Document->get_content()
#20 C:\wamp64\www\celr\wp-content\plugins\elementor-pro\modules\theme-builder\documents\single-base.php(93): ElementorPro\Modules\ThemeBuilder\Documents\Theme_Document->print_content()
#21 C:\wamp64\www\celr\wp-content\plugins\elementor-pro\modules\woocommerce\documents\product.php(133): ElementorPro\Modules\ThemeBuilder\Documents\Single_Base->print_content()
#22 C:\wamp64\www\celr\wp-content\plugins\elementor-pro\modules\theme-builder\classes\locations-manager.php(315): ElementorPro\Modules\Woocommerce\Documents\Product->print_content()
#23 C:\wamp64\www\celr\wp-content\plugins\elementor-pro\modules\theme-builder\classes\locations-manager.php(191): ElementorPro\Modules\ThemeBuilder\Classes\Locations_Manager->do_location('single')
#24 [internal function]: ElementorPro\Modules\ThemeBuilder\Classes\Locations_Manager->ElementorPro\Modules\ThemeBuilder\Classes\{closure}()
#25 C:\wamp64\www\celr\wp-content\plugins\elementor\modules\page-templates\module.php(207): call_user_func(Object(Closure))
#26 C:\wamp64\www\celr\wp-content\plugins\elementor\modules\page-templates\templates\header-footer.php(19): Elementor\Modules\PageTemplates\Module->print_content()
#27 C:\wamp64\www\celr\wp-includes\template-loader.php(106): include('C:\\wamp64\\www\\c...')
#28 C:\wamp64\www\celr\wp-blog-header.php(19): require_once('C:\\wamp64\\www\\c...')
#29 C:\wamp64\www\celr\index.php(17): require('C:\\wamp64\\www\\c...')
#30 {main}
  thrown in C:\wamp64\www\celr\wp-content\plugins\custom-plugin-celr\single-product-page\components\vintage-filter.php on line 71

2023-06-23T21:13:28+00:00 CRITICAL Uncaught Error: Cannot use object of type WC_Product_Variation as array in C:\wamp64\www\celr\wp-content\plugins\custom-plugin-celr\single-product-page\components\vintage-filter.php:25
Stack trace:
#0 [internal function]: {closure}(Object(WC_Product_Variation))
#1 C:\wamp64\www\celr\wp-content\plugins\custom-plugin-celr\single-product-page\components\vintage-filter.php(26): array_filter(Array, Object(Closure))
#2 C:\wamp64\www\celr\wp-includes\shortcodes.php(355): year_filter_shortcode('', '', 'year_filter')
#3 [internal function]: do_shortcode_tag(Array)
#4 C:\wamp64\www\celr\wp-includes\shortcodes.php(227): preg_replace_callback('/\\[(\\[?)(year_f...', 'do_shortcode_ta...', '[year_filter]')
#5 C:\wamp64\www\celr\wp-content\plugins\elementor\includes\widgets\shortcode.php(130): do_shortcode('[year_filter]')
#6 C:\wamp64\www\celr\wp-content\plugins\elementor\includes\base\controls-stack.php(2268): Elementor\Widget_Shortcode->render()
#7 C:\wamp64\www\celr\wp-content\plugins\elementor\includes\base\widget-base.php(609): Elementor\Controls_Stack->render_by_mode()
#8 C:\wamp64\www\celr\wp-content\plugins\elementor\includes\base\widget-base.php(750): Elementor\Widget_Base->render_content()
#9 C:\wamp64\www\celr\wp-content\plugins\elementor\includes\base\element-base.php(449): Elementor\Widget_Base->print_content()
#10 C:\wamp64\www\celr\wp-content\plugins\elementor\includes\base\element-base.php(1354): Elementor\Element_Base->print_element()
#11 C:\wamp64\www\celr\wp-content\plugins\elementor\includes\base\element-base.php(449): Elementor\Element_Base->print_content()
#12 C:\wamp64\www\celr\wp-content\plugins\elementor\includes\base\element-base.php(1354): Elementor\Element_Base->print_element()
#13 C:\wamp64\www\celr\wp-content\plugins\elementor\includes\base\element-base.php(449): Elementor\Element_Base->print_content()
#14 C:\wamp64\www\celr\wp-content\plugins\elementor\core\base\document.php(1711): Elementor\Element_Base->print_element()
#15 C:\wamp64\www\celr\wp-content\plugins\elementor-pro\modules\theme-builder\documents\theme-document.php(418): Elementor\Core\Base\Document->print_elements(Array)
#16 C:\wamp64\www\celr\wp-content\plugins\elementor\includes\frontend.php(1179): ElementorPro\Modules\ThemeBuilder\Documents\Theme_Document->print_elements_with_wrapper(Array)
#17 C:\wamp64\www\celr\wp-content\plugins\elementor\core\base\document.php(1155): Elementor\Frontend->get_builder_content(16270, false)
#18 C:\wamp64\www\celr\wp-content\plugins\elementor\modules\library\documents\library-document.php(76): Elementor\Core\Base\Document->get_content(false)
#19 C:\wamp64\www\celr\wp-content\plugins\elementor-pro\modules\theme-builder\documents\theme-document.php(158): Elementor\Modules\Library\Documents\Library_Document->get_content(false)
#20 C:\wamp64\www\celr\wp-content\plugins\elementor-pro\modules\theme-builder\documents\theme-document.php(173): ElementorPro\Modules\ThemeBuilder\Documents\Theme_Document->get_content()
#21 C:\wamp64\www\celr\wp-content\plugins\elementor-pro\modules\theme-builder\documents\single-base.php(93): ElementorPro\Modules\ThemeBuilder\Documents\Theme_Document->print_content()
#22 C:\wamp64\www\celr\wp-content\plugins\elementor-pro\modules\woocommerce\documents\product.php(133): ElementorPro\Modules\ThemeBuilder\Documents\Single_Base->print_content()
#23 C:\wamp64\www\celr\wp-content\plugins\elementor-pro\modules\theme-builder\classes\locations-manager.php(315): ElementorPro\Modules\Woocommerce\Documents\Product->print_content()
#24 C:\wamp64\www\celr\wp-content\plugins\elementor-pro\modules\theme-builder\classes\locations-manager.php(191): ElementorPro\Modules\ThemeBuilder\Classes\Locations_Manager->do_location('single')
#25 [internal function]: ElementorPro\Modules\ThemeBuilder\Classes\Locations_Manager->ElementorPro\Modules\ThemeBuilder\Classes\{closure}()
#26 C:\wamp64\www\celr\wp-content\plugins\elementor\modules\page-templates\module.php(207): call_user_func(Object(Closure))
#27 C:\wamp64\www\celr\wp-content\plugins\elementor\modules\page-templates\templates\header-footer.php(19): Elementor\Modules\PageTemplates\Module->print_content()
#28 C:\wamp64\www\celr\wp-includes\template-loader.php(106): include('C:\\wamp64\\www\\c...')
#29 C:\wamp64\www\celr\wp-blog-header.php(19): require_once('C:\\wamp64\\www\\c...')
#30 C:\wamp64\www\celr\index.php(17): require('C:\\wamp64\\www\\c...')
#31 {main}
  thrown in C:\wamp64\www\celr\wp-content\plugins\custom-plugin-celr\single-product-page\components\vintage-filter.php on line 25

2023-06-23T21:13:45+00:00 CRITICAL Uncaught TypeError: array_filter(): Argument #1 ($array) must be of type array, null given in C:\wamp64\www\celr\wp-content\plugins\custom-plugin-celr\single-product-page\components\vintage-filter.php:29
Stack trace:
#0 C:\wamp64\www\celr\wp-content\plugins\custom-plugin-celr\single-product-page\components\vintage-filter.php(29): array_filter(NULL, Object(Closure))
#1 C:\wamp64\www\celr\wp-includes\shortcodes.php(355): year_filter_shortcode('', '', 'year_filter')
#2 [internal function]: do_shortcode_tag(Array)
#3 C:\wamp64\www\celr\wp-includes\shortcodes.php(227): preg_replace_callback('/\\[(\\[?)(year_f...', 'do_shortcode_ta...', '[year_filter]')
#4 C:\wamp64\www\celr\wp-content\plugins\elementor\includes\widgets\shortcode.php(130): do_shortcode('[year_filter]')
#5 C:\wamp64\www\celr\wp-content\plugins\elementor\includes\base\controls-stack.php(2268): Elementor\Widget_Shortcode->render()
#6 C:\wamp64\www\celr\wp-content\plugins\elementor\includes\base\widget-base.php(609): Elementor\Controls_Stack->render_by_mode()
#7 C:\wamp64\www\celr\wp-content\plugins\elementor\includes\base\widget-base.php(750): Elementor\Widget_Base->render_content()
#8 C:\wamp64\www\celr\wp-content\plugins\elementor\includes\base\element-base.php(449): Elementor\Widget_Base->print_content()
#9 C:\wamp64\www\celr\wp-content\plugins\elementor\includes\base\element-base.php(1354): Elementor\Element_Base->print_element()
#10 C:\wamp64\www\celr\wp-content\plugins\elementor\includes\base\element-base.php(449): Elementor\Element_Base->print_content()
#11 C:\wamp64\www\celr\wp-content\plugins\elementor\includes\base\element-base.php(1354): Elementor\Element_Base->print_element()
#12 C:\wamp64\www\celr\wp-content\plugins\elementor\includes\base\element-base.php(449): Elementor\Element_Base->print_content()
#13 C:\wamp64\www\celr\wp-content\plugins\elementor\core\base\document.php(1711): Elementor\Element_Base->print_element()
#14 C:\wamp64\www\celr\wp-content\plugins\elementor-pro\modules\theme-builder\documents\theme-document.php(418): Elementor\Core\Base\Document->print_elements(Array)
#15 C:\wamp64\www\celr\wp-content\plugins\elementor\includes\frontend.php(1179): ElementorPro\Modules\ThemeBuilder\Documents\Theme_Document->print_elements_with_wrapper(Array)
#16 C:\wamp64\www\celr\wp-content\plugins\elementor\core\base\document.php(1155): Elementor\Frontend->get_builder_content(16270, false)
#17 C:\wamp64\www\celr\wp-content\plugins\elementor\modules\library\documents\library-document.php(76): Elementor\Core\Base\Document->get_content(false)
#18 C:\wamp64\www\celr\wp-content\plugins\elementor-pro\modules\theme-builder\documents\theme-document.php(158): Elementor\Modules\Library\Documents\Library_Document->get_content(false)
#19 C:\wamp64\www\celr\wp-content\plugins\elementor-pro\modules\theme-builder\documents\theme-document.php(173): ElementorPro\Modules\ThemeBuilder\Documents\Theme_Document->get_content()
#20 C:\wamp64\www\celr\wp-content\plugins\elementor-pro\modules\theme-builder\documents\single-base.php(93): ElementorPro\Modules\ThemeBuilder\Documents\Theme_Document->print_content()
#21 C:\wamp64\www\celr\wp-content\plugins\elementor-pro\modules\woocommerce\documents\product.php(133): ElementorPro\Modules\ThemeBuilder\Documents\Single_Base->print_content()
#22 C:\wamp64\www\celr\wp-content\plugins\elementor-pro\modules\theme-builder\classes\locations-manager.php(315): ElementorPro\Modules\Woocommerce\Documents\Product->print_content()
#23 C:\wamp64\www\celr\wp-content\plugins\elementor-pro\modules\theme-builder\classes\locations-manager.php(191): ElementorPro\Modules\ThemeBuilder\Classes\Locations_Manager->do_location('single')
#24 [internal function]: ElementorPro\Modules\ThemeBuilder\Classes\Locations_Manager->ElementorPro\Modules\ThemeBuilder\Classes\{closure}()
#25 C:\wamp64\www\celr\wp-content\plugins\elementor\modules\page-templates\module.php(207): call_user_func(Object(Closure))
#26 C:\wamp64\www\celr\wp-content\plugins\elementor\modules\page-templates\templates\header-footer.php(19): Elementor\Modules\PageTemplates\Module->print_content()
#27 C:\wamp64\www\celr\wp-includes\template-loader.php(106): include('C:\\wamp64\\www\\c...')
#28 C:\wamp64\www\celr\wp-blog-header.php(19): require_once('C:\\wamp64\\www\\c...')
#29 C:\wamp64\www\celr\index.php(17): require('C:\\wamp64\\www\\c...')
#30 {main}
  thrown in C:\wamp64\www\celr\wp-content\plugins\custom-plugin-celr\single-product-page\components\vintage-filter.php on line 29

2023-06-23T21:13:50+00:00 CRITICAL Uncaught TypeError: array_filter(): Argument #1 ($array) must be of type array, null given in C:\wamp64\www\celr\wp-content\plugins\custom-plugin-celr\single-product-page\components\vintage-filter.php:29
Stack trace:
#0 C:\wamp64\www\celr\wp-content\plugins\custom-plugin-celr\single-product-page\components\vintage-filter.php(29): array_filter(NULL, Object(Closure))
#1 C:\wamp64\www\celr\wp-includes\shortcodes.php(355): year_filter_shortcode('', '', 'year_filter')
#2 [internal function]: do_shortcode_tag(Array)
#3 C:\wamp64\www\celr\wp-includes\shortcodes.php(227): preg_replace_callback('/\\[(\\[?)(year_f...', 'do_shortcode_ta...', '[year_filter]')
#4 C:\wamp64\www\celr\wp-content\plugins\elementor\includes\widgets\shortcode.php(130): do_shortcode('[year_filter]')
#5 C:\wamp64\www\celr\wp-content\plugins\elementor\includes\base\controls-stack.php(2268): Elementor\Widget_Shortcode->render()
#6 C:\wamp64\www\celr\wp-content\plugins\elementor\includes\base\widget-base.php(609): Elementor\Controls_Stack->render_by_mode()
#7 C:\wamp64\www\celr\wp-content\plugins\elementor\includes\base\widget-base.php(750): Elementor\Widget_Base->render_content()
#8 C:\wamp64\www\celr\wp-content\plugins\elementor\includes\base\element-base.php(449): Elementor\Widget_Base->print_content()
#9 C:\wamp64\www\celr\wp-content\plugins\elementor\includes\base\element-base.php(1354): Elementor\Element_Base->print_element()
#10 C:\wamp64\www\celr\wp-content\plugins\elementor\includes\base\element-base.php(449): Elementor\Element_Base->print_content()
#11 C:\wamp64\www\celr\wp-content\plugins\elementor\includes\base\element-base.php(1354): Elementor\Element_Base->print_element()
#12 C:\wamp64\www\celr\wp-content\plugins\elementor\includes\base\element-base.php(449): Elementor\Element_Base->print_content()
#13 C:\wamp64\www\celr\wp-content\plugins\elementor\core\base\document.php(1711): Elementor\Element_Base->print_element()
#14 C:\wamp64\www\celr\wp-content\plugins\elementor-pro\modules\theme-builder\documents\theme-document.php(418): Elementor\Core\Base\Document->print_elements(Array)
#15 C:\wamp64\www\celr\wp-content\plugins\elementor\includes\frontend.php(1179): ElementorPro\Modules\ThemeBuilder\Documents\Theme_Document->print_elements_with_wrapper(Array)
#16 C:\wamp64\www\celr\wp-content\plugins\elementor\core\base\document.php(1155): Elementor\Frontend->get_builder_content(16270, false)
#17 C:\wamp64\www\celr\wp-content\plugins\elementor\modules\library\documents\library-document.php(76): Elementor\Core\Base\Document->get_content(false)
#18 C:\wamp64\www\celr\wp-content\plugins\elementor-pro\modules\theme-builder\documents\theme-document.php(158): Elementor\Modules\Library\Documents\Library_Document->get_content(false)
#19 C:\wamp64\www\celr\wp-content\plugins\elementor-pro\modules\theme-builder\documents\theme-document.php(173): ElementorPro\Modules\ThemeBuilder\Documents\Theme_Document->get_content()
#20 C:\wamp64\www\celr\wp-content\plugins\elementor-pro\modules\theme-builder\documents\single-base.php(93): ElementorPro\Modules\ThemeBuilder\Documents\Theme_Document->print_content()
#21 C:\wamp64\www\celr\wp-content\plugins\elementor-pro\modules\woocommerce\documents\product.php(133): ElementorPro\Modules\ThemeBuilder\Documents\Single_Base->print_content()
#22 C:\wamp64\www\celr\wp-content\plugins\elementor-pro\modules\theme-builder\classes\locations-manager.php(315): ElementorPro\Modules\Woocommerce\Documents\Product->print_content()
#23 C:\wamp64\www\celr\wp-content\plugins\elementor-pro\modules\theme-builder\classes\locations-manager.php(191): ElementorPro\Modules\ThemeBuilder\Classes\Locations_Manager->do_location('single')
#24 [internal function]: ElementorPro\Modules\ThemeBuilder\Classes\Locations_Manager->ElementorPro\Modules\ThemeBuilder\Classes\{closure}()
#25 C:\wamp64\www\celr\wp-content\plugins\elementor\modules\page-templates\module.php(207): call_user_func(Object(Closure))
#26 C:\wamp64\www\celr\wp-content\plugins\elementor\modules\page-templates\templates\header-footer.php(19): Elementor\Modules\PageTemplates\Module->print_content()
#27 C:\wamp64\www\celr\wp-includes\template-loader.php(106): include('C:\\wamp64\\www\\c...')
#28 C:\wamp64\www\celr\wp-blog-header.php(19): require_once('C:\\wamp64\\www\\c...')
#29 C:\wamp64\www\celr\index.php(17): require('C:\\wamp64\\www\\c...')
#30 {main}
  thrown in C:\wamp64\www\celr\wp-content\plugins\custom-plugin-celr\single-product-page\components\vintage-filter.php on line 29

2023-06-23T21:14:18+00:00 CRITICAL Uncaught TypeError: array_filter(): Argument #1 ($array) must be of type array, null given in C:\wamp64\www\celr\wp-content\plugins\custom-plugin-celr\single-product-page\components\vintage-filter.php:29
Stack trace:
#0 C:\wamp64\www\celr\wp-content\plugins\custom-plugin-celr\single-product-page\components\vintage-filter.php(29): array_filter(NULL, Object(Closure))
#1 C:\wamp64\www\celr\wp-includes\shortcodes.php(355): year_filter_shortcode('', '', 'year_filter')
#2 [internal function]: do_shortcode_tag(Array)
#3 C:\wamp64\www\celr\wp-includes\shortcodes.php(227): preg_replace_callback('/\\[(\\[?)(year_f...', 'do_shortcode_ta...', '[year_filter]')
#4 C:\wamp64\www\celr\wp-content\plugins\elementor\includes\widgets\shortcode.php(130): do_shortcode('[year_filter]')
#5 C:\wamp64\www\celr\wp-content\plugins\elementor\includes\base\controls-stack.php(2268): Elementor\Widget_Shortcode->render()
#6 C:\wamp64\www\celr\wp-content\plugins\elementor\includes\base\widget-base.php(609): Elementor\Controls_Stack->render_by_mode()
#7 C:\wamp64\www\celr\wp-content\plugins\elementor\includes\base\widget-base.php(750): Elementor\Widget_Base->render_content()
#8 C:\wamp64\www\celr\wp-content\plugins\elementor\includes\base\element-base.php(449): Elementor\Widget_Base->print_content()
#9 C:\wamp64\www\celr\wp-content\plugins\elementor\includes\base\element-base.php(1354): Elementor\Element_Base->print_element()
#10 C:\wamp64\www\celr\wp-content\plugins\elementor\includes\base\element-base.php(449): Elementor\Element_Base->print_content()
#11 C:\wamp64\www\celr\wp-content\plugins\elementor\includes\base\element-base.php(1354): Elementor\Element_Base->print_element()
#12 C:\wamp64\www\celr\wp-content\plugins\elementor\includes\base\element-base.php(449): Elementor\Element_Base->print_content()
#13 C:\wamp64\www\celr\wp-content\plugins\elementor\core\base\document.php(1711): Elementor\Element_Base->print_element()
#14 C:\wamp64\www\celr\wp-content\plugins\elementor-pro\modules\theme-builder\documents\theme-document.php(418): Elementor\Core\Base\Document->print_elements(Array)
#15 C:\wamp64\www\celr\wp-content\plugins\elementor\includes\frontend.php(1179): ElementorPro\Modules\ThemeBuilder\Documents\Theme_Document->print_elements_with_wrapper(Array)
#16 C:\wamp64\www\celr\wp-content\plugins\elementor\core\base\document.php(1155): Elementor\Frontend->get_builder_content(16270, false)
#17 C:\wamp64\www\celr\wp-content\plugins\elementor\modules\library\documents\library-document.php(76): Elementor\Core\Base\Document->get_content(false)
#18 C:\wamp64\www\celr\wp-content\plugins\elementor-pro\modules\theme-builder\documents\theme-document.php(158): Elementor\Modules\Library\Documents\Library_Document->get_content(false)
#19 C:\wamp64\www\celr\wp-content\plugins\elementor-pro\modules\theme-builder\documents\theme-document.php(173): ElementorPro\Modules\ThemeBuilder\Documents\Theme_Document->get_content()
#20 C:\wamp64\www\celr\wp-content\plugins\elementor-pro\modules\theme-builder\documents\single-base.php(93): ElementorPro\Modules\ThemeBuilder\Documents\Theme_Document->print_content()
#21 C:\wamp64\www\celr\wp-content\plugins\elementor-pro\modules\woocommerce\documents\product.php(133): ElementorPro\Modules\ThemeBuilder\Documents\Single_Base->print_content()
#22 C:\wamp64\www\celr\wp-content\plugins\elementor-pro\modules\theme-builder\classes\locations-manager.php(315): ElementorPro\Modules\Woocommerce\Documents\Product->print_content()
#23 C:\wamp64\www\celr\wp-content\plugins\elementor-pro\modules\theme-builder\classes\locations-manager.php(191): ElementorPro\Modules\ThemeBuilder\Classes\Locations_Manager->do_location('single')
#24 [internal function]: ElementorPro\Modules\ThemeBuilder\Classes\Locations_Manager->ElementorPro\Modules\ThemeBuilder\Classes\{closure}()
#25 C:\wamp64\www\celr\wp-content\plugins\elementor\modules\page-templates\module.php(207): call_user_func(Object(Closure))
#26 C:\wamp64\www\celr\wp-content\plugins\elementor\modules\page-templates\templates\header-footer.php(19): Elementor\Modules\PageTemplates\Module->print_content()
#27 C:\wamp64\www\celr\wp-includes\template-loader.php(106): include('C:\\wamp64\\www\\c...')
#28 C:\wamp64\www\celr\wp-blog-header.php(19): require_once('C:\\wamp64\\www\\c...')
#29 C:\wamp64\www\celr\index.php(17): require('C:\\wamp64\\www\\c...')
#30 {main}
  thrown in C:\wamp64\www\celr\wp-content\plugins\custom-plugin-celr\single-product-page\components\vintage-filter.php on line 29

2023-06-23T21:22:16+00:00 CRITICAL Uncaught Error: Call to undefined method WC_Product_Attribute::is_variation() in C:\wamp64\www\celr\wp-content\plugins\custom-plugin-celr\single-product-page\components\vintage-filter.php:24
Stack trace:
#0 C:\wamp64\www\celr\wp-includes\shortcodes.php(355): year_filter_shortcode('', '', 'year_filter')
#1 [internal function]: do_shortcode_tag(Array)
#2 C:\wamp64\www\celr\wp-includes\shortcodes.php(227): preg_replace_callback('/\\[(\\[?)(year_f...', 'do_shortcode_ta...', '[year_filter]')
#3 C:\wamp64\www\celr\wp-content\plugins\elementor\includes\widgets\shortcode.php(130): do_shortcode('[year_filter]')
#4 C:\wamp64\www\celr\wp-content\plugins\elementor\includes\base\controls-stack.php(2268): Elementor\Widget_Shortcode->render()
#5 C:\wamp64\www\celr\wp-content\plugins\elementor\includes\base\widget-base.php(609): Elementor\Controls_Stack->render_by_mode()
#6 C:\wamp64\www\celr\wp-content\plugins\elementor\includes\base\widget-base.php(750): Elementor\Widget_Base->render_content()
#7 C:\wamp64\www\celr\wp-content\plugins\elementor\includes\base\element-base.php(449): Elementor\Widget_Base->print_content()
#8 C:\wamp64\www\celr\wp-content\plugins\elementor\includes\base\element-base.php(1354): Elementor\Element_Base->print_element()
#9 C:\wamp64\www\celr\wp-content\plugins\elementor\includes\base\element-base.php(449): Elementor\Element_Base->print_content()
#10 C:\wamp64\www\celr\wp-content\plugins\elementor\includes\base\element-base.php(1354): Elementor\Element_Base->print_element()
#11 C:\wamp64\www\celr\wp-content\plugins\elementor\includes\base\element-base.php(449): Elementor\Element_Base->print_content()
#12 C:\wamp64\www\celr\wp-content\plugins\elementor\core\base\document.php(1711): Elementor\Element_Base->print_element()
#13 C:\wamp64\www\celr\wp-content\plugins\elementor-pro\modules\theme-builder\documents\theme-document.php(418): Elementor\Core\Base\Document->print_elements(Array)
#14 C:\wamp64\www\celr\wp-content\plugins\elementor\includes\frontend.php(1179): ElementorPro\Modules\ThemeBuilder\Documents\Theme_Document->print_elements_with_wrapper(Array)
#15 C:\wamp64\www\celr\wp-content\plugins\elementor\core\base\document.php(1155): Elementor\Frontend->get_builder_content(16270, false)
#16 C:\wamp64\www\celr\wp-content\plugins\elementor\modules\library\documents\library-document.php(76): Elementor\Core\Base\Document->get_content(false)
#17 C:\wamp64\www\celr\wp-content\plugins\elementor-pro\modules\theme-builder\documents\theme-document.php(158): Elementor\Modules\Library\Documents\Library_Document->get_content(false)
#18 C:\wamp64\www\celr\wp-content\plugins\elementor-pro\modules\theme-builder\documents\theme-document.php(173): ElementorPro\Modules\ThemeBuilder\Documents\Theme_Document->get_content()
#19 C:\wamp64\www\celr\wp-content\plugins\elementor-pro\modules\theme-builder\documents\single-base.php(93): ElementorPro\Modules\ThemeBuilder\Documents\Theme_Document->print_content()
#20 C:\wamp64\www\celr\wp-content\plugins\elementor-pro\modules\woocommerce\documents\product.php(133): ElementorPro\Modules\ThemeBuilder\Documents\Single_Base->print_content()
#21 C:\wamp64\www\celr\wp-content\plugins\elementor-pro\modules\theme-builder\classes\locations-manager.php(315): ElementorPro\Modules\Woocommerce\Documents\Product->print_content()
#22 C:\wamp64\www\celr\wp-content\plugins\elementor-pro\modules\theme-builder\classes\locations-manager.php(191): ElementorPro\Modules\ThemeBuilder\Classes\Locations_Manager->do_location('single')
#23 [internal function]: ElementorPro\Modules\ThemeBuilder\Classes\Locations_Manager->ElementorPro\Modules\ThemeBuilder\Classes\{closure}()
#24 C:\wamp64\www\celr\wp-content\plugins\elementor\modules\page-templates\module.php(207): call_user_func(Object(Closure))
#25 C:\wamp64\www\celr\wp-content\plugins\elementor\modules\page-templates\templates\header-footer.php(19): Elementor\Modules\PageTemplates\Module->print_content()
#26 C:\wamp64\www\celr\wp-includes\template-loader.php(106): include('C:\\wamp64\\www\\c...')
#27 C:\wamp64\www\celr\wp-blog-header.php(19): require_once('C:\\wamp64\\www\\c...')
#28 C:\wamp64\www\celr\index.php(17): require('C:\\wamp64\\www\\c...')
#29 {main}
  thrown in C:\wamp64\www\celr\wp-content\plugins\custom-plugin-celr\single-product-page\components\vintage-filter.php on line 24

2023-06-23T21:22:41+00:00 CRITICAL Uncaught Error: Call to undefined method WC_Product_Attribute::is_variation() in C:\wamp64\www\celr\wp-content\plugins\custom-plugin-celr\single-product-page\components\vintage-filter.php:24
Stack trace:
#0 C:\wamp64\www\celr\wp-includes\shortcodes.php(355): year_filter_shortcode('', '', 'year_filter')
#1 [internal function]: do_shortcode_tag(Array)
#2 C:\wamp64\www\celr\wp-includes\shortcodes.php(227): preg_replace_callback('/\\[(\\[?)(year_f...', 'do_shortcode_ta...', '[year_filter]')
#3 C:\wamp64\www\celr\wp-content\plugins\elementor\includes\widgets\shortcode.php(130): do_shortcode('[year_filter]')
#4 C:\wamp64\www\celr\wp-content\plugins\elementor\includes\base\controls-stack.php(2268): Elementor\Widget_Shortcode->render()
#5 C:\wamp64\www\celr\wp-content\plugins\elementor\includes\base\widget-base.php(609): Elementor\Controls_Stack->render_by_mode()
#6 C:\wamp64\www\celr\wp-content\plugins\elementor\includes\base\widget-base.php(750): Elementor\Widget_Base->render_content()
#7 C:\wamp64\www\celr\wp-content\plugins\elementor\includes\base\element-base.php(449): Elementor\Widget_Base->print_content()
#8 C:\wamp64\www\celr\wp-content\plugins\elementor\includes\base\element-base.php(1354): Elementor\Element_Base->print_element()
#9 C:\wamp64\www\celr\wp-content\plugins\elementor\includes\base\element-base.php(449): Elementor\Element_Base->print_content()
#10 C:\wamp64\www\celr\wp-content\plugins\elementor\includes\base\element-base.php(1354): Elementor\Element_Base->print_element()
#11 C:\wamp64\www\celr\wp-content\plugins\elementor\includes\base\element-base.php(449): Elementor\Element_Base->print_content()
#12 C:\wamp64\www\celr\wp-content\plugins\elementor\core\base\document.php(1711): Elementor\Element_Base->print_element()
#13 C:\wamp64\www\celr\wp-content\plugins\elementor-pro\modules\theme-builder\documents\theme-document.php(418): Elementor\Core\Base\Document->print_elements(Array)
#14 C:\wamp64\www\celr\wp-content\plugins\elementor\includes\frontend.php(1179): ElementorPro\Modules\ThemeBuilder\Documents\Theme_Document->print_elements_with_wrapper(Array)
#15 C:\wamp64\www\celr\wp-content\plugins\elementor\core\base\document.php(1155): Elementor\Frontend->get_builder_content(16270, false)
#16 C:\wamp64\www\celr\wp-content\plugins\elementor\modules\library\documents\library-document.php(76): Elementor\Core\Base\Document->get_content(false)
#17 C:\wamp64\www\celr\wp-content\plugins\elementor-pro\modules\theme-builder\documents\theme-document.php(158): Elementor\Modules\Library\Documents\Library_Document->get_content(false)
#18 C:\wamp64\www\celr\wp-content\plugins\elementor-pro\modules\theme-builder\documents\theme-document.php(173): ElementorPro\Modules\ThemeBuilder\Documents\Theme_Document->get_content()
#19 C:\wamp64\www\celr\wp-content\plugins\elementor-pro\modules\theme-builder\documents\single-base.php(93): ElementorPro\Modules\ThemeBuilder\Documents\Theme_Document->print_content()
#20 C:\wamp64\www\celr\wp-content\plugins\elementor-pro\modules\woocommerce\documents\product.php(133): ElementorPro\Modules\ThemeBuilder\Documents\Single_Base->print_content()
#21 C:\wamp64\www\celr\wp-content\plugins\elementor-pro\modules\theme-builder\classes\locations-manager.php(315): ElementorPro\Modules\Woocommerce\Documents\Product->print_content()
#22 C:\wamp64\www\celr\wp-content\plugins\elementor-pro\modules\theme-builder\classes\locations-manager.php(191): ElementorPro\Modules\ThemeBuilder\Classes\Locations_Manager->do_location('single')
#23 [internal function]: ElementorPro\Modules\ThemeBuilder\Classes\Locations_Manager->ElementorPro\Modules\ThemeBuilder\Classes\{closure}()
#24 C:\wamp64\www\celr\wp-content\plugins\elementor\modules\page-templates\module.php(207): call_user_func(Object(Closure))
#25 C:\wamp64\www\celr\wp-content\plugins\elementor\modules\page-templates\templates\header-footer.php(19): Elementor\Modules\PageTemplates\Module->print_content()
#26 C:\wamp64\www\celr\wp-includes\template-loader.php(106): include('C:\\wamp64\\www\\c...')
#27 C:\wamp64\www\celr\wp-blog-header.php(19): require_once('C:\\wamp64\\www\\c...')
#28 C:\wamp64\www\celr\index.php(17): require('C:\\wamp64\\www\\c...')
#29 {main}
  thrown in C:\wamp64\www\celr\wp-content\plugins\custom-plugin-celr\single-product-page\components\vintage-filter.php on line 24

2023-06-23T21:37:08+00:00 CRITICAL Uncaught Error: Cannot use object of type WP_Post as array in C:\wamp64\www\celr\wp-content\plugins\custom-plugin-celr\single-product-page\components\vintage-filter.php:57
Stack trace:
#0 C:\wamp64\www\celr\wp-includes\shortcodes.php(355): year_filter_shortcode('', '', 'year_filter')
#1 [internal function]: do_shortcode_tag(Array)
#2 C:\wamp64\www\celr\wp-includes\shortcodes.php(227): preg_replace_callback('/\\[(\\[?)(year_f...', 'do_shortcode_ta...', '[year_filter]')
#3 C:\wamp64\www\celr\wp-content\plugins\elementor\includes\widgets\shortcode.php(130): do_shortcode('[year_filter]')
#4 C:\wamp64\www\celr\wp-content\plugins\elementor\includes\base\controls-stack.php(2268): Elementor\Widget_Shortcode->render()
#5 C:\wamp64\www\celr\wp-content\plugins\elementor\includes\base\widget-base.php(609): Elementor\Controls_Stack->render_by_mode()
#6 C:\wamp64\www\celr\wp-content\plugins\elementor\includes\base\widget-base.php(750): Elementor\Widget_Base->render_content()
#7 C:\wamp64\www\celr\wp-content\plugins\elementor\includes\base\element-base.php(449): Elementor\Widget_Base->print_content()
#8 C:\wamp64\www\celr\wp-content\plugins\elementor\includes\base\element-base.php(1354): Elementor\Element_Base->print_element()
#9 C:\wamp64\www\celr\wp-content\plugins\elementor\includes\base\element-base.php(449): Elementor\Element_Base->print_content()
#10 C:\wamp64\www\celr\wp-content\plugins\elementor\includes\base\element-base.php(1354): Elementor\Element_Base->print_element()
#11 C:\wamp64\www\celr\wp-content\plugins\elementor\includes\base\element-base.php(449): Elementor\Element_Base->print_content()
#12 C:\wamp64\www\celr\wp-content\plugins\elementor\core\base\document.php(1711): Elementor\Element_Base->print_element()
#13 C:\wamp64\www\celr\wp-content\plugins\elementor-pro\modules\theme-builder\documents\theme-document.php(418): Elementor\Core\Base\Document->print_elements(Array)
#14 C:\wamp64\www\celr\wp-content\plugins\elementor\includes\frontend.php(1179): ElementorPro\Modules\ThemeBuilder\Documents\Theme_Document->print_elements_with_wrapper(Array)
#15 C:\wamp64\www\celr\wp-content\plugins\elementor\core\base\document.php(1155): Elementor\Frontend->get_builder_content(16270, false)
#16 C:\wamp64\www\celr\wp-content\plugins\elementor\modules\library\documents\library-document.php(76): Elementor\Core\Base\Document->get_content(false)
#17 C:\wamp64\www\celr\wp-content\plugins\elementor-pro\modules\theme-builder\documents\theme-document.php(158): Elementor\Modules\Library\Documents\Library_Document->get_content(false)
#18 C:\wamp64\www\celr\wp-content\plugins\elementor-pro\modules\theme-builder\documents\theme-document.php(173): ElementorPro\Modules\ThemeBuilder\Documents\Theme_Document->get_content()
#19 C:\wamp64\www\celr\wp-content\plugins\elementor-pro\modules\theme-builder\documents\single-base.php(93): ElementorPro\Modules\ThemeBuilder\Documents\Theme_Document->print_content()
#20 C:\wamp64\www\celr\wp-content\plugins\elementor-pro\modules\woocommerce\documents\product.php(133): ElementorPro\Modules\ThemeBuilder\Documents\Single_Base->print_content()
#21 C:\wamp64\www\celr\wp-content\plugins\elementor-pro\modules\theme-builder\classes\locations-manager.php(315): ElementorPro\Modules\Woocommerce\Documents\Product->print_content()
#22 C:\wamp64\www\celr\wp-content\plugins\elementor-pro\modules\theme-builder\classes\locations-manager.php(191): ElementorPro\Modules\ThemeBuilder\Classes\Locations_Manager->do_location('single')
#23 [internal function]: ElementorPro\Modules\ThemeBuilder\Classes\Locations_Manager->ElementorPro\Modules\ThemeBuilder\Classes\{closure}()
#24 C:\wamp64\www\celr\wp-content\plugins\elementor\modules\page-templates\module.php(207): call_user_func(Object(Closure))
#25 C:\wamp64\www\celr\wp-content\plugins\elementor\modules\page-templates\templates\header-footer.php(19): Elementor\Modules\PageTemplates\Module->print_content()
#26 C:\wamp64\www\celr\wp-includes\template-loader.php(106): include('C:\\wamp64\\www\\c...')
#27 C:\wamp64\www\celr\wp-blog-header.php(19): require_once('C:\\wamp64\\www\\c...')
#28 C:\wamp64\www\celr\index.php(17): require('C:\\wamp64\\www\\c...')
#29 {main}
  thrown in C:\wamp64\www\celr\wp-content\plugins\custom-plugin-celr\single-product-page\components\vintage-filter.php on line 57

2023-06-23T21:39:37+00:00 CRITICAL Uncaught TypeError: Cannot access offset of type string on string in C:\wamp64\www\celr\wp-content\plugins\custom-plugin-celr\single-product-page\components\vintage-filter.php:31
Stack trace:
#0 [internal function]: {closure}('1298298123981')
#1 C:\wamp64\www\celr\wp-content\plugins\custom-plugin-celr\single-product-page\components\vintage-filter.php(33): array_filter(Array, Object(Closure))
#2 C:\wamp64\www\celr\wp-includes\shortcodes.php(355): year_filter_shortcode('', '', 'year_filter')
#3 [internal function]: do_shortcode_tag(Array)
#4 C:\wamp64\www\celr\wp-includes\shortcodes.php(227): preg_replace_callback('/\\[(\\[?)(year_f...', 'do_shortcode_ta...', '[year_filter]')
#5 C:\wamp64\www\celr\wp-content\plugins\elementor\includes\widgets\shortcode.php(130): do_shortcode('[year_filter]')
#6 C:\wamp64\www\celr\wp-content\plugins\elementor\includes\base\controls-stack.php(2268): Elementor\Widget_Shortcode->render()
#7 C:\wamp64\www\celr\wp-content\plugins\elementor\includes\base\widget-base.php(609): Elementor\Controls_Stack->render_by_mode()
#8 C:\wamp64\www\celr\wp-content\plugins\elementor\includes\base\widget-base.php(750): Elementor\Widget_Base->render_content()
#9 C:\wamp64\www\celr\wp-content\plugins\elementor\includes\base\element-base.php(449): Elementor\Widget_Base->print_content()
#10 C:\wamp64\www\celr\wp-content\plugins\elementor\includes\base\element-base.php(1354): Elementor\Element_Base->print_element()
#11 C:\wamp64\www\celr\wp-content\plugins\elementor\includes\base\element-base.php(449): Elementor\Element_Base->print_content()
#12 C:\wamp64\www\celr\wp-content\plugins\elementor\includes\base\element-base.php(1354): Elementor\Element_Base->print_element()
#13 C:\wamp64\www\celr\wp-content\plugins\elementor\includes\base\element-base.php(449): Elementor\Element_Base->print_content()
#14 C:\wamp64\www\celr\wp-content\plugins\elementor\core\base\document.php(1711): Elementor\Element_Base->print_element()
#15 C:\wamp64\www\celr\wp-content\plugins\elementor-pro\modules\theme-builder\documents\theme-document.php(418): Elementor\Core\Base\Document->print_elements(Array)
#16 C:\wamp64\www\celr\wp-content\plugins\elementor\includes\frontend.php(1179): ElementorPro\Modules\ThemeBuilder\Documents\Theme_Document->print_elements_with_wrapper(Array)
#17 C:\wamp64\www\celr\wp-content\plugins\elementor\core\base\document.php(1155): Elementor\Frontend->get_builder_content(16270, false)
#18 C:\wamp64\www\celr\wp-content\plugins\elementor\modules\library\documents\library-document.php(76): Elementor\Core\Base\Document->get_content(false)
#19 C:\wamp64\www\celr\wp-content\plugins\elementor-pro\modules\theme-builder\documents\theme-document.php(158): Elementor\Modules\Library\Documents\Library_Document->get_content(false)
#20 C:\wamp64\www\celr\wp-content\plugins\elementor-pro\modules\theme-builder\documents\theme-document.php(173): ElementorPro\Modules\ThemeBuilder\Documents\Theme_Document->get_content()
#21 C:\wamp64\www\celr\wp-content\plugins\elementor-pro\modules\theme-builder\documents\single-base.php(93): ElementorPro\Modules\ThemeBuilder\Documents\Theme_Document->print_content()
#22 C:\wamp64\www\celr\wp-content\plugins\elementor-pro\modules\woocommerce\documents\product.php(133): ElementorPro\Modules\ThemeBuilder\Documents\Single_Base->print_content()
#23 C:\wamp64\www\celr\wp-content\plugins\elementor-pro\modules\theme-builder\classes\locations-manager.php(315): ElementorPro\Modules\Woocommerce\Documents\Product->print_content()
#24 C:\wamp64\www\celr\wp-content\plugins\elementor-pro\modules\theme-builder\classes\locations-manager.php(191): ElementorPro\Modules\ThemeBuilder\Classes\Locations_Manager->do_location('single')
#25 [internal function]: ElementorPro\Modules\ThemeBuilder\Classes\Locations_Manager->ElementorPro\Modules\ThemeBuilder\Classes\{closure}()
#26 C:\wamp64\www\celr\wp-content\plugins\elementor\modules\page-templates\module.php(207): call_user_func(Object(Closure))
#27 C:\wamp64\www\celr\wp-content\plugins\elementor\modules\page-templates\templates\header-footer.php(19): Elementor\Modules\PageTemplates\Module->print_content()
#28 C:\wamp64\www\celr\wp-includes\template-loader.php(106): include('C:\\wamp64\\www\\c...')
#29 C:\wamp64\www\celr\wp-blog-header.php(19): require_once('C:\\wamp64\\www\\c...')
#30 C:\wamp64\www\celr\index.php(17): require('C:\\wamp64\\www\\c...')
#31 {main}
  thrown in C:\wamp64\www\celr\wp-content\plugins\custom-plugin-celr\single-product-page\components\vintage-filter.php on line 31

2023-06-23T22:17:03+00:00 CRITICAL Uncaught Error: Cannot use object of type WC_Product_Variable as array in C:\wamp64\www\celr\wp-content\plugins\custom-plugin-celr\single-product-page\components\vintage-filter.php:27
Stack trace:
#0 C:\wamp64\www\celr\wp-includes\shortcodes.php(355): year_filter_shortcode('', '', 'year_filter')
#1 [internal function]: do_shortcode_tag(Array)
#2 C:\wamp64\www\celr\wp-includes\shortcodes.php(227): preg_replace_callback('/\\[(\\[?)(year_f...', 'do_shortcode_ta...', '[year_filter]')
#3 C:\wamp64\www\celr\wp-content\plugins\elementor\includes\widgets\shortcode.php(130): do_shortcode('[year_filter]')
#4 C:\wamp64\www\celr\wp-content\plugins\elementor\includes\base\controls-stack.php(2268): Elementor\Widget_Shortcode->render()
#5 C:\wamp64\www\celr\wp-content\plugins\elementor\includes\base\widget-base.php(609): Elementor\Controls_Stack->render_by_mode()
#6 C:\wamp64\www\celr\wp-content\plugins\elementor\includes\base\widget-base.php(750): Elementor\Widget_Base->render_content()
#7 C:\wamp64\www\celr\wp-content\plugins\elementor\includes\base\element-base.php(449): Elementor\Widget_Base->print_content()
#8 C:\wamp64\www\celr\wp-content\plugins\elementor\includes\base\element-base.php(1354): Elementor\Element_Base->print_element()
#9 C:\wamp64\www\celr\wp-content\plugins\elementor\includes\base\element-base.php(449): Elementor\Element_Base->print_content()
#10 C:\wamp64\www\celr\wp-content\plugins\elementor\includes\base\element-base.php(1354): Elementor\Element_Base->print_element()
#11 C:\wamp64\www\celr\wp-content\plugins\elementor\includes\base\element-base.php(449): Elementor\Element_Base->print_content()
#12 C:\wamp64\www\celr\wp-content\plugins\elementor\core\base\document.php(1711): Elementor\Element_Base->print_element()
#13 C:\wamp64\www\celr\wp-content\plugins\elementor-pro\modules\theme-builder\documents\theme-document.php(418): Elementor\Core\Base\Document->print_elements(Array)
#14 C:\wamp64\www\celr\wp-content\plugins\elementor\includes\frontend.php(1179): ElementorPro\Modules\ThemeBuilder\Documents\Theme_Document->print_elements_with_wrapper(Array)
#15 C:\wamp64\www\celr\wp-content\plugins\elementor\core\base\document.php(1155): Elementor\Frontend->get_builder_content(16270, false)
#16 C:\wamp64\www\celr\wp-content\plugins\elementor\modules\library\documents\library-document.php(76): Elementor\Core\Base\Document->get_content(false)
#17 C:\wamp64\www\celr\wp-content\plugins\elementor-pro\modules\theme-builder\documents\theme-document.php(158): Elementor\Modules\Library\Documents\Library_Document->get_content(false)
#18 C:\wamp64\www\celr\wp-content\plugins\elementor-pro\modules\theme-builder\documents\theme-document.php(173): ElementorPro\Modules\ThemeBuilder\Documents\Theme_Document->get_content()
#19 C:\wamp64\www\celr\wp-content\plugins\elementor-pro\modules\theme-builder\documents\single-base.php(93): ElementorPro\Modules\ThemeBuilder\Documents\Theme_Document->print_content()
#20 C:\wamp64\www\celr\wp-content\plugins\elementor-pro\modules\woocommerce\documents\product.php(133): ElementorPro\Modules\ThemeBuilder\Documents\Single_Base->print_content()
#21 C:\wamp64\www\celr\wp-content\plugins\elementor-pro\modules\theme-builder\classes\locations-manager.php(315): ElementorPro\Modules\Woocommerce\Documents\Product->print_content()
#22 C:\wamp64\www\celr\wp-content\plugins\elementor-pro\modules\theme-builder\classes\locations-manager.php(191): ElementorPro\Modules\ThemeBuilder\Classes\Locations_Manager->do_location('single')
#23 [internal function]: ElementorPro\Modules\ThemeBuilder\Classes\Locations_Manager->ElementorPro\Modules\ThemeBuilder\Classes\{closure}()
#24 C:\wamp64\www\celr\wp-content\plugins\elementor\modules\page-templates\module.php(207): call_user_func(Object(Closure))
#25 C:\wamp64\www\celr\wp-content\plugins\elementor\modules\page-templates\templates\header-footer.php(19): Elementor\Modules\PageTemplates\Module->print_content()
#26 C:\wamp64\www\celr\wp-includes\template-loader.php(106): include('C:\\wamp64\\www\\c...')
#27 C:\wamp64\www\celr\wp-blog-header.php(19): require_once('C:\\wamp64\\www\\c...')
#28 C:\wamp64\www\celr\index.php(17): require('C:\\wamp64\\www\\c...')
#29 {main}
  thrown in C:\wamp64\www\celr\wp-content\plugins\custom-plugin-celr\single-product-page\components\vintage-filter.php on line 27

2023-06-23T22:19:04+00:00 CRITICAL Uncaught TypeError: reset(): Argument #1 ($array) must be of type array, null given in C:\wamp64\www\celr\wp-content\plugins\custom-plugin-celr\single-product-page\components\display-market-price.php:24
Stack trace:
#0 C:\wamp64\www\celr\wp-content\plugins\custom-plugin-celr\single-product-page\components\display-market-price.php(24): reset(NULL)
#1 C:\wamp64\www\celr\wp-includes\shortcodes.php(355): display_market_lowerest_price(Array, '', 'display_market_...')
#2 [internal function]: do_shortcode_tag(Array)
#3 C:\wamp64\www\celr\wp-includes\shortcodes.php(227): preg_replace_callback('/\\[(\\[?)(displa...', 'do_shortcode_ta...', '[display_market...')
#4 C:\wamp64\www\celr\wp-content\plugins\elementor\includes\widgets\shortcode.php(130): do_shortcode('[display_market...')
#5 C:\wamp64\www\celr\wp-content\plugins\elementor\includes\base\controls-stack.php(2268): Elementor\Widget_Shortcode->render()
#6 C:\wamp64\www\celr\wp-content\plugins\elementor\includes\base\widget-base.php(609): Elementor\Controls_Stack->render_by_mode()
#7 C:\wamp64\www\celr\wp-content\plugins\elementor\includes\base\widget-base.php(750): Elementor\Widget_Base->render_content()
#8 C:\wamp64\www\celr\wp-content\plugins\elementor\includes\base\element-base.php(449): Elementor\Widget_Base->print_content()
#9 C:\wamp64\www\celr\wp-content\plugins\elementor\includes\base\element-base.php(1354): Elementor\Element_Base->print_element()
#10 C:\wamp64\www\celr\wp-content\plugins\elementor\includes\base\element-base.php(449): Elementor\Element_Base->print_content()
#11 C:\wamp64\www\celr\wp-content\plugins\elementor\includes\base\element-base.php(1354): Elementor\Element_Base->print_element()
#12 C:\wamp64\www\celr\wp-content\plugins\elementor\includes\base\element-base.php(449): Elementor\Element_Base->print_content()
#13 C:\wamp64\www\celr\wp-content\plugins\elementor\core\base\document.php(1711): Elementor\Element_Base->print_element()
#14 C:\wamp64\www\celr\wp-content\plugins\elementor-pro\modules\theme-builder\documents\theme-document.php(418): Elementor\Core\Base\Document->print_elements(Array)
#15 C:\wamp64\www\celr\wp-content\plugins\elementor\includes\frontend.php(1179): ElementorPro\Modules\ThemeBuilder\Documents\Theme_Document->print_elements_with_wrapper(Array)
#16 C:\wamp64\www\celr\wp-content\plugins\elementor\core\base\document.php(1155): Elementor\Frontend->get_builder_content(16270, false)
#17 C:\wamp64\www\celr\wp-content\plugins\elementor\modules\library\documents\library-document.php(76): Elementor\Core\Base\Document->get_content(false)
#18 C:\wamp64\www\celr\wp-content\plugins\elementor-pro\modules\theme-builder\documents\theme-document.php(158): Elementor\Modules\Library\Documents\Library_Document->get_content(false)
#19 C:\wamp64\www\celr\wp-content\plugins\elementor-pro\modules\theme-builder\documents\theme-document.php(173): ElementorPro\Modules\ThemeBuilder\Documents\Theme_Document->get_content()
#20 C:\wamp64\www\celr\wp-content\plugins\elementor-pro\modules\theme-builder\documents\single-base.php(93): ElementorPro\Modules\ThemeBuilder\Documents\Theme_Document->print_content()
#21 C:\wamp64\www\celr\wp-content\plugins\elementor-pro\modules\woocommerce\documents\product.php(133): ElementorPro\Modules\ThemeBuilder\Documents\Single_Base->print_content()
#22 C:\wamp64\www\celr\wp-content\plugins\elementor-pro\modules\theme-builder\classes\locations-manager.php(315): ElementorPro\Modules\Woocommerce\Documents\Product->print_content()
#23 C:\wamp64\www\celr\wp-content\plugins\elementor-pro\modules\theme-builder\classes\locations-manager.php(191): ElementorPro\Modules\ThemeBuilder\Classes\Locations_Manager->do_location('single')
#24 [internal function]: ElementorPro\Modules\ThemeBuilder\Classes\Locations_Manager->ElementorPro\Modules\ThemeBuilder\Classes\{closure}()
#25 C:\wamp64\www\celr\wp-content\plugins\elementor\modules\page-templates\module.php(207): call_user_func(Object(Closure))
#26 C:\wamp64\www\celr\wp-content\plugins\elementor\modules\page-templates\templates\header-footer.php(19): Elementor\Modules\PageTemplates\Module->print_content()
#27 C:\wamp64\www\celr\wp-includes\template-loader.php(106): include('C:\\wamp64\\www\\c...')
#28 C:\wamp64\www\celr\wp-blog-header.php(19): require_once('C:\\wamp64\\www\\c...')
#29 C:\wamp64\www\celr\index.php(17): require('C:\\wamp64\\www\\c...')
#30 {main}
  thrown in C:\wamp64\www\celr\wp-content\plugins\custom-plugin-celr\single-product-page\components\display-market-price.php on line 24

2023-06-23T23:06:00+00:00 CRITICAL Uncaught Error: Call to undefined method WC_Product_Variable::get_default_variation_id() in C:\wamp64\www\celr\wp-content\plugins\custom-plugin-celr\single-product-page\components\display-market-price.php:20
Stack trace:
#0 C:\wamp64\www\celr\wp-includes\shortcodes.php(355): display_market_lowerest_price(Array, '', 'display_market_...')
#1 [internal function]: do_shortcode_tag(Array)
#2 C:\wamp64\www\celr\wp-includes\shortcodes.php(227): preg_replace_callback('/\\[(\\[?)(displa...', 'do_shortcode_ta...', '[display_market...')
#3 C:\wamp64\www\celr\wp-content\plugins\elementor\includes\widgets\shortcode.php(130): do_shortcode('[display_market...')
#4 C:\wamp64\www\celr\wp-content\plugins\elementor\includes\base\controls-stack.php(2268): Elementor\Widget_Shortcode->render()
#5 C:\wamp64\www\celr\wp-content\plugins\elementor\includes\base\widget-base.php(609): Elementor\Controls_Stack->render_by_mode()
#6 C:\wamp64\www\celr\wp-content\plugins\elementor\includes\base\widget-base.php(750): Elementor\Widget_Base->render_content()
#7 C:\wamp64\www\celr\wp-content\plugins\elementor\includes\base\element-base.php(449): Elementor\Widget_Base->print_content()
#8 C:\wamp64\www\celr\wp-content\plugins\elementor\includes\base\element-base.php(1354): Elementor\Element_Base->print_element()
#9 C:\wamp64\www\celr\wp-content\plugins\elementor\includes\base\element-base.php(449): Elementor\Element_Base->print_content()
#10 C:\wamp64\www\celr\wp-content\plugins\elementor\includes\base\element-base.php(1354): Elementor\Element_Base->print_element()
#11 C:\wamp64\www\celr\wp-content\plugins\elementor\includes\base\element-base.php(449): Elementor\Element_Base->print_content()
#12 C:\wamp64\www\celr\wp-content\plugins\elementor\core\base\document.php(1711): Elementor\Element_Base->print_element()
#13 C:\wamp64\www\celr\wp-content\plugins\elementor-pro\modules\theme-builder\documents\theme-document.php(418): Elementor\Core\Base\Document->print_elements(Array)
#14 C:\wamp64\www\celr\wp-content\plugins\elementor\includes\frontend.php(1179): ElementorPro\Modules\ThemeBuilder\Documents\Theme_Document->print_elements_with_wrapper(Array)
#15 C:\wamp64\www\celr\wp-content\plugins\elementor\core\base\document.php(1155): Elementor\Frontend->get_builder_content(16270, false)
#16 C:\wamp64\www\celr\wp-content\plugins\elementor\modules\library\documents\library-document.php(76): Elementor\Core\Base\Document->get_content(false)
#17 C:\wamp64\www\celr\wp-content\plugins\elementor-pro\modules\theme-builder\documents\theme-document.php(158): Elementor\Modules\Library\Documents\Library_Document->get_content(false)
#18 C:\wamp64\www\celr\wp-content\plugins\elementor-pro\modules\theme-builder\documents\theme-document.php(173): ElementorPro\Modules\ThemeBuilder\Documents\Theme_Document->get_content()
#19 C:\wamp64\www\celr\wp-content\plugins\elementor-pro\modules\theme-builder\documents\single-base.php(93): ElementorPro\Modules\ThemeBuilder\Documents\Theme_Document->print_content()
#20 C:\wamp64\www\celr\wp-content\plugins\elementor-pro\modules\woocommerce\documents\product.php(133): ElementorPro\Modules\ThemeBuilder\Documents\Single_Base->print_content()
#21 C:\wamp64\www\celr\wp-content\plugins\elementor-pro\modules\theme-builder\classes\locations-manager.php(315): ElementorPro\Modules\Woocommerce\Documents\Product->print_content()
#22 C:\wamp64\www\celr\wp-content\plugins\elementor-pro\modules\theme-builder\classes\locations-manager.php(191): ElementorPro\Modules\ThemeBuilder\Classes\Locations_Manager->do_location('single')
#23 [internal function]: ElementorPro\Modules\ThemeBuilder\Classes\Locations_Manager->ElementorPro\Modules\ThemeBuilder\Classes\{closure}()
#24 C:\wamp64\www\celr\wp-content\plugins\elementor\modules\page-templates\module.php(207): call_user_func(Object(Closure))
#25 C:\wamp64\www\celr\wp-content\plugins\elementor\modules\page-templates\templates\header-footer.php(19): Elementor\Modules\PageTemplates\Module->print_content()
#26 C:\wamp64\www\celr\wp-includes\template-loader.php(106): include('C:\\wamp64\\www\\c...')
#27 C:\wamp64\www\celr\wp-blog-header.php(19): require_once('C:\\wamp64\\www\\c...')
#28 C:\wamp64\www\celr\index.php(17): require('C:\\wamp64\\www\\c...')
#29 {main}
  thrown in C:\wamp64\www\celr\wp-content\plugins\custom-plugin-celr\single-product-page\components\display-market-price.php on line 20

