2023-05-28T18:44:51+00:00 CRITICAL Uncaught Error: Call to a member function get_regular_price() on bool in C:\wamp64\www\celr\wp-content\themes\woodmart\woodmart\functions.php:1310
Stack trace:
#0 C:\wamp64\www\celr\wp-includes\shortcodes.php(355): display_product_attributes(Array, '', 'product_attribu...')
#1 [internal function]: do_shortcode_tag(Array)
#2 C:\wamp64\www\celr\wp-includes\shortcodes.php(227): preg_replace_callback('/\\[(\\[?)(produc...', 'do_shortcode_ta...', '[product_attrib...')
#3 C:\wamp64\www\celr\wp-content\plugins\elementor\includes\widgets\shortcode.php(130): do_shortcode('[product_attrib...')
#4 C:\wamp64\www\celr\wp-content\plugins\elementor\includes\base\controls-stack.php(2268): Elementor\Widget_Shortcode->render()
#5 C:\wamp64\www\celr\wp-content\plugins\elementor\includes\base\widget-base.php(609): Elementor\Controls_Stack->render_by_mode()
#6 C:\wamp64\www\celr\wp-content\plugins\elementor\core\base\document.php(292): Elementor\Widget_Base->render_content()
#7 C:\wamp64\www\celr\wp-content\plugins\elementor-pro\modules\theme-builder\documents\theme-document.php(456): Elementor\Core\Base\Document->render_element(Array)
#8 C:\wamp64\www\celr\wp-content\plugins\elementor\includes\managers\widgets.php(425): ElementorPro\Modules\ThemeBuilder\Documents\Theme_Document->render_element(Array)
#9 [internal function]: Elementor\Widgets_Manager->ajax_render_widget(Array, Object(Elementor\Core\Common\Modules\Ajax\Module))
#10 C:\wamp64\www\celr\wp-content\plugins\elementor\core\common\modules\ajax\module.php(175): call_user_func(Array, Array, Object(Elementor\Core\Common\Modules\Ajax\Module))
#11 C:\wamp64\www\celr\wp-includes\class-wp-hook.php(308): Elementor\Core\Common\Modules\Ajax\Module->handle_ajax_request('')
#12 C:\wamp64\www\celr\wp-includes\class-wp-hook.php(332): WP_Hook->apply_filters('', Array)
#13 C:\wamp64\www\celr\wp-includes\plugin.php(517): WP_Hook->do_action(Array)
#14 C:\wamp64\www\celr\wp-admin\admin-ajax.php(188): do_action('wp_ajax_element...')
#15 {main}
  thrown in C:\wamp64\www\celr\wp-content\themes\woodmart\woodmart\functions.php on line 1310

2023-05-28T18:45:17+00:00 CRITICAL Uncaught Error: Call to a member function get_regular_price() on bool in C:\wamp64\www\celr\wp-content\themes\woodmart\woodmart\functions.php:1310
Stack trace:
#0 C:\wamp64\www\celr\wp-includes\shortcodes.php(355): display_product_attributes(Array, '', 'product_attribu...')
#1 [internal function]: do_shortcode_tag(Array)
#2 C:\wamp64\www\celr\wp-includes\shortcodes.php(227): preg_replace_callback('/\\[(\\[?)(produc...', 'do_shortcode_ta...', '[product_attrib...')
#3 C:\wamp64\www\celr\wp-content\plugins\elementor\includes\widgets\shortcode.php(130): do_shortcode('[product_attrib...')
#4 C:\wamp64\www\celr\wp-content\plugins\elementor\includes\base\controls-stack.php(2268): Elementor\Widget_Shortcode->render()
#5 C:\wamp64\www\celr\wp-content\plugins\elementor\includes\base\widget-base.php(609): Elementor\Controls_Stack->render_by_mode()
#6 C:\wamp64\www\celr\wp-content\plugins\elementor\includes\base\widget-base.php(750): Elementor\Widget_Base->render_content()
#7 C:\wamp64\www\celr\wp-content\plugins\elementor\includes\base\element-base.php(449): Elementor\Widget_Base->print_content()
#8 C:\wamp64\www\celr\wp-content\plugins\elementor\includes\base\element-base.php(1354): Elementor\Element_Base->print_element()
#9 C:\wamp64\www\celr\wp-content\plugins\elementor\includes\base\element-base.php(449): Elementor\Element_Base->print_content()
#10 C:\wamp64\www\celr\wp-content\plugins\elementor\includes\base\element-base.php(1354): Elementor\Element_Base->print_element()
#11 C:\wamp64\www\celr\wp-content\plugins\elementor\includes\base\element-base.php(449): Elementor\Element_Base->print_content()
#12 C:\wamp64\www\celr\wp-content\plugins\elementor\core\base\document.php(1711): Elementor\Element_Base->print_element()
#13 C:\wamp64\www\celr\wp-content\plugins\elementor-pro\modules\theme-builder\documents\theme-document.php(418): Elementor\Core\Base\Document->print_elements(Array)
#14 C:\wamp64\www\celr\wp-content\plugins\elementor\includes\frontend.php(1179): ElementorPro\Modules\ThemeBuilder\Documents\Theme_Document->print_elements_with_wrapper(Array)
#15 C:\wamp64\www\celr\wp-content\plugins\elementor\core\base\document.php(1155): Elementor\Frontend->get_builder_content(16270, false)
#16 C:\wamp64\www\celr\wp-content\plugins\elementor\modules\library\documents\library-document.php(76): Elementor\Core\Base\Document->get_content(false)
#17 C:\wamp64\www\celr\wp-content\plugins\elementor-pro\modules\theme-builder\documents\theme-document.php(158): Elementor\Modules\Library\Documents\Library_Document->get_content(false)
#18 C:\wamp64\www\celr\wp-content\plugins\elementor-pro\modules\theme-builder\documents\theme-document.php(173): ElementorPro\Modules\ThemeBuilder\Documents\Theme_Document->get_content()
#19 C:\wamp64\www\celr\wp-content\plugins\elementor-pro\modules\theme-builder\documents\single-base.php(93): ElementorPro\Modules\ThemeBuilder\Documents\Theme_Document->print_content()
#20 C:\wamp64\www\celr\wp-content\plugins\elementor-pro\modules\woocommerce\documents\product.php(133): ElementorPro\Modules\ThemeBuilder\Documents\Single_Base->print_content()
#21 C:\wamp64\www\celr\wp-content\plugins\elementor-pro\modules\theme-builder\classes\locations-manager.php(315): ElementorPro\Modules\Woocommerce\Documents\Product->print_content()
#22 C:\wamp64\www\celr\wp-content\plugins\elementor-pro\modules\theme-builder\classes\locations-manager.php(191): ElementorPro\Modules\ThemeBuilder\Classes\Locations_Manager->do_location('single')
#23 [internal function]: ElementorPro\Modules\ThemeBuilder\Classes\Locations_Manager->ElementorPro\Modules\ThemeBuilder\Classes\{closure}()
#24 C:\wamp64\www\celr\wp-content\plugins\elementor\modules\page-templates\module.php(207): call_user_func(Object(Closure))
#25 C:\wamp64\www\celr\wp-content\plugins\elementor\modules\page-templates\templates\header-footer.php(19): Elementor\Modules\PageTemplates\Module->print_content()
#26 C:\wamp64\www\celr\wp-includes\template-loader.php(106): include('C:\\wamp64\\www\\c...')
#27 C:\wamp64\www\celr\wp-blog-header.php(19): require_once('C:\\wamp64\\www\\c...')
#28 C:\wamp64\www\celr\index.php(17): require('C:\\wamp64\\www\\c...')
#29 {main}
  thrown in C:\wamp64\www\celr\wp-content\themes\woodmart\woodmart\functions.php on line 1310

2023-05-28T18:46:00+00:00 CRITICAL Uncaught Error: Call to a member function get_regular_price() on bool in C:\wamp64\www\celr\wp-content\themes\woodmart\woodmart\functions.php:1310
Stack trace:
#0 C:\wamp64\www\celr\wp-includes\shortcodes.php(355): display_product_attributes(Array, '', 'product_attribu...')
#1 [internal function]: do_shortcode_tag(Array)
#2 C:\wamp64\www\celr\wp-includes\shortcodes.php(227): preg_replace_callback('/\\[(\\[?)(produc...', 'do_shortcode_ta...', '[product_attrib...')
#3 C:\wamp64\www\celr\wp-content\plugins\elementor\includes\widgets\shortcode.php(130): do_shortcode('[product_attrib...')
#4 C:\wamp64\www\celr\wp-content\plugins\elementor\includes\base\controls-stack.php(2268): Elementor\Widget_Shortcode->render()
#5 C:\wamp64\www\celr\wp-content\plugins\elementor\includes\base\widget-base.php(609): Elementor\Controls_Stack->render_by_mode()
#6 C:\wamp64\www\celr\wp-content\plugins\elementor\core\base\document.php(292): Elementor\Widget_Base->render_content()
#7 C:\wamp64\www\celr\wp-content\plugins\elementor-pro\modules\theme-builder\documents\theme-document.php(456): Elementor\Core\Base\Document->render_element(Array)
#8 C:\wamp64\www\celr\wp-content\plugins\elementor\includes\managers\widgets.php(425): ElementorPro\Modules\ThemeBuilder\Documents\Theme_Document->render_element(Array)
#9 [internal function]: Elementor\Widgets_Manager->ajax_render_widget(Array, Object(Elementor\Core\Common\Modules\Ajax\Module))
#10 C:\wamp64\www\celr\wp-content\plugins\elementor\core\common\modules\ajax\module.php(175): call_user_func(Array, Array, Object(Elementor\Core\Common\Modules\Ajax\Module))
#11 C:\wamp64\www\celr\wp-includes\class-wp-hook.php(308): Elementor\Core\Common\Modules\Ajax\Module->handle_ajax_request('')
#12 C:\wamp64\www\celr\wp-includes\class-wp-hook.php(332): WP_Hook->apply_filters('', Array)
#13 C:\wamp64\www\celr\wp-includes\plugin.php(517): WP_Hook->do_action(Array)
#14 C:\wamp64\www\celr\wp-admin\admin-ajax.php(188): do_action('wp_ajax_element...')
#15 {main}
  thrown in C:\wamp64\www\celr\wp-content\themes\woodmart\woodmart\functions.php on line 1310

2023-05-28T18:59:23+00:00 CRITICAL Uncaught Error: Call to a member function get_regular_price() on bool in C:\wamp64\www\celr\wp-content\themes\woodmart\woodmart\functions.php:1310
Stack trace:
#0 C:\wamp64\www\celr\wp-includes\shortcodes.php(355): display_product_attributes(Array, '', 'product_attribu...')
#1 [internal function]: do_shortcode_tag(Array)
#2 C:\wamp64\www\celr\wp-includes\shortcodes.php(227): preg_replace_callback('/\\[(\\[?)(produc...', 'do_shortcode_ta...', '[product_attrib...')
#3 C:\wamp64\www\celr\wp-content\plugins\elementor\includes\widgets\shortcode.php(130): do_shortcode('[product_attrib...')
#4 C:\wamp64\www\celr\wp-content\plugins\elementor\includes\base\controls-stack.php(2268): Elementor\Widget_Shortcode->render()
#5 C:\wamp64\www\celr\wp-content\plugins\elementor\includes\base\widget-base.php(609): Elementor\Controls_Stack->render_by_mode()
#6 C:\wamp64\www\celr\wp-content\plugins\elementor\includes\base\widget-base.php(750): Elementor\Widget_Base->render_content()
#7 C:\wamp64\www\celr\wp-content\plugins\elementor\includes\base\element-base.php(449): Elementor\Widget_Base->print_content()
#8 C:\wamp64\www\celr\wp-content\plugins\elementor\includes\base\element-base.php(1354): Elementor\Element_Base->print_element()
#9 C:\wamp64\www\celr\wp-content\plugins\elementor\includes\base\element-base.php(449): Elementor\Element_Base->print_content()
#10 C:\wamp64\www\celr\wp-content\plugins\elementor\includes\base\element-base.php(1354): Elementor\Element_Base->print_element()
#11 C:\wamp64\www\celr\wp-content\plugins\elementor\includes\base\element-base.php(449): Elementor\Element_Base->print_content()
#12 C:\wamp64\www\celr\wp-content\plugins\elementor\core\base\document.php(1711): Elementor\Element_Base->print_element()
#13 C:\wamp64\www\celr\wp-content\plugins\elementor-pro\modules\theme-builder\documents\theme-document.php(418): Elementor\Core\Base\Document->print_elements(Array)
#14 C:\wamp64\www\celr\wp-content\plugins\elementor\includes\frontend.php(1179): ElementorPro\Modules\ThemeBuilder\Documents\Theme_Document->print_elements_with_wrapper(Array)
#15 C:\wamp64\www\celr\wp-content\plugins\elementor\core\base\document.php(1155): Elementor\Frontend->get_builder_content(16270, false)
#16 C:\wamp64\www\celr\wp-content\plugins\elementor\modules\library\documents\library-document.php(76): Elementor\Core\Base\Document->get_content(false)
#17 C:\wamp64\www\celr\wp-content\plugins\elementor-pro\modules\theme-builder\documents\theme-document.php(158): Elementor\Modules\Library\Documents\Library_Document->get_content(false)
#18 C:\wamp64\www\celr\wp-content\plugins\elementor-pro\modules\theme-builder\documents\theme-document.php(173): ElementorPro\Modules\ThemeBuilder\Documents\Theme_Document->get_content()
#19 C:\wamp64\www\celr\wp-content\plugins\elementor-pro\modules\theme-builder\documents\single-base.php(93): ElementorPro\Modules\ThemeBuilder\Documents\Theme_Document->print_content()
#20 C:\wamp64\www\celr\wp-content\plugins\elementor-pro\modules\woocommerce\documents\product.php(133): ElementorPro\Modules\ThemeBuilder\Documents\Single_Base->print_content()
#21 C:\wamp64\www\celr\wp-content\plugins\elementor-pro\modules\theme-builder\classes\locations-manager.php(315): ElementorPro\Modules\Woocommerce\Documents\Product->print_content()
#22 C:\wamp64\www\celr\wp-content\plugins\elementor-pro\modules\theme-builder\classes\locations-manager.php(191): ElementorPro\Modules\ThemeBuilder\Classes\Locations_Manager->do_location('single')
#23 [internal function]: ElementorPro\Modules\ThemeBuilder\Classes\Locations_Manager->ElementorPro\Modules\ThemeBuilder\Classes\{closure}()
#24 C:\wamp64\www\celr\wp-content\plugins\elementor\modules\page-templates\module.php(207): call_user_func(Object(Closure))
#25 C:\wamp64\www\celr\wp-content\plugins\elementor\modules\page-templates\templates\header-footer.php(19): Elementor\Modules\PageTemplates\Module->print_content()
#26 C:\wamp64\www\celr\wp-includes\template-loader.php(106): include('C:\\wamp64\\www\\c...')
#27 C:\wamp64\www\celr\wp-blog-header.php(19): require_once('C:\\wamp64\\www\\c...')
#28 C:\wamp64\www\celr\index.php(17): require('C:\\wamp64\\www\\c...')
#29 {main}
  thrown in C:\wamp64\www\celr\wp-content\themes\woodmart\woodmart\functions.php on line 1310

2023-05-28T19:13:32+00:00 CRITICAL Unclosed '{' on line 1323 does not match ')' in C:\wamp64\www\celr\wp-content\themes\woodmart\woodmart\functions.php on line 1324

2023-05-28T19:34:54+00:00 CRITICAL Uncaught TypeError: implode(): Argument #1 ($pieces) must be of type array, string given in C:\wamp64\www\celr\wp-content\themes\woodmart\woodmart\functions.php:1325
Stack trace:
#0 C:\wamp64\www\celr\wp-content\themes\woodmart\woodmart\functions.php(1325): implode(', ', NULL)
#1 C:\wamp64\www\celr\wp-includes\shortcodes.php(355): display_product_attributes(Array, '', 'product_attribu...')
#2 [internal function]: do_shortcode_tag(Array)
#3 C:\wamp64\www\celr\wp-includes\shortcodes.php(227): preg_replace_callback('/\\[(\\[?)(produc...', 'do_shortcode_ta...', '[product_attrib...')
#4 C:\wamp64\www\celr\wp-content\plugins\elementor\includes\widgets\shortcode.php(130): do_shortcode('[product_attrib...')
#5 C:\wamp64\www\celr\wp-content\plugins\elementor\includes\base\controls-stack.php(2268): Elementor\Widget_Shortcode->render()
#6 C:\wamp64\www\celr\wp-content\plugins\elementor\includes\base\widget-base.php(609): Elementor\Controls_Stack->render_by_mode()
#7 C:\wamp64\www\celr\wp-content\plugins\elementor\includes\base\widget-base.php(750): Elementor\Widget_Base->render_content()
#8 C:\wamp64\www\celr\wp-content\plugins\elementor\includes\base\element-base.php(449): Elementor\Widget_Base->print_content()
#9 C:\wamp64\www\celr\wp-content\plugins\elementor\includes\base\element-base.php(1354): Elementor\Element_Base->print_element()
#10 C:\wamp64\www\celr\wp-content\plugins\elementor\includes\base\element-base.php(449): Elementor\Element_Base->print_content()
#11 C:\wamp64\www\celr\wp-content\plugins\elementor\includes\base\element-base.php(1354): Elementor\Element_Base->print_element()
#12 C:\wamp64\www\celr\wp-content\plugins\elementor\includes\base\element-base.php(449): Elementor\Element_Base->print_content()
#13 C:\wamp64\www\celr\wp-content\plugins\elementor\core\base\document.php(1711): Elementor\Element_Base->print_element()
#14 C:\wamp64\www\celr\wp-content\plugins\elementor-pro\modules\theme-builder\documents\theme-document.php(418): Elementor\Core\Base\Document->print_elements(Array)
#15 C:\wamp64\www\celr\wp-content\plugins\elementor\includes\frontend.php(1179): ElementorPro\Modules\ThemeBuilder\Documents\Theme_Document->print_elements_with_wrapper(Array)
#16 C:\wamp64\www\celr\wp-content\plugins\elementor\core\base\document.php(1155): Elementor\Frontend->get_builder_content(16270, false)
#17 C:\wamp64\www\celr\wp-content\plugins\elementor\modules\library\documents\library-document.php(76): Elementor\Core\Base\Document->get_content(false)
#18 C:\wamp64\www\celr\wp-content\plugins\elementor-pro\modules\theme-builder\documents\theme-document.php(158): Elementor\Modules\Library\Documents\Library_Document->get_content(false)
#19 C:\wamp64\www\celr\wp-content\plugins\elementor-pro\modules\theme-builder\documents\theme-document.php(173): ElementorPro\Modules\ThemeBuilder\Documents\Theme_Document->get_content()
#20 C:\wamp64\www\celr\wp-content\plugins\elementor-pro\modules\theme-builder\documents\single-base.php(93): ElementorPro\Modules\ThemeBuilder\Documents\Theme_Document->print_content()
#21 C:\wamp64\www\celr\wp-content\plugins\elementor-pro\modules\woocommerce\documents\product.php(133): ElementorPro\Modules\ThemeBuilder\Documents\Single_Base->print_content()
#22 C:\wamp64\www\celr\wp-content\plugins\elementor-pro\modules\theme-builder\classes\locations-manager.php(315): ElementorPro\Modules\Woocommerce\Documents\Product->print_content()
#23 C:\wamp64\www\celr\wp-content\plugins\elementor-pro\modules\theme-builder\classes\locations-manager.php(191): ElementorPro\Modules\ThemeBuilder\Classes\Locations_Manager->do_location('single')
#24 [internal function]: ElementorPro\Modules\ThemeBuilder\Classes\Locations_Manager->ElementorPro\Modules\ThemeBuilder\Classes\{closure}()
#25 C:\wamp64\www\celr\wp-content\plugins\elementor\modules\page-templates\module.php(207): call_user_func(Object(Closure))
#26 C:\wamp64\www\celr\wp-content\plugins\elementor\modules\page-templates\templates\header-footer.php(19): Elementor\Modules\PageTemplates\Module->print_content()
#27 C:\wamp64\www\celr\wp-includes\template-loader.php(106): include('C:\\wamp64\\www\\c...')
#28 C:\wamp64\www\celr\wp-blog-header.php(19): require_once('C:\\wamp64\\www\\c...')
#29 C:\wamp64\www\celr\index.php(17): require('C:\\wamp64\\www\\c...')
#30 {main}
  thrown in C:\wamp64\www\celr\wp-content\themes\woodmart\woodmart\functions.php on line 1325

2023-05-28T19:35:18+00:00 CRITICAL Uncaught Error: Object of class WP_Term could not be converted to string in C:\wamp64\www\celr\wp-content\themes\woodmart\woodmart\functions.php:1325
Stack trace:
#0 C:\wamp64\www\celr\wp-content\themes\woodmart\woodmart\functions.php(1325): implode(', ', Array)
#1 C:\wamp64\www\celr\wp-includes\shortcodes.php(355): display_product_attributes(Array, '', 'product_attribu...')
#2 [internal function]: do_shortcode_tag(Array)
#3 C:\wamp64\www\celr\wp-includes\shortcodes.php(227): preg_replace_callback('/\\[(\\[?)(produc...', 'do_shortcode_ta...', '[product_attrib...')
#4 C:\wamp64\www\celr\wp-content\plugins\elementor\includes\widgets\shortcode.php(130): do_shortcode('[product_attrib...')
#5 C:\wamp64\www\celr\wp-content\plugins\elementor\includes\base\controls-stack.php(2268): Elementor\Widget_Shortcode->render()
#6 C:\wamp64\www\celr\wp-content\plugins\elementor\includes\base\widget-base.php(609): Elementor\Controls_Stack->render_by_mode()
#7 C:\wamp64\www\celr\wp-content\plugins\elementor\includes\base\widget-base.php(750): Elementor\Widget_Base->render_content()
#8 C:\wamp64\www\celr\wp-content\plugins\elementor\includes\base\element-base.php(449): Elementor\Widget_Base->print_content()
#9 C:\wamp64\www\celr\wp-content\plugins\elementor\includes\base\element-base.php(1354): Elementor\Element_Base->print_element()
#10 C:\wamp64\www\celr\wp-content\plugins\elementor\includes\base\element-base.php(449): Elementor\Element_Base->print_content()
#11 C:\wamp64\www\celr\wp-content\plugins\elementor\includes\base\element-base.php(1354): Elementor\Element_Base->print_element()
#12 C:\wamp64\www\celr\wp-content\plugins\elementor\includes\base\element-base.php(449): Elementor\Element_Base->print_content()
#13 C:\wamp64\www\celr\wp-content\plugins\elementor\core\base\document.php(1711): Elementor\Element_Base->print_element()
#14 C:\wamp64\www\celr\wp-content\plugins\elementor-pro\modules\theme-builder\documents\theme-document.php(418): Elementor\Core\Base\Document->print_elements(Array)
#15 C:\wamp64\www\celr\wp-content\plugins\elementor\includes\frontend.php(1179): ElementorPro\Modules\ThemeBuilder\Documents\Theme_Document->print_elements_with_wrapper(Array)
#16 C:\wamp64\www\celr\wp-content\plugins\elementor\core\base\document.php(1155): Elementor\Frontend->get_builder_content(16270, false)
#17 C:\wamp64\www\celr\wp-content\plugins\elementor\modules\library\documents\library-document.php(76): Elementor\Core\Base\Document->get_content(false)
#18 C:\wamp64\www\celr\wp-content\plugins\elementor-pro\modules\theme-builder\documents\theme-document.php(158): Elementor\Modules\Library\Documents\Library_Document->get_content(false)
#19 C:\wamp64\www\celr\wp-content\plugins\elementor-pro\modules\theme-builder\documents\theme-document.php(173): ElementorPro\Modules\ThemeBuilder\Documents\Theme_Document->get_content()
#20 C:\wamp64\www\celr\wp-content\plugins\elementor-pro\modules\theme-builder\documents\single-base.php(93): ElementorPro\Modules\ThemeBuilder\Documents\Theme_Document->print_content()
#21 C:\wamp64\www\celr\wp-content\plugins\elementor-pro\modules\woocommerce\documents\product.php(133): ElementorPro\Modules\ThemeBuilder\Documents\Single_Base->print_content()
#22 C:\wamp64\www\celr\wp-content\plugins\elementor-pro\modules\theme-builder\classes\locations-manager.php(315): ElementorPro\Modules\Woocommerce\Documents\Product->print_content()
#23 C:\wamp64\www\celr\wp-content\plugins\elementor-pro\modules\theme-builder\classes\locations-manager.php(191): ElementorPro\Modules\ThemeBuilder\Classes\Locations_Manager->do_location('single')
#24 [internal function]: ElementorPro\Modules\ThemeBuilder\Classes\Locations_Manager->ElementorPro\Modules\ThemeBuilder\Classes\{closure}()
#25 C:\wamp64\www\celr\wp-content\plugins\elementor\modules\page-templates\module.php(207): call_user_func(Object(Closure))
#26 C:\wamp64\www\celr\wp-content\plugins\elementor\modules\page-templates\templates\header-footer.php(19): Elementor\Modules\PageTemplates\Module->print_content()
#27 C:\wamp64\www\celr\wp-includes\template-loader.php(106): include('C:\\wamp64\\www\\c...')
#28 C:\wamp64\www\celr\wp-blog-header.php(19): require_once('C:\\wamp64\\www\\c...')
#29 C:\wamp64\www\celr\index.php(17): require('C:\\wamp64\\www\\c...')
#30 {main}
  thrown in C:\wamp64\www\celr\wp-content\themes\woodmart\woodmart\functions.php on line 1325

2023-05-28T19:40:53+00:00 CRITICAL Uncaught Error: Call to undefined method WC_Product_Attribute::get_opt() in C:\wamp64\www\celr\wp-content\themes\woodmart\woodmart\functions.php:1325
Stack trace:
#0 C:\wamp64\www\celr\wp-includes\shortcodes.php(355): display_product_attributes(Array, '', 'product_attribu...')
#1 [internal function]: do_shortcode_tag(Array)
#2 C:\wamp64\www\celr\wp-includes\shortcodes.php(227): preg_replace_callback('/\\[(\\[?)(produc...', 'do_shortcode_ta...', '[product_attrib...')
#3 C:\wamp64\www\celr\wp-content\plugins\elementor\includes\widgets\shortcode.php(130): do_shortcode('[product_attrib...')
#4 C:\wamp64\www\celr\wp-content\plugins\elementor\includes\base\controls-stack.php(2268): Elementor\Widget_Shortcode->render()
#5 C:\wamp64\www\celr\wp-content\plugins\elementor\includes\base\widget-base.php(609): Elementor\Controls_Stack->render_by_mode()
#6 C:\wamp64\www\celr\wp-content\plugins\elementor\includes\base\widget-base.php(750): Elementor\Widget_Base->render_content()
#7 C:\wamp64\www\celr\wp-content\plugins\elementor\includes\base\element-base.php(449): Elementor\Widget_Base->print_content()
#8 C:\wamp64\www\celr\wp-content\plugins\elementor\includes\base\element-base.php(1354): Elementor\Element_Base->print_element()
#9 C:\wamp64\www\celr\wp-content\plugins\elementor\includes\base\element-base.php(449): Elementor\Element_Base->print_content()
#10 C:\wamp64\www\celr\wp-content\plugins\elementor\includes\base\element-base.php(1354): Elementor\Element_Base->print_element()
#11 C:\wamp64\www\celr\wp-content\plugins\elementor\includes\base\element-base.php(449): Elementor\Element_Base->print_content()
#12 C:\wamp64\www\celr\wp-content\plugins\elementor\core\base\document.php(1711): Elementor\Element_Base->print_element()
#13 C:\wamp64\www\celr\wp-content\plugins\elementor-pro\modules\theme-builder\documents\theme-document.php(418): Elementor\Core\Base\Document->print_elements(Array)
#14 C:\wamp64\www\celr\wp-content\plugins\elementor\includes\frontend.php(1179): ElementorPro\Modules\ThemeBuilder\Documents\Theme_Document->print_elements_with_wrapper(Array)
#15 C:\wamp64\www\celr\wp-content\plugins\elementor\core\base\document.php(1155): Elementor\Frontend->get_builder_content(16270, false)
#16 C:\wamp64\www\celr\wp-content\plugins\elementor\modules\library\documents\library-document.php(76): Elementor\Core\Base\Document->get_content(false)
#17 C:\wamp64\www\celr\wp-content\plugins\elementor-pro\modules\theme-builder\documents\theme-document.php(158): Elementor\Modules\Library\Documents\Library_Document->get_content(false)
#18 C:\wamp64\www\celr\wp-content\plugins\elementor-pro\modules\theme-builder\documents\theme-document.php(173): ElementorPro\Modules\ThemeBuilder\Documents\Theme_Document->get_content()
#19 C:\wamp64\www\celr\wp-content\plugins\elementor-pro\modules\theme-builder\documents\single-base.php(93): ElementorPro\Modules\ThemeBuilder\Documents\Theme_Document->print_content()
#20 C:\wamp64\www\celr\wp-content\plugins\elementor-pro\modules\woocommerce\documents\product.php(133): ElementorPro\Modules\ThemeBuilder\Documents\Single_Base->print_content()
#21 C:\wamp64\www\celr\wp-content\plugins\elementor-pro\modules\theme-builder\classes\locations-manager.php(315): ElementorPro\Modules\Woocommerce\Documents\Product->print_content()
#22 C:\wamp64\www\celr\wp-content\plugins\elementor-pro\modules\theme-builder\classes\locations-manager.php(191): ElementorPro\Modules\ThemeBuilder\Classes\Locations_Manager->do_location('single')
#23 [internal function]: ElementorPro\Modules\ThemeBuilder\Classes\Locations_Manager->ElementorPro\Modules\ThemeBuilder\Classes\{closure}()
#24 C:\wamp64\www\celr\wp-content\plugins\elementor\modules\page-templates\module.php(207): call_user_func(Object(Closure))
#25 C:\wamp64\www\celr\wp-content\plugins\elementor\modules\page-templates\templates\header-footer.php(19): Elementor\Modules\PageTemplates\Module->print_content()
#26 C:\wamp64\www\celr\wp-includes\template-loader.php(106): include('C:\\wamp64\\www\\c...')
#27 C:\wamp64\www\celr\wp-blog-header.php(19): require_once('C:\\wamp64\\www\\c...')
#28 C:\wamp64\www\celr\index.php(17): require('C:\\wamp64\\www\\c...')
#29 {main}
  thrown in C:\wamp64\www\celr\wp-content\themes\woodmart\woodmart\functions.php on line 1325

2023-05-28T19:46:52+00:00 CRITICAL syntax error, unexpected single-quoted string ":</b> ", expecting "," or ";" in C:\wamp64\www\celr\wp-content\themes\woodmart\woodmart\functions.php on line 1333

