2023-05-26T06:55:44+00:00 CRITICAL syntax error, unexpected token "<", expecting end of file in C:\wamp64\www\celr\wp-content\themes\woodmart\woodmart\functions.php on line 993

2023-05-26T06:56:12+00:00 CRITICAL syntax error, unexpected token "<" in C:\wamp64\www\celr\wp-content\themes\woodmart\woodmart\functions.php on line 991

2023-05-26T06:56:57+00:00 CRITICAL Cannot redeclare display_vendor_data() (previously declared in C:\wamp64\www\celr\wp-content\themes\woodmart\woodmart\functions.php:876) in C:\wamp64\www\celr\wp-content\themes\woodmart\woodmart\functions.php on line 989

2023-05-26T06:57:28+00:00 CRITICAL Cannot redeclare display_vendor_data() (previously declared in C:\wamp64\www\celr\wp-content\themes\woodmart\woodmart\functions.php:876) in C:\wamp64\www\celr\wp-content\themes\woodmart\woodmart\functions.php on line 989

2023-05-26T06:57:44+00:00 CRITICAL Cannot redeclare display_vendor_data() (previously declared in C:\wamp64\www\celr\wp-content\themes\woodmart\woodmart\functions.php:876) in C:\wamp64\www\celr\wp-content\themes\woodmart\woodmart\functions.php on line 989

2023-05-26T06:58:00+00:00 CRITICAL Cannot redeclare display_vendor_data() (previously declared in C:\wamp64\www\celr\wp-content\themes\woodmart\woodmart\functions.php:876) in C:\wamp64\www\celr\wp-content\themes\woodmart\woodmart\functions.php on line 989

2023-05-26T06:58:12+00:00 CRITICAL Cannot redeclare display_vendor_data() (previously declared in C:\wamp64\www\celr\wp-content\themes\woodmart\woodmart\functions.php:876) in C:\wamp64\www\celr\wp-content\themes\woodmart\woodmart\functions.php on line 989

2023-05-26T06:58:16+00:00 CRITICAL Cannot redeclare display_vendor_data() (previously declared in C:\wamp64\www\celr\wp-content\themes\woodmart\woodmart\functions.php:876) in C:\wamp64\www\celr\wp-content\themes\woodmart\woodmart\functions.php on line 989

2023-05-26T06:58:32+00:00 CRITICAL syntax error, unexpected token ")", expecting variable in C:\wamp64\www\celr\wp-content\themes\woodmart\woodmart\functions.php on line 989

2023-05-26T06:58:48+00:00 CRITICAL Cannot redeclare display_vendor_data() (previously declared in C:\wamp64\www\celr\wp-content\themes\woodmart\woodmart\functions.php:876) in C:\wamp64\www\celr\wp-content\themes\woodmart\woodmart\functions.php on line 989

2023-05-26T06:59:04+00:00 CRITICAL Cannot redeclare display_vendor_data() (previously declared in C:\wamp64\www\celr\wp-content\themes\woodmart\woodmart\functions.php:876) in C:\wamp64\www\celr\wp-content\themes\woodmart\woodmart\functions.php on line 989

2023-05-26T07:18:18+00:00 CRITICAL syntax error, unexpected token ")" in C:\wamp64\www\celr\wp-content\themes\woodmart\woodmart\functions.php on line 1039

2023-05-26T07:53:12+00:00 CRITICAL syntax error, unexpected token "if", expecting ")" in C:\wamp64\www\celr\wp-content\themes\woodmart\woodmart\functions.php on line 996

2023-05-26T08:36:30+00:00 CRITICAL Unmatched '}' in C:\wamp64\www\celr\wp-content\themes\woodmart\woodmart\functions.php on line 1102

2023-05-26T08:36:55+00:00 CRITICAL Unmatched '}' in C:\wamp64\www\celr\wp-content\themes\woodmart\woodmart\functions.php on line 1102

2023-05-26T08:42:33+00:00 CRITICAL Unmatched '}' in C:\wamp64\www\celr\wp-content\themes\woodmart\woodmart\functions.php on line 1102

2023-05-26T08:42:33+00:00 CRITICAL Unmatched '}' in C:\wamp64\www\celr\wp-content\themes\woodmart\woodmart\functions.php on line 1102

2023-05-26T08:42:48+00:00 CRITICAL Unmatched '}' in C:\wamp64\www\celr\wp-content\themes\woodmart\woodmart\functions.php on line 1102

2023-05-26T08:42:59+00:00 CRITICAL Unmatched '}' in C:\wamp64\www\celr\wp-content\themes\woodmart\woodmart\functions.php on line 1102

2023-05-26T08:43:32+00:00 CRITICAL Unmatched '}' in C:\wamp64\www\celr\wp-content\themes\woodmart\woodmart\functions.php on line 1102

2023-05-26T08:44:25+00:00 CRITICAL Unmatched '}' in C:\wamp64\www\celr\wp-content\themes\woodmart\woodmart\functions.php on line 1102

2023-05-26T08:44:34+00:00 CRITICAL Unmatched '}' in C:\wamp64\www\celr\wp-content\themes\woodmart\woodmart\functions.php on line 1102

2023-05-26T08:44:49+00:00 CRITICAL Unmatched '}' in C:\wamp64\www\celr\wp-content\themes\woodmart\woodmart\functions.php on line 1102

2023-05-26T08:45:00+00:00 CRITICAL Unmatched '}' in C:\wamp64\www\celr\wp-content\themes\woodmart\woodmart\functions.php on line 1102

2023-05-26T08:45:33+00:00 CRITICAL Unmatched '}' in C:\wamp64\www\celr\wp-content\themes\woodmart\woodmart\functions.php on line 1102

2023-05-26T08:46:26+00:00 CRITICAL Unmatched '}' in C:\wamp64\www\celr\wp-content\themes\woodmart\woodmart\functions.php on line 1102

2023-05-26T08:46:35+00:00 CRITICAL Unmatched '}' in C:\wamp64\www\celr\wp-content\themes\woodmart\woodmart\functions.php on line 1102

2023-05-26T08:46:50+00:00 CRITICAL Unmatched '}' in C:\wamp64\www\celr\wp-content\themes\woodmart\woodmart\functions.php on line 1102

2023-05-26T08:47:01+00:00 CRITICAL Unmatched '}' in C:\wamp64\www\celr\wp-content\themes\woodmart\woodmart\functions.php on line 1102

2023-05-26T08:47:06+00:00 CRITICAL Unmatched '}' in C:\wamp64\www\celr\wp-content\themes\woodmart\woodmart\functions.php on line 1102

2023-05-26T08:47:34+00:00 CRITICAL Unmatched '}' in C:\wamp64\www\celr\wp-content\themes\woodmart\woodmart\functions.php on line 1102

2023-05-26T08:48:27+00:00 CRITICAL Unmatched '}' in C:\wamp64\www\celr\wp-content\themes\woodmart\woodmart\functions.php on line 1102

2023-05-26T08:48:36+00:00 CRITICAL Unmatched '}' in C:\wamp64\www\celr\wp-content\themes\woodmart\woodmart\functions.php on line 1102

2023-05-26T08:48:47+00:00 CRITICAL Unmatched '}' in C:\wamp64\www\celr\wp-content\themes\woodmart\woodmart\functions.php on line 1102

2023-05-26T08:49:02+00:00 CRITICAL Unmatched '}' in C:\wamp64\www\celr\wp-content\themes\woodmart\woodmart\functions.php on line 1102

2023-05-26T08:49:35+00:00 CRITICAL Unmatched '}' in C:\wamp64\www\celr\wp-content\themes\woodmart\woodmart\functions.php on line 1102

2023-05-26T08:50:28+00:00 CRITICAL Unmatched '}' in C:\wamp64\www\celr\wp-content\themes\woodmart\woodmart\functions.php on line 1102

2023-05-26T08:50:37+00:00 CRITICAL Unmatched '}' in C:\wamp64\www\celr\wp-content\themes\woodmart\woodmart\functions.php on line 1102

2023-05-26T08:50:47+00:00 CRITICAL Unmatched '}' in C:\wamp64\www\celr\wp-content\themes\woodmart\woodmart\functions.php on line 1102

2023-05-26T08:51:03+00:00 CRITICAL Unmatched '}' in C:\wamp64\www\celr\wp-content\themes\woodmart\woodmart\functions.php on line 1102

2023-05-26T08:51:36+00:00 CRITICAL Unmatched '}' in C:\wamp64\www\celr\wp-content\themes\woodmart\woodmart\functions.php on line 1102

2023-05-26T08:52:08+00:00 CRITICAL Unmatched '}' in C:\wamp64\www\celr\wp-content\themes\woodmart\woodmart\functions.php on line 1102

2023-05-26T08:52:24+00:00 CRITICAL Unmatched '}' in C:\wamp64\www\celr\wp-content\themes\woodmart\woodmart\functions.php on line 1102

2023-05-26T08:52:29+00:00 CRITICAL Unmatched '}' in C:\wamp64\www\celr\wp-content\themes\woodmart\woodmart\functions.php on line 1102

2023-05-26T08:52:38+00:00 CRITICAL Unmatched '}' in C:\wamp64\www\celr\wp-content\themes\woodmart\woodmart\functions.php on line 1102

2023-05-26T08:53:04+00:00 CRITICAL Unmatched '}' in C:\wamp64\www\celr\wp-content\themes\woodmart\woodmart\functions.php on line 1102

2023-05-26T08:53:09+00:00 CRITICAL Unmatched '}' in C:\wamp64\www\celr\wp-content\themes\woodmart\woodmart\functions.php on line 1102

2023-05-26T08:53:24+00:00 CRITICAL Unmatched '}' in C:\wamp64\www\celr\wp-content\themes\woodmart\woodmart\functions.php on line 1102

2023-05-26T08:53:37+00:00 CRITICAL Unmatched '}' in C:\wamp64\www\celr\wp-content\themes\woodmart\woodmart\functions.php on line 1102

2023-05-26T08:53:53+00:00 CRITICAL Unmatched '}' in C:\wamp64\www\celr\wp-content\themes\woodmart\woodmart\functions.php on line 1102

2023-05-26T08:54:09+00:00 CRITICAL Unmatched '}' in C:\wamp64\www\celr\wp-content\themes\woodmart\woodmart\functions.php on line 1102

2023-05-26T08:54:30+00:00 CRITICAL Unmatched '}' in C:\wamp64\www\celr\wp-content\themes\woodmart\woodmart\functions.php on line 1102

2023-05-26T08:54:39+00:00 CRITICAL Unmatched '}' in C:\wamp64\www\celr\wp-content\themes\woodmart\woodmart\functions.php on line 1102

2023-05-26T08:54:57+00:00 CRITICAL Unmatched '}' in C:\wamp64\www\celr\wp-content\themes\woodmart\woodmart\functions.php on line 1102

2023-05-26T08:55:05+00:00 CRITICAL Unmatched '}' in C:\wamp64\www\celr\wp-content\themes\woodmart\woodmart\functions.php on line 1102

2023-05-26T08:55:13+00:00 CRITICAL Unmatched '}' in C:\wamp64\www\celr\wp-content\themes\woodmart\woodmart\functions.php on line 1102

2023-05-26T08:55:38+00:00 CRITICAL Unmatched '}' in C:\wamp64\www\celr\wp-content\themes\woodmart\woodmart\functions.php on line 1102

2023-05-26T08:56:31+00:00 CRITICAL Unmatched '}' in C:\wamp64\www\celr\wp-content\themes\woodmart\woodmart\functions.php on line 1102

2023-05-26T08:56:40+00:00 CRITICAL Unmatched '}' in C:\wamp64\www\celr\wp-content\themes\woodmart\woodmart\functions.php on line 1102

2023-05-26T08:56:41+00:00 CRITICAL Unmatched '}' in C:\wamp64\www\celr\wp-content\themes\woodmart\woodmart\functions.php on line 1102

2023-05-26T08:56:56+00:00 CRITICAL Unmatched '}' in C:\wamp64\www\celr\wp-content\themes\woodmart\woodmart\functions.php on line 1102

2023-05-26T08:57:06+00:00 CRITICAL Unmatched '}' in C:\wamp64\www\celr\wp-content\themes\woodmart\woodmart\functions.php on line 1102

2023-05-26T08:57:39+00:00 CRITICAL Unmatched '}' in C:\wamp64\www\celr\wp-content\themes\woodmart\woodmart\functions.php on line 1102

2023-05-26T08:58:00+00:00 CRITICAL Unmatched '}' in C:\wamp64\www\celr\wp-content\themes\woodmart\woodmart\functions.php on line 1102

2023-05-26T08:58:16+00:00 CRITICAL Unmatched '}' in C:\wamp64\www\celr\wp-content\themes\woodmart\woodmart\functions.php on line 1102

2023-05-26T08:58:32+00:00 CRITICAL Unmatched '}' in C:\wamp64\www\celr\wp-content\themes\woodmart\woodmart\functions.php on line 1102

2023-05-26T08:58:41+00:00 CRITICAL Unmatched '}' in C:\wamp64\www\celr\wp-content\themes\woodmart\woodmart\functions.php on line 1102

2023-05-26T08:59:07+00:00 CRITICAL Unmatched '}' in C:\wamp64\www\celr\wp-content\themes\woodmart\woodmart\functions.php on line 1102

2023-05-26T08:59:07+00:00 CRITICAL Unmatched '}' in C:\wamp64\www\celr\wp-content\themes\woodmart\woodmart\functions.php on line 1102

2023-05-26T08:59:22+00:00 CRITICAL Unmatched '}' in C:\wamp64\www\celr\wp-content\themes\woodmart\woodmart\functions.php on line 1102

2023-05-26T08:59:39+00:00 CRITICAL Unmatched '}' in C:\wamp64\www\celr\wp-content\themes\woodmart\woodmart\functions.php on line 1102

2023-05-26T08:59:40+00:00 CRITICAL Unmatched '}' in C:\wamp64\www\celr\wp-content\themes\woodmart\woodmart\functions.php on line 1102

2023-05-26T08:59:55+00:00 CRITICAL Unmatched '}' in C:\wamp64\www\celr\wp-content\themes\woodmart\woodmart\functions.php on line 1102

2023-05-26T09:00:33+00:00 CRITICAL Unmatched '}' in C:\wamp64\www\celr\wp-content\themes\woodmart\woodmart\functions.php on line 1102

2023-05-26T09:00:42+00:00 CRITICAL Unmatched '}' in C:\wamp64\www\celr\wp-content\themes\woodmart\woodmart\functions.php on line 1102

2023-05-26T09:01:08+00:00 CRITICAL Unmatched '}' in C:\wamp64\www\celr\wp-content\themes\woodmart\woodmart\functions.php on line 1102

2023-05-26T09:01:41+00:00 CRITICAL Unmatched '}' in C:\wamp64\www\celr\wp-content\themes\woodmart\woodmart\functions.php on line 1102

2023-05-26T09:01:56+00:00 CRITICAL Unmatched '}' in C:\wamp64\www\celr\wp-content\themes\woodmart\woodmart\functions.php on line 1102

2023-05-26T09:02:34+00:00 CRITICAL Unmatched '}' in C:\wamp64\www\celr\wp-content\themes\woodmart\woodmart\functions.php on line 1102

2023-05-26T09:02:43+00:00 CRITICAL Unmatched '}' in C:\wamp64\www\celr\wp-content\themes\woodmart\woodmart\functions.php on line 1102

2023-05-26T09:03:09+00:00 CRITICAL Unmatched '}' in C:\wamp64\www\celr\wp-content\themes\woodmart\woodmart\functions.php on line 1102

2023-05-26T09:03:42+00:00 CRITICAL Unmatched '}' in C:\wamp64\www\celr\wp-content\themes\woodmart\woodmart\functions.php on line 1102

2023-05-26T09:03:57+00:00 CRITICAL Unmatched '}' in C:\wamp64\www\celr\wp-content\themes\woodmart\woodmart\functions.php on line 1102

2023-05-26T09:04:35+00:00 CRITICAL Unmatched '}' in C:\wamp64\www\celr\wp-content\themes\woodmart\woodmart\functions.php on line 1102

2023-05-26T09:04:44+00:00 CRITICAL Unmatched '}' in C:\wamp64\www\celr\wp-content\themes\woodmart\woodmart\functions.php on line 1102

2023-05-26T09:05:10+00:00 CRITICAL Unmatched '}' in C:\wamp64\www\celr\wp-content\themes\woodmart\woodmart\functions.php on line 1102

2023-05-26T09:05:43+00:00 CRITICAL Unmatched '}' in C:\wamp64\www\celr\wp-content\themes\woodmart\woodmart\functions.php on line 1102

2023-05-26T09:05:52+00:00 CRITICAL Unmatched '}' in C:\wamp64\www\celr\wp-content\themes\woodmart\woodmart\functions.php on line 1102

2023-05-26T09:06:07+00:00 CRITICAL Unmatched '}' in C:\wamp64\www\celr\wp-content\themes\woodmart\woodmart\functions.php on line 1102

2023-05-26T09:06:26+00:00 CRITICAL Unmatched '}' in C:\wamp64\www\celr\wp-content\themes\woodmart\woodmart\functions.php on line 1102

2023-05-26T09:06:36+00:00 CRITICAL Unmatched '}' in C:\wamp64\www\celr\wp-content\themes\woodmart\woodmart\functions.php on line 1102

2023-05-26T09:06:45+00:00 CRITICAL Unmatched '}' in C:\wamp64\www\celr\wp-content\themes\woodmart\woodmart\functions.php on line 1102

2023-05-26T09:07:11+00:00 CRITICAL Unmatched '}' in C:\wamp64\www\celr\wp-content\themes\woodmart\woodmart\functions.php on line 1102

2023-05-26T09:07:44+00:00 CRITICAL Unmatched '}' in C:\wamp64\www\celr\wp-content\themes\woodmart\woodmart\functions.php on line 1102

2023-05-26T09:08:20+00:00 CRITICAL Unmatched '}' in C:\wamp64\www\celr\wp-content\themes\woodmart\woodmart\functions.php on line 1102

2023-05-26T09:08:36+00:00 CRITICAL Unmatched '}' in C:\wamp64\www\celr\wp-content\themes\woodmart\woodmart\functions.php on line 1102

2023-05-26T09:08:38+00:00 CRITICAL Unmatched '}' in C:\wamp64\www\celr\wp-content\themes\woodmart\woodmart\functions.php on line 1102

2023-05-26T09:08:46+00:00 CRITICAL Unmatched '}' in C:\wamp64\www\celr\wp-content\themes\woodmart\woodmart\functions.php on line 1102

2023-05-26T09:09:12+00:00 CRITICAL Unmatched '}' in C:\wamp64\www\celr\wp-content\themes\woodmart\woodmart\functions.php on line 1102

2023-05-26T09:09:45+00:00 CRITICAL Unmatched '}' in C:\wamp64\www\celr\wp-content\themes\woodmart\woodmart\functions.php on line 1102

2023-05-26T09:10:37+00:00 CRITICAL Unmatched '}' in C:\wamp64\www\celr\wp-content\themes\woodmart\woodmart\functions.php on line 1102

2023-05-26T09:10:39+00:00 CRITICAL Unmatched '}' in C:\wamp64\www\celr\wp-content\themes\woodmart\woodmart\functions.php on line 1102

2023-05-26T09:10:47+00:00 CRITICAL Unmatched '}' in C:\wamp64\www\celr\wp-content\themes\woodmart\woodmart\functions.php on line 1102

2023-05-26T09:11:13+00:00 CRITICAL Unmatched '}' in C:\wamp64\www\celr\wp-content\themes\woodmart\woodmart\functions.php on line 1102

2023-05-26T09:11:31+00:00 CRITICAL Unmatched '}' in C:\wamp64\www\celr\wp-content\themes\woodmart\woodmart\functions.php on line 1102

2023-05-26T09:11:46+00:00 CRITICAL Unmatched '}' in C:\wamp64\www\celr\wp-content\themes\woodmart\woodmart\functions.php on line 1102

2023-05-26T09:11:46+00:00 CRITICAL Unmatched '}' in C:\wamp64\www\celr\wp-content\themes\woodmart\woodmart\functions.php on line 1102

2023-05-26T09:12:40+00:00 CRITICAL Unmatched '}' in C:\wamp64\www\celr\wp-content\themes\woodmart\woodmart\functions.php on line 1102

2023-05-26T09:12:48+00:00 CRITICAL Unmatched '}' in C:\wamp64\www\celr\wp-content\themes\woodmart\woodmart\functions.php on line 1102

2023-05-26T09:13:14+00:00 CRITICAL Unmatched '}' in C:\wamp64\www\celr\wp-content\themes\woodmart\woodmart\functions.php on line 1102

2023-05-26T09:13:47+00:00 CRITICAL Unmatched '}' in C:\wamp64\www\celr\wp-content\themes\woodmart\woodmart\functions.php on line 1102

2023-05-26T09:14:41+00:00 CRITICAL Unmatched '}' in C:\wamp64\www\celr\wp-content\themes\woodmart\woodmart\functions.php on line 1102

2023-05-26T09:14:49+00:00 CRITICAL Unmatched '}' in C:\wamp64\www\celr\wp-content\themes\woodmart\woodmart\functions.php on line 1102

2023-05-26T09:15:15+00:00 CRITICAL Unmatched '}' in C:\wamp64\www\celr\wp-content\themes\woodmart\woodmart\functions.php on line 1102

2023-05-26T09:15:48+00:00 CRITICAL Unmatched '}' in C:\wamp64\www\celr\wp-content\themes\woodmart\woodmart\functions.php on line 1102

2023-05-26T09:16:42+00:00 CRITICAL Unmatched '}' in C:\wamp64\www\celr\wp-content\themes\woodmart\woodmart\functions.php on line 1102

2023-05-26T09:16:50+00:00 CRITICAL Unmatched '}' in C:\wamp64\www\celr\wp-content\themes\woodmart\woodmart\functions.php on line 1102

2023-05-26T09:44:02+00:00 CRITICAL Unmatched '}' in C:\wamp64\www\celr\wp-content\themes\woodmart\woodmart\functions.php on line 1102

2023-05-26T09:45:59+00:00 CRITICAL Unmatched '}' in C:\wamp64\www\celr\wp-content\themes\woodmart\woodmart\functions.php on line 1102

2023-05-26T09:47:09+00:00 CRITICAL Unmatched '}' in C:\wamp64\www\celr\wp-content\themes\woodmart\woodmart\functions.php on line 1102

2023-05-26T09:47:24+00:00 CRITICAL Unmatched '}' in C:\wamp64\www\celr\wp-content\themes\woodmart\woodmart\functions.php on line 1102

2023-05-26T09:48:15+00:00 CRITICAL Unmatched '}' in C:\wamp64\www\celr\wp-content\themes\woodmart\woodmart\functions.php on line 1102

2023-05-26T09:48:30+00:00 CRITICAL Unmatched '}' in C:\wamp64\www\celr\wp-content\themes\woodmart\woodmart\functions.php on line 1102

2023-05-26T09:49:13+00:00 CRITICAL Unmatched '}' in C:\wamp64\www\celr\wp-content\themes\woodmart\woodmart\functions.php on line 1102

2023-05-26T09:49:28+00:00 CRITICAL Unmatched '}' in C:\wamp64\www\celr\wp-content\themes\woodmart\woodmart\functions.php on line 1102

2023-05-26T09:50:20+00:00 CRITICAL Unmatched '}' in C:\wamp64\www\celr\wp-content\themes\woodmart\woodmart\functions.php on line 1102

2023-05-26T09:50:25+00:00 CRITICAL Unmatched '}' in C:\wamp64\www\celr\wp-content\themes\woodmart\woodmart\functions.php on line 1102

2023-05-26T09:50:29+00:00 CRITICAL Unmatched '}' in C:\wamp64\www\celr\wp-content\themes\woodmart\woodmart\functions.php on line 1102

2023-05-26T09:50:31+00:00 CRITICAL Unmatched '}' in C:\wamp64\www\celr\wp-content\themes\woodmart\woodmart\functions.php on line 1102

2023-05-26T09:50:35+00:00 CRITICAL Unmatched '}' in C:\wamp64\www\celr\wp-content\themes\woodmart\woodmart\functions.php on line 1102

