2023-07-04T11:36:07+00:00 CRITICAL Uncaught TypeError: min(): Argument #1 ($value) must be of type array, null given in C:\wamp64\www\celr\wp-content\plugins\custom-plugin-celr\single-product-page\components\display-market-price.php:64
Stack trace:
#0 C:\wamp64\www\celr\wp-content\plugins\custom-plugin-celr\single-product-page\components\display-market-price.php(64): min(NULL)
#1 C:\wamp64\www\celr\wp-includes\shortcodes.php(355): display_market_lowest_price(Array, '', 'display_market_...')
#2 [internal function]: do_shortcode_tag(Array)
#3 C:\wamp64\www\celr\wp-includes\shortcodes.php(227): preg_replace_callback('/\\[(\\[?)(displa...', 'do_shortcode_ta...', '[display_market...')
#4 C:\wamp64\www\celr\wp-content\plugins\custom-plugin-celr\single-product-page\components\vintage-filter.php(131): do_shortcode('[display_market...')
#5 C:\wamp64\www\celr\wp-includes\shortcodes.php(355): year_filter_shortcode('', '', 'year_filter')
#6 [internal function]: do_shortcode_tag(Array)
#7 C:\wamp64\www\celr\wp-includes\shortcodes.php(227): preg_replace_callback('/\\[(\\[?)(year_f...', 'do_shortcode_ta...', '[year_filter]\n')
#8 C:\wamp64\www\celr\wp-content\plugins\elementor\includes\widgets\shortcode.php(130): do_shortcode('[year_filter]\n')
#9 C:\wamp64\www\celr\wp-content\plugins\elementor\includes\base\controls-stack.php(2268): Elementor\Widget_Shortcode->render()
#10 C:\wamp64\www\celr\wp-content\plugins\elementor\includes\base\widget-base.php(609): Elementor\Controls_Stack->render_by_mode()
#11 C:\wamp64\www\celr\wp-content\plugins\elementor\includes\base\widget-base.php(750): Elementor\Widget_Base->render_content()
#12 C:\wamp64\www\celr\wp-content\plugins\elementor\includes\base\element-base.php(449): Elementor\Widget_Base->print_content()
#13 C:\wamp64\www\celr\wp-content\plugins\elementor\includes\base\element-base.php(1354): Elementor\Element_Base->print_element()
#14 C:\wamp64\www\celr\wp-content\plugins\elementor\includes\base\element-base.php(449): Elementor\Element_Base->print_content()
#15 C:\wamp64\www\celr\wp-content\plugins\elementor\includes\base\element-base.php(1354): Elementor\Element_Base->print_element()
#16 C:\wamp64\www\celr\wp-content\plugins\elementor\includes\base\element-base.php(449): Elementor\Element_Base->print_content()
#17 C:\wamp64\www\celr\wp-content\plugins\elementor\core\base\document.php(1711): Elementor\Element_Base->print_element()
#18 C:\wamp64\www\celr\wp-content\plugins\elementor-pro\modules\theme-builder\documents\theme-document.php(418): Elementor\Core\Base\Document->print_elements(Array)
#19 C:\wamp64\www\celr\wp-content\plugins\elementor\includes\frontend.php(1179): ElementorPro\Modules\ThemeBuilder\Documents\Theme_Document->print_elements_with_wrapper(Array)
#20 C:\wamp64\www\celr\wp-content\plugins\elementor\core\base\document.php(1155): Elementor\Frontend->get_builder_content(16270, false)
#21 C:\wamp64\www\celr\wp-content\plugins\elementor\modules\library\documents\library-document.php(76): Elementor\Core\Base\Document->get_content(false)
#22 C:\wamp64\www\celr\wp-content\plugins\elementor-pro\modules\theme-builder\documents\theme-document.php(158): Elementor\Modules\Library\Documents\Library_Document->get_content(false)
#23 C:\wamp64\www\celr\wp-content\plugins\elementor-pro\modules\theme-builder\documents\theme-document.php(173): ElementorPro\Modules\ThemeBuilder\Documents\Theme_Document->get_content()
#24 C:\wamp64\www\celr\wp-content\plugins\elementor-pro\modules\theme-builder\documents\single-base.php(93): ElementorPro\Modules\ThemeBuilder\Documents\Theme_Document->print_content()
#25 C:\wamp64\www\celr\wp-content\plugins\elementor-pro\modules\woocommerce\documents\product.php(133): ElementorPro\Modules\ThemeBuilder\Documents\Single_Base->print_content()
#26 C:\wamp64\www\celr\wp-content\plugins\elementor-pro\modules\theme-builder\classes\locations-manager.php(315): ElementorPro\Modules\Woocommerce\Documents\Product->print_content()
#27 C:\wamp64\www\celr\wp-content\plugins\elementor-pro\modules\theme-builder\classes\locations-manager.php(191): ElementorPro\Modules\ThemeBuilder\Classes\Locations_Manager->do_location('single')
#28 [internal function]: ElementorPro\Modules\ThemeBuilder\Classes\Locations_Manager->ElementorPro\Modules\ThemeBuilder\Classes\{closure}()
#29 C:\wamp64\www\celr\wp-content\plugins\elementor\modules\page-templates\module.php(207): call_user_func(Object(Closure))
#30 C:\wamp64\www\celr\wp-content\plugins\elementor\modules\page-templates\templates\header-footer.php(19): Elementor\Modules\PageTemplates\Module->print_content()
#31 C:\wamp64\www\celr\wp-includes\template-loader.php(106): include('C:\\wamp64\\www\\c...')
#32 C:\wamp64\www\celr\wp-blog-header.php(19): require_once('C:\\wamp64\\www\\c...')
#33 C:\wamp64\www\celr\index.php(17): require('C:\\wamp64\\www\\c...')
#34 {main}
  thrown in C:\wamp64\www\celr\wp-content\plugins\custom-plugin-celr\single-product-page\components\display-market-price.php on line 64

2023-07-04T11:36:07+00:00 CRITICAL Uncaught TypeError: min(): Argument #1 ($value) must be of type array, null given in C:\wamp64\www\celr\wp-content\plugins\custom-plugin-celr\single-product-page\components\display-market-price.php:64
Stack trace:
#0 C:\wamp64\www\celr\wp-content\plugins\custom-plugin-celr\single-product-page\components\display-market-price.php(64): min(NULL)
#1 C:\wamp64\www\celr\wp-includes\shortcodes.php(355): display_market_lowest_price(Array, '', 'display_market_...')
#2 [internal function]: do_shortcode_tag(Array)
#3 C:\wamp64\www\celr\wp-includes\shortcodes.php(227): preg_replace_callback('/\\[(\\[?)(displa...', 'do_shortcode_ta...', '[display_market...')
#4 C:\wamp64\www\celr\wp-content\plugins\custom-plugin-celr\single-product-page\components\vintage-filter.php(131): do_shortcode('[display_market...')
#5 C:\wamp64\www\celr\wp-includes\shortcodes.php(355): year_filter_shortcode('', '', 'year_filter')
#6 [internal function]: do_shortcode_tag(Array)
#7 C:\wamp64\www\celr\wp-includes\shortcodes.php(227): preg_replace_callback('/\\[(\\[?)(year_f...', 'do_shortcode_ta...', '[year_filter]\n')
#8 C:\wamp64\www\celr\wp-content\plugins\elementor\includes\widgets\shortcode.php(130): do_shortcode('[year_filter]\n')
#9 C:\wamp64\www\celr\wp-content\plugins\elementor\includes\base\controls-stack.php(2268): Elementor\Widget_Shortcode->render()
#10 C:\wamp64\www\celr\wp-content\plugins\elementor\includes\base\widget-base.php(609): Elementor\Controls_Stack->render_by_mode()
#11 C:\wamp64\www\celr\wp-content\plugins\elementor\includes\base\widget-base.php(750): Elementor\Widget_Base->render_content()
#12 C:\wamp64\www\celr\wp-content\plugins\elementor\includes\base\element-base.php(449): Elementor\Widget_Base->print_content()
#13 C:\wamp64\www\celr\wp-content\plugins\elementor\includes\base\element-base.php(1354): Elementor\Element_Base->print_element()
#14 C:\wamp64\www\celr\wp-content\plugins\elementor\includes\base\element-base.php(449): Elementor\Element_Base->print_content()
#15 C:\wamp64\www\celr\wp-content\plugins\elementor\includes\base\element-base.php(1354): Elementor\Element_Base->print_element()
#16 C:\wamp64\www\celr\wp-content\plugins\elementor\includes\base\element-base.php(449): Elementor\Element_Base->print_content()
#17 C:\wamp64\www\celr\wp-content\plugins\elementor\core\base\document.php(1711): Elementor\Element_Base->print_element()
#18 C:\wamp64\www\celr\wp-content\plugins\elementor-pro\modules\theme-builder\documents\theme-document.php(418): Elementor\Core\Base\Document->print_elements(Array)
#19 C:\wamp64\www\celr\wp-content\plugins\elementor\includes\frontend.php(1179): ElementorPro\Modules\ThemeBuilder\Documents\Theme_Document->print_elements_with_wrapper(Array)
#20 C:\wamp64\www\celr\wp-content\plugins\elementor\core\base\document.php(1155): Elementor\Frontend->get_builder_content(16270, false)
#21 C:\wamp64\www\celr\wp-content\plugins\elementor\modules\library\documents\library-document.php(76): Elementor\Core\Base\Document->get_content(false)
#22 C:\wamp64\www\celr\wp-content\plugins\elementor-pro\modules\theme-builder\documents\theme-document.php(158): Elementor\Modules\Library\Documents\Library_Document->get_content(false)
#23 C:\wamp64\www\celr\wp-content\plugins\elementor-pro\modules\theme-builder\documents\theme-document.php(173): ElementorPro\Modules\ThemeBuilder\Documents\Theme_Document->get_content()
#24 C:\wamp64\www\celr\wp-content\plugins\elementor-pro\modules\theme-builder\documents\single-base.php(93): ElementorPro\Modules\ThemeBuilder\Documents\Theme_Document->print_content()
#25 C:\wamp64\www\celr\wp-content\plugins\elementor-pro\modules\woocommerce\documents\product.php(133): ElementorPro\Modules\ThemeBuilder\Documents\Single_Base->print_content()
#26 C:\wamp64\www\celr\wp-content\plugins\elementor-pro\modules\theme-builder\classes\locations-manager.php(315): ElementorPro\Modules\Woocommerce\Documents\Product->print_content()
#27 C:\wamp64\www\celr\wp-content\plugins\elementor-pro\modules\theme-builder\classes\locations-manager.php(191): ElementorPro\Modules\ThemeBuilder\Classes\Locations_Manager->do_location('single')
#28 [internal function]: ElementorPro\Modules\ThemeBuilder\Classes\Locations_Manager->ElementorPro\Modules\ThemeBuilder\Classes\{closure}()
#29 C:\wamp64\www\celr\wp-content\plugins\elementor\modules\page-templates\module.php(207): call_user_func(Object(Closure))
#30 C:\wamp64\www\celr\wp-content\plugins\elementor\modules\page-templates\templates\header-footer.php(19): Elementor\Modules\PageTemplates\Module->print_content()
#31 C:\wamp64\www\celr\wp-includes\template-loader.php(106): include('C:\\wamp64\\www\\c...')
#32 C:\wamp64\www\celr\wp-blog-header.php(19): require_once('C:\\wamp64\\www\\c...')
#33 C:\wamp64\www\celr\index.php(17): require('C:\\wamp64\\www\\c...')
#34 {main}
  thrown in C:\wamp64\www\celr\wp-content\plugins\custom-plugin-celr\single-product-page\components\display-market-price.php on line 64

2023-07-04T11:36:16+00:00 CRITICAL Uncaught TypeError: min(): Argument #1 ($value) must be of type array, null given in C:\wamp64\www\celr\wp-content\plugins\custom-plugin-celr\single-product-page\components\display-market-price.php:64
Stack trace:
#0 C:\wamp64\www\celr\wp-content\plugins\custom-plugin-celr\single-product-page\components\display-market-price.php(64): min(NULL)
#1 C:\wamp64\www\celr\wp-includes\shortcodes.php(355): display_market_lowest_price(Array, '', 'display_market_...')
#2 [internal function]: do_shortcode_tag(Array)
#3 C:\wamp64\www\celr\wp-includes\shortcodes.php(227): preg_replace_callback('/\\[(\\[?)(displa...', 'do_shortcode_ta...', '[display_market...')
#4 C:\wamp64\www\celr\wp-content\plugins\custom-plugin-celr\single-product-page\components\vintage-filter.php(131): do_shortcode('[display_market...')
#5 C:\wamp64\www\celr\wp-includes\shortcodes.php(355): year_filter_shortcode('', '', 'year_filter')
#6 [internal function]: do_shortcode_tag(Array)
#7 C:\wamp64\www\celr\wp-includes\shortcodes.php(227): preg_replace_callback('/\\[(\\[?)(year_f...', 'do_shortcode_ta...', '[year_filter]\n')
#8 C:\wamp64\www\celr\wp-content\plugins\elementor\includes\widgets\shortcode.php(130): do_shortcode('[year_filter]\n')
#9 C:\wamp64\www\celr\wp-content\plugins\elementor\includes\base\controls-stack.php(2268): Elementor\Widget_Shortcode->render()
#10 C:\wamp64\www\celr\wp-content\plugins\elementor\includes\base\widget-base.php(609): Elementor\Controls_Stack->render_by_mode()
#11 C:\wamp64\www\celr\wp-content\plugins\elementor\includes\base\widget-base.php(750): Elementor\Widget_Base->render_content()
#12 C:\wamp64\www\celr\wp-content\plugins\elementor\includes\base\element-base.php(449): Elementor\Widget_Base->print_content()
#13 C:\wamp64\www\celr\wp-content\plugins\elementor\includes\base\element-base.php(1354): Elementor\Element_Base->print_element()
#14 C:\wamp64\www\celr\wp-content\plugins\elementor\includes\base\element-base.php(449): Elementor\Element_Base->print_content()
#15 C:\wamp64\www\celr\wp-content\plugins\elementor\includes\base\element-base.php(1354): Elementor\Element_Base->print_element()
#16 C:\wamp64\www\celr\wp-content\plugins\elementor\includes\base\element-base.php(449): Elementor\Element_Base->print_content()
#17 C:\wamp64\www\celr\wp-content\plugins\elementor\core\base\document.php(1711): Elementor\Element_Base->print_element()
#18 C:\wamp64\www\celr\wp-content\plugins\elementor-pro\modules\theme-builder\documents\theme-document.php(418): Elementor\Core\Base\Document->print_elements(Array)
#19 C:\wamp64\www\celr\wp-content\plugins\elementor\includes\frontend.php(1179): ElementorPro\Modules\ThemeBuilder\Documents\Theme_Document->print_elements_with_wrapper(Array)
#20 C:\wamp64\www\celr\wp-content\plugins\elementor\core\base\document.php(1155): Elementor\Frontend->get_builder_content(16270, false)
#21 C:\wamp64\www\celr\wp-content\plugins\elementor\modules\library\documents\library-document.php(76): Elementor\Core\Base\Document->get_content(false)
#22 C:\wamp64\www\celr\wp-content\plugins\elementor-pro\modules\theme-builder\documents\theme-document.php(158): Elementor\Modules\Library\Documents\Library_Document->get_content(false)
#23 C:\wamp64\www\celr\wp-content\plugins\elementor-pro\modules\theme-builder\documents\theme-document.php(173): ElementorPro\Modules\ThemeBuilder\Documents\Theme_Document->get_content()
#24 C:\wamp64\www\celr\wp-content\plugins\elementor-pro\modules\theme-builder\documents\single-base.php(93): ElementorPro\Modules\ThemeBuilder\Documents\Theme_Document->print_content()
#25 C:\wamp64\www\celr\wp-content\plugins\elementor-pro\modules\woocommerce\documents\product.php(133): ElementorPro\Modules\ThemeBuilder\Documents\Single_Base->print_content()
#26 C:\wamp64\www\celr\wp-content\plugins\elementor-pro\modules\theme-builder\classes\locations-manager.php(315): ElementorPro\Modules\Woocommerce\Documents\Product->print_content()
#27 C:\wamp64\www\celr\wp-content\plugins\elementor-pro\modules\theme-builder\classes\locations-manager.php(191): ElementorPro\Modules\ThemeBuilder\Classes\Locations_Manager->do_location('single')
#28 [internal function]: ElementorPro\Modules\ThemeBuilder\Classes\Locations_Manager->ElementorPro\Modules\ThemeBuilder\Classes\{closure}()
#29 C:\wamp64\www\celr\wp-content\plugins\elementor\modules\page-templates\module.php(207): call_user_func(Object(Closure))
#30 C:\wamp64\www\celr\wp-content\plugins\elementor\modules\page-templates\templates\header-footer.php(19): Elementor\Modules\PageTemplates\Module->print_content()
#31 C:\wamp64\www\celr\wp-includes\template-loader.php(106): include('C:\\wamp64\\www\\c...')
#32 C:\wamp64\www\celr\wp-blog-header.php(19): require_once('C:\\wamp64\\www\\c...')
#33 C:\wamp64\www\celr\index.php(17): require('C:\\wamp64\\www\\c...')
#34 {main}
  thrown in C:\wamp64\www\celr\wp-content\plugins\custom-plugin-celr\single-product-page\components\display-market-price.php on line 64

2023-07-04T14:28:36+00:00 CRITICAL Uncaught Error: Call to a member function get_regular_price() on bool in C:\wamp64\www\celr\wp-content\plugins\custom-plugin-celr\single-product-page\required-functions.php:287
Stack trace:
#0 C:\wamp64\www\celr\wp-includes\class-wp-hook.php(308): override_variable_product_price(Object(WC_Cart))
#1 C:\wamp64\www\celr\wp-includes\class-wp-hook.php(332): WP_Hook->apply_filters(NULL, Array)
#2 C:\wamp64\www\celr\wp-includes\plugin.php(517): WP_Hook->do_action(Array)
#3 C:\wamp64\www\celr\wp-content\plugins\woocommerce\includes\class-wc-cart.php(1399): do_action('woocommerce_bef...', Object(WC_Cart))
#4 C:\wamp64\www\celr\wp-includes\class-wp-hook.php(306): WC_Cart->calculate_totals()
#5 C:\wamp64\www\celr\wp-includes\class-wp-hook.php(332): WP_Hook->apply_filters(NULL, Array)
#6 C:\wamp64\www\celr\wp-includes\plugin.php(517): WP_Hook->do_action(Array)
#7 C:\wamp64\www\celr\wp-content\plugins\woocommerce\includes\class-wc-cart.php(1279): do_action('woocommerce_add...', 'd3bb038700aa4c2...', 16384, 1, 0, Array, Array)
#8 C:\wamp64\www\celr\wp-content\plugins\woocommerce\includes\class-wc-form-handler.php(824): WC_Cart->add_to_cart(16384, 1)
#9 C:\wamp64\www\celr\wp-content\plugins\woocommerce\includes\class-wc-form-handler.php(796): WC_Form_Handler::add_to_cart_handler_simple(16384)
#10 C:\wamp64\www\celr\wp-includes\class-wp-hook.php(308): WC_Form_Handler::add_to_cart_action('')
#11 C:\wamp64\www\celr\wp-includes\class-wp-hook.php(332): WP_Hook->apply_filters(NULL, Array)
#12 C:\wamp64\www\celr\wp-includes\plugin.php(517): WP_Hook->do_action(Array)
#13 C:\wamp64\www\celr\wp-settings.php(645): do_action('wp_loaded')
#14 C:\wamp64\www\celr\wp-config.php(101): require_once('C:\\wamp64\\www\\c...')
#15 C:\wamp64\www\celr\wp-load.php(50): require_once('C:\\wamp64\\www\\c...')
#16 C:\wamp64\www\celr\wp-blog-header.php(13): require_once('C:\\wamp64\\www\\c...')
#17 C:\wamp64\www\celr\index.php(17): require('C:\\wamp64\\www\\c...')
#18 {main}
  thrown in C:\wamp64\www\celr\wp-content\plugins\custom-plugin-celr\single-product-page\required-functions.php on line 287

2023-07-04T14:31:42+00:00 CRITICAL Uncaught Error: Call to a member function set_price() on null in C:\wamp64\www\celr\wp-content\plugins\custom-plugin-celr\single-product-page\required-functions.php:128
Stack trace:
#0 C:\wamp64\www\celr\wp-includes\class-wp-hook.php(310): adjust_cart_item_price(Array, 16384)
#1 C:\wamp64\www\celr\wp-includes\plugin.php(205): WP_Hook->apply_filters(Array, Array)
#2 C:\wamp64\www\celr\wp-content\plugins\woocommerce\includes\class-wc-cart.php(1138): apply_filters('woocommerce_add...', Array, 16384, 0, 1)
#3 C:\wamp64\www\celr\wp-content\plugins\woocommerce\includes\class-wc-form-handler.php(824): WC_Cart->add_to_cart(16384, 1)
#4 C:\wamp64\www\celr\wp-content\plugins\woocommerce\includes\class-wc-form-handler.php(796): WC_Form_Handler::add_to_cart_handler_simple(16384)
#5 C:\wamp64\www\celr\wp-includes\class-wp-hook.php(308): WC_Form_Handler::add_to_cart_action('')
#6 C:\wamp64\www\celr\wp-includes\class-wp-hook.php(332): WP_Hook->apply_filters(NULL, Array)
#7 C:\wamp64\www\celr\wp-includes\plugin.php(517): WP_Hook->do_action(Array)
#8 C:\wamp64\www\celr\wp-settings.php(645): do_action('wp_loaded')
#9 C:\wamp64\www\celr\wp-config.php(101): require_once('C:\\wamp64\\www\\c...')
#10 C:\wamp64\www\celr\wp-load.php(50): require_once('C:\\wamp64\\www\\c...')
#11 C:\wamp64\www\celr\wp-blog-header.php(13): require_once('C:\\wamp64\\www\\c...')
#12 C:\wamp64\www\celr\index.php(17): require('C:\\wamp64\\www\\c...')
#13 {main}
  thrown in C:\wamp64\www\celr\wp-content\plugins\custom-plugin-celr\single-product-page\required-functions.php on line 128

2023-07-04T14:32:05+00:00 CRITICAL Uncaught Error: Call to a member function set_price() on null in C:\wamp64\www\celr\wp-content\plugins\custom-plugin-celr\single-product-page\required-functions.php:128
Stack trace:
#0 C:\wamp64\www\celr\wp-includes\class-wp-hook.php(310): adjust_cart_item_price(Array, 16384)
#1 C:\wamp64\www\celr\wp-includes\plugin.php(205): WP_Hook->apply_filters(Array, Array)
#2 C:\wamp64\www\celr\wp-content\plugins\woocommerce\includes\class-wc-cart.php(1138): apply_filters('woocommerce_add...', Array, 16384, 0, 1)
#3 C:\wamp64\www\celr\wp-content\plugins\woocommerce\includes\class-wc-form-handler.php(824): WC_Cart->add_to_cart(16384, 1)
#4 C:\wamp64\www\celr\wp-content\plugins\woocommerce\includes\class-wc-form-handler.php(796): WC_Form_Handler::add_to_cart_handler_simple(16384)
#5 C:\wamp64\www\celr\wp-includes\class-wp-hook.php(308): WC_Form_Handler::add_to_cart_action('')
#6 C:\wamp64\www\celr\wp-includes\class-wp-hook.php(332): WP_Hook->apply_filters(NULL, Array)
#7 C:\wamp64\www\celr\wp-includes\plugin.php(517): WP_Hook->do_action(Array)
#8 C:\wamp64\www\celr\wp-settings.php(645): do_action('wp_loaded')
#9 C:\wamp64\www\celr\wp-config.php(101): require_once('C:\\wamp64\\www\\c...')
#10 C:\wamp64\www\celr\wp-load.php(50): require_once('C:\\wamp64\\www\\c...')
#11 C:\wamp64\www\celr\wp-blog-header.php(13): require_once('C:\\wamp64\\www\\c...')
#12 C:\wamp64\www\celr\index.php(17): require('C:\\wamp64\\www\\c...')
#13 {main}
  thrown in C:\wamp64\www\celr\wp-content\plugins\custom-plugin-celr\single-product-page\required-functions.php on line 128

2023-07-04T14:32:26+00:00 CRITICAL Uncaught Error: Call to a member function set_price() on null in C:\wamp64\www\celr\wp-content\plugins\custom-plugin-celr\single-product-page\required-functions.php:128
Stack trace:
#0 C:\wamp64\www\celr\wp-includes\class-wp-hook.php(310): adjust_cart_item_price(Array, 16384)
#1 C:\wamp64\www\celr\wp-includes\plugin.php(205): WP_Hook->apply_filters(Array, Array)
#2 C:\wamp64\www\celr\wp-content\plugins\woocommerce\includes\class-wc-cart.php(1138): apply_filters('woocommerce_add...', Array, 16384, 0, 1)
#3 C:\wamp64\www\celr\wp-content\plugins\woocommerce\includes\class-wc-form-handler.php(824): WC_Cart->add_to_cart(16384, 1)
#4 C:\wamp64\www\celr\wp-content\plugins\woocommerce\includes\class-wc-form-handler.php(796): WC_Form_Handler::add_to_cart_handler_simple(16384)
#5 C:\wamp64\www\celr\wp-includes\class-wp-hook.php(308): WC_Form_Handler::add_to_cart_action('')
#6 C:\wamp64\www\celr\wp-includes\class-wp-hook.php(332): WP_Hook->apply_filters(NULL, Array)
#7 C:\wamp64\www\celr\wp-includes\plugin.php(517): WP_Hook->do_action(Array)
#8 C:\wamp64\www\celr\wp-settings.php(645): do_action('wp_loaded')
#9 C:\wamp64\www\celr\wp-config.php(101): require_once('C:\\wamp64\\www\\c...')
#10 C:\wamp64\www\celr\wp-load.php(50): require_once('C:\\wamp64\\www\\c...')
#11 C:\wamp64\www\celr\wp-blog-header.php(13): require_once('C:\\wamp64\\www\\c...')
#12 C:\wamp64\www\celr\index.php(17): require('C:\\wamp64\\www\\c...')
#13 {main}
  thrown in C:\wamp64\www\celr\wp-content\plugins\custom-plugin-celr\single-product-page\required-functions.php on line 128

2023-07-04T14:32:52+00:00 CRITICAL Uncaught Error: Call to a member function set_price() on null in C:\wamp64\www\celr\wp-content\plugins\custom-plugin-celr\single-product-page\required-functions.php:127
Stack trace:
#0 C:\wamp64\www\celr\wp-includes\class-wp-hook.php(310): adjust_cart_item_price(Array, 16384)
#1 C:\wamp64\www\celr\wp-includes\plugin.php(205): WP_Hook->apply_filters(Array, Array)
#2 C:\wamp64\www\celr\wp-content\plugins\woocommerce\includes\class-wc-cart.php(1138): apply_filters('woocommerce_add...', Array, 16384, 0, 1)
#3 C:\wamp64\www\celr\wp-content\plugins\woocommerce\includes\class-wc-form-handler.php(824): WC_Cart->add_to_cart(16384, 1)
#4 C:\wamp64\www\celr\wp-content\plugins\woocommerce\includes\class-wc-form-handler.php(796): WC_Form_Handler::add_to_cart_handler_simple(16384)
#5 C:\wamp64\www\celr\wp-includes\class-wp-hook.php(308): WC_Form_Handler::add_to_cart_action('')
#6 C:\wamp64\www\celr\wp-includes\class-wp-hook.php(332): WP_Hook->apply_filters(NULL, Array)
#7 C:\wamp64\www\celr\wp-includes\plugin.php(517): WP_Hook->do_action(Array)
#8 C:\wamp64\www\celr\wp-settings.php(645): do_action('wp_loaded')
#9 C:\wamp64\www\celr\wp-config.php(101): require_once('C:\\wamp64\\www\\c...')
#10 C:\wamp64\www\celr\wp-load.php(50): require_once('C:\\wamp64\\www\\c...')
#11 C:\wamp64\www\celr\wp-blog-header.php(13): require_once('C:\\wamp64\\www\\c...')
#12 C:\wamp64\www\celr\index.php(17): require('C:\\wamp64\\www\\c...')
#13 {main}
  thrown in C:\wamp64\www\celr\wp-content\plugins\custom-plugin-celr\single-product-page\required-functions.php on line 127

2023-07-04T14:42:40+00:00 CRITICAL Uncaught TypeError: min(): Argument #1 ($value) must be of type array, null given in C:\wamp64\www\celr\wp-content\plugins\custom-plugin-celr\single-product-page\components\display-market-price.php:64
Stack trace:
#0 C:\wamp64\www\celr\wp-content\plugins\custom-plugin-celr\single-product-page\components\display-market-price.php(64): min(NULL)
#1 C:\wamp64\www\celr\wp-includes\shortcodes.php(355): display_market_lowest_price(Array, '', 'display_market_...')
#2 [internal function]: do_shortcode_tag(Array)
#3 C:\wamp64\www\celr\wp-includes\shortcodes.php(227): preg_replace_callback('/\\[(\\[?)(displa...', 'do_shortcode_ta...', '[display_market...')
#4 C:\wamp64\www\celr\wp-content\plugins\custom-plugin-celr\single-product-page\components\vintage-filter.php(131): do_shortcode('[display_market...')
#5 C:\wamp64\www\celr\wp-includes\shortcodes.php(355): year_filter_shortcode('', '', 'year_filter')
#6 [internal function]: do_shortcode_tag(Array)
#7 C:\wamp64\www\celr\wp-includes\shortcodes.php(227): preg_replace_callback('/\\[(\\[?)(year_f...', 'do_shortcode_ta...', '[year_filter]\n')
#8 C:\wamp64\www\celr\wp-content\plugins\elementor\includes\widgets\shortcode.php(130): do_shortcode('[year_filter]\n')
#9 C:\wamp64\www\celr\wp-content\plugins\elementor\includes\base\controls-stack.php(2268): Elementor\Widget_Shortcode->render()
#10 C:\wamp64\www\celr\wp-content\plugins\elementor\includes\base\widget-base.php(609): Elementor\Controls_Stack->render_by_mode()
#11 C:\wamp64\www\celr\wp-content\plugins\elementor\includes\base\widget-base.php(750): Elementor\Widget_Base->render_content()
#12 C:\wamp64\www\celr\wp-content\plugins\elementor\includes\base\element-base.php(449): Elementor\Widget_Base->print_content()
#13 C:\wamp64\www\celr\wp-content\plugins\elementor\includes\base\element-base.php(1354): Elementor\Element_Base->print_element()
#14 C:\wamp64\www\celr\wp-content\plugins\elementor\includes\base\element-base.php(449): Elementor\Element_Base->print_content()
#15 C:\wamp64\www\celr\wp-content\plugins\elementor\includes\base\element-base.php(1354): Elementor\Element_Base->print_element()
#16 C:\wamp64\www\celr\wp-content\plugins\elementor\includes\base\element-base.php(449): Elementor\Element_Base->print_content()
#17 C:\wamp64\www\celr\wp-content\plugins\elementor\core\base\document.php(1711): Elementor\Element_Base->print_element()
#18 C:\wamp64\www\celr\wp-content\plugins\elementor-pro\modules\theme-builder\documents\theme-document.php(418): Elementor\Core\Base\Document->print_elements(Array)
#19 C:\wamp64\www\celr\wp-content\plugins\elementor\includes\frontend.php(1179): ElementorPro\Modules\ThemeBuilder\Documents\Theme_Document->print_elements_with_wrapper(Array)
#20 C:\wamp64\www\celr\wp-content\plugins\elementor\core\base\document.php(1155): Elementor\Frontend->get_builder_content(16270, false)
#21 C:\wamp64\www\celr\wp-content\plugins\elementor\modules\library\documents\library-document.php(76): Elementor\Core\Base\Document->get_content(false)
#22 C:\wamp64\www\celr\wp-content\plugins\elementor-pro\modules\theme-builder\documents\theme-document.php(158): Elementor\Modules\Library\Documents\Library_Document->get_content(false)
#23 C:\wamp64\www\celr\wp-content\plugins\elementor-pro\modules\theme-builder\documents\theme-document.php(173): ElementorPro\Modules\ThemeBuilder\Documents\Theme_Document->get_content()
#24 C:\wamp64\www\celr\wp-content\plugins\elementor-pro\modules\theme-builder\documents\single-base.php(93): ElementorPro\Modules\ThemeBuilder\Documents\Theme_Document->print_content()
#25 C:\wamp64\www\celr\wp-content\plugins\elementor-pro\modules\woocommerce\documents\product.php(133): ElementorPro\Modules\ThemeBuilder\Documents\Single_Base->print_content()
#26 C:\wamp64\www\celr\wp-content\plugins\elementor-pro\modules\theme-builder\classes\locations-manager.php(315): ElementorPro\Modules\Woocommerce\Documents\Product->print_content()
#27 C:\wamp64\www\celr\wp-content\plugins\elementor-pro\modules\theme-builder\classes\locations-manager.php(191): ElementorPro\Modules\ThemeBuilder\Classes\Locations_Manager->do_location('single')
#28 [internal function]: ElementorPro\Modules\ThemeBuilder\Classes\Locations_Manager->ElementorPro\Modules\ThemeBuilder\Classes\{closure}()
#29 C:\wamp64\www\celr\wp-content\plugins\elementor\modules\page-templates\module.php(207): call_user_func(Object(Closure))
#30 C:\wamp64\www\celr\wp-content\plugins\elementor\modules\page-templates\templates\header-footer.php(19): Elementor\Modules\PageTemplates\Module->print_content()
#31 C:\wamp64\www\celr\wp-includes\template-loader.php(106): include('C:\\wamp64\\www\\c...')
#32 C:\wamp64\www\celr\wp-blog-header.php(19): require_once('C:\\wamp64\\www\\c...')
#33 C:\wamp64\www\celr\index.php(17): require('C:\\wamp64\\www\\c...')
#34 {main}
  thrown in C:\wamp64\www\celr\wp-content\plugins\custom-plugin-celr\single-product-page\components\display-market-price.php on line 64

2023-07-04T14:42:49+00:00 CRITICAL Uncaught TypeError: min(): Argument #1 ($value) must be of type array, null given in C:\wamp64\www\celr\wp-content\plugins\custom-plugin-celr\single-product-page\components\display-market-price.php:64
Stack trace:
#0 C:\wamp64\www\celr\wp-content\plugins\custom-plugin-celr\single-product-page\components\display-market-price.php(64): min(NULL)
#1 C:\wamp64\www\celr\wp-includes\shortcodes.php(355): display_market_lowest_price(Array, '', 'display_market_...')
#2 [internal function]: do_shortcode_tag(Array)
#3 C:\wamp64\www\celr\wp-includes\shortcodes.php(227): preg_replace_callback('/\\[(\\[?)(displa...', 'do_shortcode_ta...', '[display_market...')
#4 C:\wamp64\www\celr\wp-content\plugins\custom-plugin-celr\single-product-page\components\vintage-filter.php(131): do_shortcode('[display_market...')
#5 C:\wamp64\www\celr\wp-includes\shortcodes.php(355): year_filter_shortcode('', '', 'year_filter')
#6 [internal function]: do_shortcode_tag(Array)
#7 C:\wamp64\www\celr\wp-includes\shortcodes.php(227): preg_replace_callback('/\\[(\\[?)(year_f...', 'do_shortcode_ta...', '[year_filter]\n')
#8 C:\wamp64\www\celr\wp-content\plugins\elementor\includes\widgets\shortcode.php(130): do_shortcode('[year_filter]\n')
#9 C:\wamp64\www\celr\wp-content\plugins\elementor\includes\base\controls-stack.php(2268): Elementor\Widget_Shortcode->render()
#10 C:\wamp64\www\celr\wp-content\plugins\elementor\includes\base\widget-base.php(609): Elementor\Controls_Stack->render_by_mode()
#11 C:\wamp64\www\celr\wp-content\plugins\elementor\includes\base\widget-base.php(750): Elementor\Widget_Base->render_content()
#12 C:\wamp64\www\celr\wp-content\plugins\elementor\includes\base\element-base.php(449): Elementor\Widget_Base->print_content()
#13 C:\wamp64\www\celr\wp-content\plugins\elementor\includes\base\element-base.php(1354): Elementor\Element_Base->print_element()
#14 C:\wamp64\www\celr\wp-content\plugins\elementor\includes\base\element-base.php(449): Elementor\Element_Base->print_content()
#15 C:\wamp64\www\celr\wp-content\plugins\elementor\includes\base\element-base.php(1354): Elementor\Element_Base->print_element()
#16 C:\wamp64\www\celr\wp-content\plugins\elementor\includes\base\element-base.php(449): Elementor\Element_Base->print_content()
#17 C:\wamp64\www\celr\wp-content\plugins\elementor\core\base\document.php(1711): Elementor\Element_Base->print_element()
#18 C:\wamp64\www\celr\wp-content\plugins\elementor-pro\modules\theme-builder\documents\theme-document.php(418): Elementor\Core\Base\Document->print_elements(Array)
#19 C:\wamp64\www\celr\wp-content\plugins\elementor\includes\frontend.php(1179): ElementorPro\Modules\ThemeBuilder\Documents\Theme_Document->print_elements_with_wrapper(Array)
#20 C:\wamp64\www\celr\wp-content\plugins\elementor\core\base\document.php(1155): Elementor\Frontend->get_builder_content(16270, false)
#21 C:\wamp64\www\celr\wp-content\plugins\elementor\modules\library\documents\library-document.php(76): Elementor\Core\Base\Document->get_content(false)
#22 C:\wamp64\www\celr\wp-content\plugins\elementor-pro\modules\theme-builder\documents\theme-document.php(158): Elementor\Modules\Library\Documents\Library_Document->get_content(false)
#23 C:\wamp64\www\celr\wp-content\plugins\elementor-pro\modules\theme-builder\documents\theme-document.php(173): ElementorPro\Modules\ThemeBuilder\Documents\Theme_Document->get_content()
#24 C:\wamp64\www\celr\wp-content\plugins\elementor-pro\modules\theme-builder\documents\single-base.php(93): ElementorPro\Modules\ThemeBuilder\Documents\Theme_Document->print_content()
#25 C:\wamp64\www\celr\wp-content\plugins\elementor-pro\modules\woocommerce\documents\product.php(133): ElementorPro\Modules\ThemeBuilder\Documents\Single_Base->print_content()
#26 C:\wamp64\www\celr\wp-content\plugins\elementor-pro\modules\theme-builder\classes\locations-manager.php(315): ElementorPro\Modules\Woocommerce\Documents\Product->print_content()
#27 C:\wamp64\www\celr\wp-content\plugins\elementor-pro\modules\theme-builder\classes\locations-manager.php(191): ElementorPro\Modules\ThemeBuilder\Classes\Locations_Manager->do_location('single')
#28 [internal function]: ElementorPro\Modules\ThemeBuilder\Classes\Locations_Manager->ElementorPro\Modules\ThemeBuilder\Classes\{closure}()
#29 C:\wamp64\www\celr\wp-content\plugins\elementor\modules\page-templates\module.php(207): call_user_func(Object(Closure))
#30 C:\wamp64\www\celr\wp-content\plugins\elementor\modules\page-templates\templates\header-footer.php(19): Elementor\Modules\PageTemplates\Module->print_content()
#31 C:\wamp64\www\celr\wp-includes\template-loader.php(106): include('C:\\wamp64\\www\\c...')
#32 C:\wamp64\www\celr\wp-blog-header.php(19): require_once('C:\\wamp64\\www\\c...')
#33 C:\wamp64\www\celr\index.php(17): require('C:\\wamp64\\www\\c...')
#34 {main}
  thrown in C:\wamp64\www\celr\wp-content\plugins\custom-plugin-celr\single-product-page\components\display-market-price.php on line 64

2023-07-04T14:43:15+00:00 CRITICAL Uncaught TypeError: min(): Argument #1 ($value) must be of type array, null given in C:\wamp64\www\celr\wp-content\plugins\custom-plugin-celr\single-product-page\components\display-market-price.php:64
Stack trace:
#0 C:\wamp64\www\celr\wp-content\plugins\custom-plugin-celr\single-product-page\components\display-market-price.php(64): min(NULL)
#1 C:\wamp64\www\celr\wp-includes\shortcodes.php(355): display_market_lowest_price(Array, '', 'display_market_...')
#2 [internal function]: do_shortcode_tag(Array)
#3 C:\wamp64\www\celr\wp-includes\shortcodes.php(227): preg_replace_callback('/\\[(\\[?)(displa...', 'do_shortcode_ta...', '[display_market...')
#4 C:\wamp64\www\celr\wp-content\plugins\custom-plugin-celr\single-product-page\components\vintage-filter.php(131): do_shortcode('[display_market...')
#5 C:\wamp64\www\celr\wp-includes\shortcodes.php(355): year_filter_shortcode('', '', 'year_filter')
#6 [internal function]: do_shortcode_tag(Array)
#7 C:\wamp64\www\celr\wp-includes\shortcodes.php(227): preg_replace_callback('/\\[(\\[?)(year_f...', 'do_shortcode_ta...', '[year_filter]\n')
#8 C:\wamp64\www\celr\wp-content\plugins\elementor\includes\widgets\shortcode.php(130): do_shortcode('[year_filter]\n')
#9 C:\wamp64\www\celr\wp-content\plugins\elementor\includes\base\controls-stack.php(2268): Elementor\Widget_Shortcode->render()
#10 C:\wamp64\www\celr\wp-content\plugins\elementor\includes\base\widget-base.php(609): Elementor\Controls_Stack->render_by_mode()
#11 C:\wamp64\www\celr\wp-content\plugins\elementor\includes\base\widget-base.php(750): Elementor\Widget_Base->render_content()
#12 C:\wamp64\www\celr\wp-content\plugins\elementor\includes\base\element-base.php(449): Elementor\Widget_Base->print_content()
#13 C:\wamp64\www\celr\wp-content\plugins\elementor\includes\base\element-base.php(1354): Elementor\Element_Base->print_element()
#14 C:\wamp64\www\celr\wp-content\plugins\elementor\includes\base\element-base.php(449): Elementor\Element_Base->print_content()
#15 C:\wamp64\www\celr\wp-content\plugins\elementor\includes\base\element-base.php(1354): Elementor\Element_Base->print_element()
#16 C:\wamp64\www\celr\wp-content\plugins\elementor\includes\base\element-base.php(449): Elementor\Element_Base->print_content()
#17 C:\wamp64\www\celr\wp-content\plugins\elementor\core\base\document.php(1711): Elementor\Element_Base->print_element()
#18 C:\wamp64\www\celr\wp-content\plugins\elementor-pro\modules\theme-builder\documents\theme-document.php(418): Elementor\Core\Base\Document->print_elements(Array)
#19 C:\wamp64\www\celr\wp-content\plugins\elementor\includes\frontend.php(1179): ElementorPro\Modules\ThemeBuilder\Documents\Theme_Document->print_elements_with_wrapper(Array)
#20 C:\wamp64\www\celr\wp-content\plugins\elementor\core\base\document.php(1155): Elementor\Frontend->get_builder_content(16270, false)
#21 C:\wamp64\www\celr\wp-content\plugins\elementor\modules\library\documents\library-document.php(76): Elementor\Core\Base\Document->get_content(false)
#22 C:\wamp64\www\celr\wp-content\plugins\elementor-pro\modules\theme-builder\documents\theme-document.php(158): Elementor\Modules\Library\Documents\Library_Document->get_content(false)
#23 C:\wamp64\www\celr\wp-content\plugins\elementor-pro\modules\theme-builder\documents\theme-document.php(173): ElementorPro\Modules\ThemeBuilder\Documents\Theme_Document->get_content()
#24 C:\wamp64\www\celr\wp-content\plugins\elementor-pro\modules\theme-builder\documents\single-base.php(93): ElementorPro\Modules\ThemeBuilder\Documents\Theme_Document->print_content()
#25 C:\wamp64\www\celr\wp-content\plugins\elementor-pro\modules\woocommerce\documents\product.php(133): ElementorPro\Modules\ThemeBuilder\Documents\Single_Base->print_content()
#26 C:\wamp64\www\celr\wp-content\plugins\elementor-pro\modules\theme-builder\classes\locations-manager.php(315): ElementorPro\Modules\Woocommerce\Documents\Product->print_content()
#27 C:\wamp64\www\celr\wp-content\plugins\elementor-pro\modules\theme-builder\classes\locations-manager.php(191): ElementorPro\Modules\ThemeBuilder\Classes\Locations_Manager->do_location('single')
#28 [internal function]: ElementorPro\Modules\ThemeBuilder\Classes\Locations_Manager->ElementorPro\Modules\ThemeBuilder\Classes\{closure}()
#29 C:\wamp64\www\celr\wp-content\plugins\elementor\modules\page-templates\module.php(207): call_user_func(Object(Closure))
#30 C:\wamp64\www\celr\wp-content\plugins\elementor\modules\page-templates\templates\header-footer.php(19): Elementor\Modules\PageTemplates\Module->print_content()
#31 C:\wamp64\www\celr\wp-includes\template-loader.php(106): include('C:\\wamp64\\www\\c...')
#32 C:\wamp64\www\celr\wp-blog-header.php(19): require_once('C:\\wamp64\\www\\c...')
#33 C:\wamp64\www\celr\index.php(17): require('C:\\wamp64\\www\\c...')
#34 {main}
  thrown in C:\wamp64\www\celr\wp-content\plugins\custom-plugin-celr\single-product-page\components\display-market-price.php on line 64

2023-07-04T14:43:23+00:00 CRITICAL Uncaught TypeError: min(): Argument #1 ($value) must be of type array, null given in C:\wamp64\www\celr\wp-content\plugins\custom-plugin-celr\single-product-page\components\display-market-price.php:64
Stack trace:
#0 C:\wamp64\www\celr\wp-content\plugins\custom-plugin-celr\single-product-page\components\display-market-price.php(64): min(NULL)
#1 C:\wamp64\www\celr\wp-includes\shortcodes.php(355): display_market_lowest_price(Array, '', 'display_market_...')
#2 [internal function]: do_shortcode_tag(Array)
#3 C:\wamp64\www\celr\wp-includes\shortcodes.php(227): preg_replace_callback('/\\[(\\[?)(displa...', 'do_shortcode_ta...', '[display_market...')
#4 C:\wamp64\www\celr\wp-content\plugins\custom-plugin-celr\single-product-page\components\vintage-filter.php(131): do_shortcode('[display_market...')
#5 C:\wamp64\www\celr\wp-includes\shortcodes.php(355): year_filter_shortcode('', '', 'year_filter')
#6 [internal function]: do_shortcode_tag(Array)
#7 C:\wamp64\www\celr\wp-includes\shortcodes.php(227): preg_replace_callback('/\\[(\\[?)(year_f...', 'do_shortcode_ta...', '[year_filter]\n')
#8 C:\wamp64\www\celr\wp-content\plugins\elementor\includes\widgets\shortcode.php(130): do_shortcode('[year_filter]\n')
#9 C:\wamp64\www\celr\wp-content\plugins\elementor\includes\base\controls-stack.php(2268): Elementor\Widget_Shortcode->render()
#10 C:\wamp64\www\celr\wp-content\plugins\elementor\includes\base\widget-base.php(609): Elementor\Controls_Stack->render_by_mode()
#11 C:\wamp64\www\celr\wp-content\plugins\elementor\includes\base\widget-base.php(750): Elementor\Widget_Base->render_content()
#12 C:\wamp64\www\celr\wp-content\plugins\elementor\includes\base\element-base.php(449): Elementor\Widget_Base->print_content()
#13 C:\wamp64\www\celr\wp-content\plugins\elementor\includes\base\element-base.php(1354): Elementor\Element_Base->print_element()
#14 C:\wamp64\www\celr\wp-content\plugins\elementor\includes\base\element-base.php(449): Elementor\Element_Base->print_content()
#15 C:\wamp64\www\celr\wp-content\plugins\elementor\includes\base\element-base.php(1354): Elementor\Element_Base->print_element()
#16 C:\wamp64\www\celr\wp-content\plugins\elementor\includes\base\element-base.php(449): Elementor\Element_Base->print_content()
#17 C:\wamp64\www\celr\wp-content\plugins\elementor\core\base\document.php(1711): Elementor\Element_Base->print_element()
#18 C:\wamp64\www\celr\wp-content\plugins\elementor-pro\modules\theme-builder\documents\theme-document.php(418): Elementor\Core\Base\Document->print_elements(Array)
#19 C:\wamp64\www\celr\wp-content\plugins\elementor\includes\frontend.php(1179): ElementorPro\Modules\ThemeBuilder\Documents\Theme_Document->print_elements_with_wrapper(Array)
#20 C:\wamp64\www\celr\wp-content\plugins\elementor\core\base\document.php(1155): Elementor\Frontend->get_builder_content(16270, false)
#21 C:\wamp64\www\celr\wp-content\plugins\elementor\modules\library\documents\library-document.php(76): Elementor\Core\Base\Document->get_content(false)
#22 C:\wamp64\www\celr\wp-content\plugins\elementor-pro\modules\theme-builder\documents\theme-document.php(158): Elementor\Modules\Library\Documents\Library_Document->get_content(false)
#23 C:\wamp64\www\celr\wp-content\plugins\elementor-pro\modules\theme-builder\documents\theme-document.php(173): ElementorPro\Modules\ThemeBuilder\Documents\Theme_Document->get_content()
#24 C:\wamp64\www\celr\wp-content\plugins\elementor-pro\modules\theme-builder\documents\single-base.php(93): ElementorPro\Modules\ThemeBuilder\Documents\Theme_Document->print_content()
#25 C:\wamp64\www\celr\wp-content\plugins\elementor-pro\modules\woocommerce\documents\product.php(133): ElementorPro\Modules\ThemeBuilder\Documents\Single_Base->print_content()
#26 C:\wamp64\www\celr\wp-content\plugins\elementor-pro\modules\theme-builder\classes\locations-manager.php(315): ElementorPro\Modules\Woocommerce\Documents\Product->print_content()
#27 C:\wamp64\www\celr\wp-content\plugins\elementor-pro\modules\theme-builder\classes\locations-manager.php(191): ElementorPro\Modules\ThemeBuilder\Classes\Locations_Manager->do_location('single')
#28 [internal function]: ElementorPro\Modules\ThemeBuilder\Classes\Locations_Manager->ElementorPro\Modules\ThemeBuilder\Classes\{closure}()
#29 C:\wamp64\www\celr\wp-content\plugins\elementor\modules\page-templates\module.php(207): call_user_func(Object(Closure))
#30 C:\wamp64\www\celr\wp-content\plugins\elementor\modules\page-templates\templates\header-footer.php(19): Elementor\Modules\PageTemplates\Module->print_content()
#31 C:\wamp64\www\celr\wp-includes\template-loader.php(106): include('C:\\wamp64\\www\\c...')
#32 C:\wamp64\www\celr\wp-blog-header.php(19): require_once('C:\\wamp64\\www\\c...')
#33 C:\wamp64\www\celr\index.php(17): require('C:\\wamp64\\www\\c...')
#34 {main}
  thrown in C:\wamp64\www\celr\wp-content\plugins\custom-plugin-celr\single-product-page\components\display-market-price.php on line 64

2023-07-04T21:20:28+00:00 CRITICAL Uncaught Error: Call to a member function update_meta_data() on int in C:\wamp64\www\celr\wp-content\plugins\custom-plugin-celr\single-product-page\components\display-vendor.php:317
Stack trace:
#0 C:\wamp64\www\celr\wp-includes\class-wp-hook.php(310): save_custom_price_field(16384)
#1 C:\wamp64\www\celr\wp-includes\class-wp-hook.php(332): WP_Hook->apply_filters('', Array)
#2 C:\wamp64\www\celr\wp-includes\plugin.php(517): WP_Hook->do_action(Array)
#3 C:\wamp64\www\celr\wp-content\plugins\woocommerce\includes\admin\class-wc-admin-meta-boxes.php(268): do_action('woocommerce_pro...', 16384, Object(WP_Post))
#4 C:\wamp64\www\celr\wp-includes\class-wp-hook.php(310): WC_Admin_Meta_Boxes->save_meta_boxes(16384, Object(WP_Post))
#5 C:\wamp64\www\celr\wp-includes\class-wp-hook.php(332): WP_Hook->apply_filters('', Array)
#6 C:\wamp64\www\celr\wp-includes\plugin.php(517): WP_Hook->do_action(Array)
#7 C:\wamp64\www\celr\wp-includes\post.php(4715): do_action('save_post', 16384, Object(WP_Post), true)
#8 C:\wamp64\www\celr\wp-includes\post.php(4817): wp_insert_post(Array, false, true)
#9 C:\wamp64\www\celr\wp-admin\includes\post.php(439): wp_update_post(Array)
#10 C:\wamp64\www\celr\wp-admin\post.php(227): edit_post()
#11 {main}
  thrown in C:\wamp64\www\celr\wp-content\plugins\custom-plugin-celr\single-product-page\components\display-vendor.php on line 317

2023-07-04T21:21:05+00:00 CRITICAL Uncaught Error: Call to a member function update_meta_data() on int in C:\wamp64\www\celr\wp-content\plugins\custom-plugin-celr\single-product-page\components\display-vendor.php:317
Stack trace:
#0 C:\wamp64\www\celr\wp-includes\class-wp-hook.php(310): save_custom_price_field(16384)
#1 C:\wamp64\www\celr\wp-includes\class-wp-hook.php(332): WP_Hook->apply_filters('', Array)
#2 C:\wamp64\www\celr\wp-includes\plugin.php(517): WP_Hook->do_action(Array)
#3 C:\wamp64\www\celr\wp-content\plugins\woocommerce\includes\admin\class-wc-admin-meta-boxes.php(268): do_action('woocommerce_pro...', 16384, Object(WP_Post))
#4 C:\wamp64\www\celr\wp-includes\class-wp-hook.php(310): WC_Admin_Meta_Boxes->save_meta_boxes(16384, Object(WP_Post))
#5 C:\wamp64\www\celr\wp-includes\class-wp-hook.php(332): WP_Hook->apply_filters('', Array)
#6 C:\wamp64\www\celr\wp-includes\plugin.php(517): WP_Hook->do_action(Array)
#7 C:\wamp64\www\celr\wp-includes\post.php(4715): do_action('save_post', 16384, Object(WP_Post), true)
#8 C:\wamp64\www\celr\wp-includes\post.php(4817): wp_insert_post(Array, false, true)
#9 C:\wamp64\www\celr\wp-admin\includes\post.php(439): wp_update_post(Array)
#10 C:\wamp64\www\celr\wp-admin\post.php(227): edit_post()
#11 {main}
  thrown in C:\wamp64\www\celr\wp-content\plugins\custom-plugin-celr\single-product-page\components\display-vendor.php on line 317

2023-07-04T21:21:18+00:00 CRITICAL Uncaught Error: Call to a member function update_meta_data() on int in C:\wamp64\www\celr\wp-content\plugins\custom-plugin-celr\single-product-page\components\display-vendor.php:317
Stack trace:
#0 C:\wamp64\www\celr\wp-includes\class-wp-hook.php(310): save_custom_price_field(16384)
#1 C:\wamp64\www\celr\wp-includes\class-wp-hook.php(332): WP_Hook->apply_filters('', Array)
#2 C:\wamp64\www\celr\wp-includes\plugin.php(517): WP_Hook->do_action(Array)
#3 C:\wamp64\www\celr\wp-content\plugins\woocommerce\includes\admin\class-wc-admin-meta-boxes.php(268): do_action('woocommerce_pro...', 16384, Object(WP_Post))
#4 C:\wamp64\www\celr\wp-includes\class-wp-hook.php(310): WC_Admin_Meta_Boxes->save_meta_boxes(16384, Object(WP_Post))
#5 C:\wamp64\www\celr\wp-includes\class-wp-hook.php(332): WP_Hook->apply_filters('', Array)
#6 C:\wamp64\www\celr\wp-includes\plugin.php(517): WP_Hook->do_action(Array)
#7 C:\wamp64\www\celr\wp-includes\post.php(4715): do_action('save_post', 16384, Object(WP_Post), true)
#8 C:\wamp64\www\celr\wp-includes\post.php(4817): wp_insert_post(Array, false, true)
#9 C:\wamp64\www\celr\wp-admin\includes\post.php(439): wp_update_post(Array)
#10 C:\wamp64\www\celr\wp-admin\post.php(227): edit_post()
#11 {main}
  thrown in C:\wamp64\www\celr\wp-content\plugins\custom-plugin-celr\single-product-page\components\display-vendor.php on line 317

