2023-06-22T04:14:15+00:00 CRITICAL Maximum execution time of 120 seconds exceeded in C:\wamp64\www\celr\wp-includes\Requests\src\Transport\Curl.php on line 533

2023-06-22T04:45:06+00:00 CRITICAL Uncaught Error: Call to a member function get_meta() on array in C:\wamp64\www\celr\wp-content\plugins\custom-plugin-celr\single-product-page\required-functions.php:30
Stack trace:
#0 C:\wamp64\www\celr\wp-includes\class-wp-hook.php(308): display_vendor_info_in_cart(Array, Array)
#1 C:\wamp64\www\celr\wp-includes\plugin.php(205): WP_Hook->apply_filters(Array, Array)
#2 C:\wamp64\www\celr\wp-content\plugins\woocommerce\includes\wc-template-functions.php(3767): apply_filters('woocommerce_get...', Array, Array)
#3 C:\wamp64\www\celr\wp-content\plugins\woocommerce\templates\checkout\review-order.php(40): wc_get_formatted_cart_item_data(Array)
#4 C:\wamp64\www\celr\wp-content\plugins\woocommerce\includes\wc-core-functions.php(345): include('C:\\wamp64\\www\\c...')
#5 C:\wamp64\www\celr\wp-content\plugins\woocommerce\includes\wc-template-functions.php(2363): wc_get_template('checkout/review...', Array)
#6 C:\wamp64\www\celr\wp-includes\class-wp-hook.php(308): woocommerce_order_review('')
#7 C:\wamp64\www\celr\wp-includes\class-wp-hook.php(332): WP_Hook->apply_filters(NULL, Array)
#8 C:\wamp64\www\celr\wp-includes\plugin.php(517): WP_Hook->do_action(Array)
#9 C:\wamp64\www\celr\wp-content\themes\woodmart\woodmart\woocommerce\checkout\form-checkout.php(71): do_action('woocommerce_che...')
#10 C:\wamp64\www\celr\wp-content\plugins\woocommerce\includes\wc-core-functions.php(345): include('C:\\wamp64\\www\\c...')
#11 C:\wamp64\www\celr\wp-content\plugins\woocommerce\includes\shortcodes\class-wc-shortcode-checkout.php(316): wc_get_template('checkout/form-c...', Array)
#12 C:\wamp64\www\celr\wp-content\plugins\woocommerce\includes\shortcodes\class-wc-shortcode-checkout.php(67): WC_Shortcode_Checkout::checkout()
#13 C:\wamp64\www\celr\wp-content\plugins\woocommerce\includes\class-wc-shortcodes.php(72): WC_Shortcode_Checkout::output('')
#14 C:\wamp64\www\celr\wp-content\plugins\woocommerce\includes\class-wc-shortcodes.php(95): WC_Shortcodes::shortcode_wrapper(Array, '')
#15 C:\wamp64\www\celr\wp-includes\shortcodes.php(355): WC_Shortcodes::checkout('', '', 'woocommerce_che...')
#16 [internal function]: do_shortcode_tag(Array)
#17 C:\wamp64\www\celr\wp-includes\shortcodes.php(227): preg_replace_callback('/\\[(\\[?)(woocom...', 'do_shortcode_ta...', '[woocommerce_ch...')
#18 C:\wamp64\www\celr\wp-includes\class-wp-hook.php(308): do_shortcode('[woocommerce_ch...')
#19 C:\wamp64\www\celr\wp-includes\plugin.php(205): WP_Hook->apply_filters('[woocommerce_ch...', Array)
#20 C:\wamp64\www\celr\wp-content\themes\woodmart\woodmart\inc\template-tags\template-tags.php(507): apply_filters('the_content', '<!-- wp:shortco...')
#21 C:\wamp64\www\celr\wp-content\themes\woodmart\woodmart\page.php(26): woodmart_get_the_content()
#22 C:\wamp64\www\celr\wp-includes\template-loader.php(106): include('C:\\wamp64\\www\\c...')
#23 C:\wamp64\www\celr\wp-blog-header.php(19): require_once('C:\\wamp64\\www\\c...')
#24 C:\wamp64\www\celr\index.php(17): require('C:\\wamp64\\www\\c...')
#25 {main}
  thrown in C:\wamp64\www\celr\wp-content\plugins\custom-plugin-celr\single-product-page\required-functions.php on line 30

2023-06-22T05:21:45+00:00 CRITICAL Uncaught TypeError: Unsupported operand types: string + string in C:\wamp64\www\celr\wp-content\plugins\custom-plugin-celr\single-product-page\components\display-vendor.php:174
Stack trace:
#0 C:\wamp64\www\celr\wp-content\plugins\custom-plugin-celr\single-product-page\components\display-vendor.php(276): display_vendor_data(16384)
#1 C:\wamp64\www\celr\wp-includes\shortcodes.php(355): shortcode_vendor_data('', '', 'vendor_data')
#2 [internal function]: do_shortcode_tag(Array)
#3 C:\wamp64\www\celr\wp-includes\shortcodes.php(227): preg_replace_callback('/\\[(\\[?)(vendor...', 'do_shortcode_ta...', '[vendor_data]')
#4 C:\wamp64\www\celr\wp-content\plugins\elementor\includes\widgets\shortcode.php(130): do_shortcode('[vendor_data]')
#5 C:\wamp64\www\celr\wp-content\plugins\elementor\includes\base\controls-stack.php(2268): Elementor\Widget_Shortcode->render()
#6 C:\wamp64\www\celr\wp-content\plugins\elementor\includes\base\widget-base.php(609): Elementor\Controls_Stack->render_by_mode()
#7 C:\wamp64\www\celr\wp-content\plugins\elementor\includes\base\widget-base.php(750): Elementor\Widget_Base->render_content()
#8 C:\wamp64\www\celr\wp-content\plugins\elementor\includes\base\element-base.php(449): Elementor\Widget_Base->print_content()
#9 C:\wamp64\www\celr\wp-content\plugins\elementor\includes\base\element-base.php(1354): Elementor\Element_Base->print_element()
#10 C:\wamp64\www\celr\wp-content\plugins\elementor\includes\base\element-base.php(449): Elementor\Element_Base->print_content()
#11 C:\wamp64\www\celr\wp-content\plugins\elementor\includes\base\element-base.php(1354): Elementor\Element_Base->print_element()
#12 C:\wamp64\www\celr\wp-content\plugins\elementor\includes\base\element-base.php(449): Elementor\Element_Base->print_content()
#13 C:\wamp64\www\celr\wp-content\plugins\elementor\core\base\document.php(1711): Elementor\Element_Base->print_element()
#14 C:\wamp64\www\celr\wp-content\plugins\elementor-pro\modules\theme-builder\documents\theme-document.php(418): Elementor\Core\Base\Document->print_elements(Array)
#15 C:\wamp64\www\celr\wp-content\plugins\elementor\includes\frontend.php(1179): ElementorPro\Modules\ThemeBuilder\Documents\Theme_Document->print_elements_with_wrapper(Array)
#16 C:\wamp64\www\celr\wp-content\plugins\elementor\core\base\document.php(1155): Elementor\Frontend->get_builder_content(16270, false)
#17 C:\wamp64\www\celr\wp-content\plugins\elementor\modules\library\documents\library-document.php(76): Elementor\Core\Base\Document->get_content(false)
#18 C:\wamp64\www\celr\wp-content\plugins\elementor-pro\modules\theme-builder\documents\theme-document.php(158): Elementor\Modules\Library\Documents\Library_Document->get_content(false)
#19 C:\wamp64\www\celr\wp-content\plugins\elementor-pro\modules\theme-builder\documents\theme-document.php(173): ElementorPro\Modules\ThemeBuilder\Documents\Theme_Document->get_content()
#20 C:\wamp64\www\celr\wp-content\plugins\elementor-pro\modules\theme-builder\documents\single-base.php(93): ElementorPro\Modules\ThemeBuilder\Documents\Theme_Document->print_content()
#21 C:\wamp64\www\celr\wp-content\plugins\elementor-pro\modules\woocommerce\documents\product.php(133): ElementorPro\Modules\ThemeBuilder\Documents\Single_Base->print_content()
#22 C:\wamp64\www\celr\wp-content\plugins\elementor-pro\modules\theme-builder\classes\locations-manager.php(315): ElementorPro\Modules\Woocommerce\Documents\Product->print_content()
#23 C:\wamp64\www\celr\wp-content\plugins\elementor-pro\modules\theme-builder\classes\locations-manager.php(191): ElementorPro\Modules\ThemeBuilder\Classes\Locations_Manager->do_location('single')
#24 [internal function]: ElementorPro\Modules\ThemeBuilder\Classes\Locations_Manager->ElementorPro\Modules\ThemeBuilder\Classes\{closure}()
#25 C:\wamp64\www\celr\wp-content\plugins\elementor\modules\page-templates\module.php(207): call_user_func(Object(Closure))
#26 C:\wamp64\www\celr\wp-content\plugins\elementor\modules\page-templates\templates\header-footer.php(19): Elementor\Modules\PageTemplates\Module->print_content()
#27 C:\wamp64\www\celr\wp-includes\template-loader.php(106): include('C:\\wamp64\\www\\c...')
#28 C:\wamp64\www\celr\wp-blog-header.php(19): require_once('C:\\wamp64\\www\\c...')
#29 C:\wamp64\www\celr\index.php(17): require('C:\\wamp64\\www\\c...')
#30 {main}
  thrown in C:\wamp64\www\celr\wp-content\plugins\custom-plugin-celr\single-product-page\components\display-vendor.php on line 174

2023-06-22T05:41:04+00:00 CRITICAL Uncaught Error: Call to a member function set_price() on null in C:\wamp64\www\celr\wp-content\plugins\custom-plugin-celr\single-product-page\required-functions.php:128
Stack trace:
#0 C:\wamp64\www\celr\wp-includes\class-wp-hook.php(310): adjust_cart_item_price(Array, 16384)
#1 C:\wamp64\www\celr\wp-includes\plugin.php(205): WP_Hook->apply_filters(Array, Array)
#2 C:\wamp64\www\celr\wp-content\plugins\woocommerce\includes\class-wc-cart.php(1138): apply_filters('woocommerce_add...', Array, 16384, 0, 1)
#3 C:\wamp64\www\celr\wp-content\plugins\woocommerce\includes\class-wc-form-handler.php(824): WC_Cart->add_to_cart(16384, 1)
#4 C:\wamp64\www\celr\wp-content\plugins\woocommerce\includes\class-wc-form-handler.php(796): WC_Form_Handler::add_to_cart_handler_simple(16384)
#5 C:\wamp64\www\celr\wp-includes\class-wp-hook.php(308): WC_Form_Handler::add_to_cart_action('')
#6 C:\wamp64\www\celr\wp-includes\class-wp-hook.php(332): WP_Hook->apply_filters(NULL, Array)
#7 C:\wamp64\www\celr\wp-includes\plugin.php(517): WP_Hook->do_action(Array)
#8 C:\wamp64\www\celr\wp-settings.php(645): do_action('wp_loaded')
#9 C:\wamp64\www\celr\wp-config.php(101): require_once('C:\\wamp64\\www\\c...')
#10 C:\wamp64\www\celr\wp-load.php(50): require_once('C:\\wamp64\\www\\c...')
#11 C:\wamp64\www\celr\wp-blog-header.php(13): require_once('C:\\wamp64\\www\\c...')
#12 C:\wamp64\www\celr\index.php(17): require('C:\\wamp64\\www\\c...')
#13 {main}
  thrown in C:\wamp64\www\celr\wp-content\plugins\custom-plugin-celr\single-product-page\required-functions.php on line 128

