2023-05-27T06:26:57+00:00 CRITICAL syntax error, unexpected token ")" in C:\wamp64\www\celr\wp-content\themes\woodmart\woodmart\functions.php on line 921

2023-05-27T06:37:02+00:00 CRITICAL syntax error, unexpected token "&&", expecting "->" or "?->" or "{" or "[" in C:\wamp64\www\celr\wp-content\themes\woodmart\woodmart\functions.php on line 916

2023-05-27T06:44:05+00:00 CRITICAL Unclosed '(' does not match ']' in C:\wamp64\www\celr\wp-content\themes\woodmart\woodmart\functions.php on line 923

2023-05-27T06:45:06+00:00 CRITICAL Unclosed '(' does not match ']' in C:\wamp64\www\celr\wp-content\themes\woodmart\woodmart\functions.php on line 923

2023-05-27T06:52:31+00:00 CRITICAL Unclosed '(' does not match ']' in C:\wamp64\www\celr\wp-content\themes\woodmart\woodmart\functions.php on line 921

2023-05-27T07:16:39+00:00 CRITICAL Uncaught Error: Call to undefined function dokan_is_user_seller() in C:\wamp64\www\celr\wp-content\plugins\custom-dokan-sell-form\custom-dokan-sell-form.php:17
Stack trace:
#0 C:\wamp64\www\celr\wp-includes\class-wp-hook.php(308): custom_dokan_sell_form('')
#1 C:\wamp64\www\celr\wp-includes\class-wp-hook.php(332): WP_Hook->apply_filters(NULL, Array)
#2 C:\wamp64\www\celr\wp-includes\plugin.php(517): WP_Hook->do_action(Array)
#3 C:\wamp64\www\celr\wp-content\themes\woodmart\woodmart\woocommerce\content-single-product.php(189): do_action('woocommerce_sin...')
#4 C:\wamp64\www\celr\wp-includes\template.php(785): require('C:\\wamp64\\www\\c...')
#5 C:\wamp64\www\celr\wp-content\plugins\woocommerce\includes\wc-core-functions.php(284): load_template('C:\\wamp64\\www\\c...', false)
#6 C:\wamp64\www\celr\wp-content\themes\woodmart\woodmart\woocommerce\single-product.php(28): wc_get_template_part('content', 'single-product')
#7 C:\wamp64\www\celr\wp-includes\template-loader.php(106): include('C:\\wamp64\\www\\c...')
#8 C:\wamp64\www\celr\wp-blog-header.php(19): require_once('C:\\wamp64\\www\\c...')
#9 C:\wamp64\www\celr\index.php(17): require('C:\\wamp64\\www\\c...')
#10 {main}
  thrown in C:\wamp64\www\celr\wp-content\plugins\custom-dokan-sell-form\custom-dokan-sell-form.php on line 17

2023-05-27T08:48:24+00:00 CRITICAL Uncaught TypeError: Unsupported operand types: string - string in C:\wamp64\www\celr\wp-content\themes\woodmart\woodmart\functions.php:1078
Stack trace:
#0 [internal function]: {closure}(Array, Array)
#1 C:\wamp64\www\celr\wp-content\themes\woodmart\woodmart\functions.php(1080): usort(Array, Object(Closure))
#2 C:\wamp64\www\celr\wp-content\themes\woodmart\woodmart\functions.php(1176): display_vendor_data(15956)
#3 C:\wamp64\www\celr\wp-includes\shortcodes.php(355): shortcode_vendor_data('', '', 'vendor_data')
#4 [internal function]: do_shortcode_tag(Array)
#5 C:\wamp64\www\celr\wp-includes\shortcodes.php(227): preg_replace_callback('/\\[(\\[?)(vendor...', 'do_shortcode_ta...', '[vendor_data]')
#6 C:\wamp64\www\celr\wp-content\plugins\elementor\includes\widgets\shortcode.php(130): do_shortcode('[vendor_data]')
#7 C:\wamp64\www\celr\wp-content\plugins\elementor\includes\base\controls-stack.php(2268): Elementor\Widget_Shortcode->render()
#8 C:\wamp64\www\celr\wp-content\plugins\elementor\includes\base\widget-base.php(609): Elementor\Controls_Stack->render_by_mode()
#9 C:\wamp64\www\celr\wp-content\plugins\elementor\includes\base\widget-base.php(750): Elementor\Widget_Base->render_content()
#10 C:\wamp64\www\celr\wp-content\plugins\elementor\includes\base\element-base.php(449): Elementor\Widget_Base->print_content()
#11 C:\wamp64\www\celr\wp-content\plugins\elementor\includes\base\element-base.php(1354): Elementor\Element_Base->print_element()
#12 C:\wamp64\www\celr\wp-content\plugins\elementor\includes\base\element-base.php(449): Elementor\Element_Base->print_content()
#13 C:\wamp64\www\celr\wp-content\plugins\elementor\includes\base\element-base.php(1354): Elementor\Element_Base->print_element()
#14 C:\wamp64\www\celr\wp-content\plugins\elementor\includes\base\element-base.php(449): Elementor\Element_Base->print_content()
#15 C:\wamp64\www\celr\wp-content\plugins\elementor\core\base\document.php(1711): Elementor\Element_Base->print_element()
#16 C:\wamp64\www\celr\wp-content\plugins\elementor-pro\modules\theme-builder\documents\theme-document.php(418): Elementor\Core\Base\Document->print_elements(Array)
#17 C:\wamp64\www\celr\wp-content\plugins\elementor\includes\frontend.php(1179): ElementorPro\Modules\ThemeBuilder\Documents\Theme_Document->print_elements_with_wrapper(Array)
#18 C:\wamp64\www\celr\wp-content\plugins\elementor\core\base\document.php(1155): Elementor\Frontend->get_builder_content(16270, false)
#19 C:\wamp64\www\celr\wp-content\plugins\elementor\modules\library\documents\library-document.php(76): Elementor\Core\Base\Document->get_content(false)
#20 C:\wamp64\www\celr\wp-content\plugins\elementor-pro\modules\theme-builder\documents\theme-document.php(158): Elementor\Modules\Library\Documents\Library_Document->get_content(false)
#21 C:\wamp64\www\celr\wp-content\plugins\elementor-pro\modules\theme-builder\documents\theme-document.php(173): ElementorPro\Modules\ThemeBuilder\Documents\Theme_Document->get_content()
#22 C:\wamp64\www\celr\wp-content\plugins\elementor-pro\modules\theme-builder\documents\single-base.php(93): ElementorPro\Modules\ThemeBuilder\Documents\Theme_Document->print_content()
#23 C:\wamp64\www\celr\wp-content\plugins\elementor-pro\modules\woocommerce\documents\product.php(133): ElementorPro\Modules\ThemeBuilder\Documents\Single_Base->print_content()
#24 C:\wamp64\www\celr\wp-content\plugins\elementor-pro\modules\theme-builder\classes\locations-manager.php(315): ElementorPro\Modules\Woocommerce\Documents\Product->print_content()
#25 C:\wamp64\www\celr\wp-content\plugins\elementor-pro\modules\theme-builder\classes\locations-manager.php(191): ElementorPro\Modules\ThemeBuilder\Classes\Locations_Manager->do_location('single')
#26 [internal function]: ElementorPro\Modules\ThemeBuilder\Classes\Locations_Manager->ElementorPro\Modules\ThemeBuilder\Classes\{closure}()
#27 C:\wamp64\www\celr\wp-content\plugins\elementor\modules\page-templates\module.php(207): call_user_func(Object(Closure))
#28 C:\wamp64\www\celr\wp-content\plugins\elementor\modules\page-templates\templates\header-footer.php(19): Elementor\Modules\PageTemplates\Module->print_content()
#29 C:\wamp64\www\celr\wp-includes\template-loader.php(106): include('C:\\wamp64\\www\\c...')
#30 C:\wamp64\www\celr\wp-blog-header.php(19): require_once('C:\\wamp64\\www\\c...')
#31 C:\wamp64\www\celr\index.php(17): require('C:\\wamp64\\www\\c...')
#32 {main}
  thrown in C:\wamp64\www\celr\wp-content\themes\woodmart\woodmart\functions.php on line 1078

2023-05-27T12:28:34+00:00 CRITICAL Uncaught Error: Call to a member function get_regular_price() on bool in C:\wamp64\www\celr\wp-content\themes\woodmart\woodmart\functions.php:430
Stack trace:
#0 C:\wamp64\www\celr\wp-includes\shortcodes.php(355): vendor_form_shortcode(Array, '', 'vendor_form')
#1 [internal function]: do_shortcode_tag(Array)
#2 C:\wamp64\www\celr\wp-includes\shortcodes.php(227): preg_replace_callback('/\\[(\\[?)(vendor...', 'do_shortcode_ta...', '[vendor_form]')
#3 C:\wamp64\www\celr\wp-content\plugins\elementor-pro\modules\dynamic-tags\tags\shortcode.php(54): do_shortcode('[vendor_form]')
#4 C:\wamp64\www\celr\wp-content\plugins\elementor\core\dynamic-tags\tag.php(35): ElementorPro\Modules\DynamicTags\Tags\Shortcode->render()
#5 C:\wamp64\www\celr\wp-content\plugins\elementor\core\dynamic-tags\manager.php(216): Elementor\Core\DynamicTags\Tag->get_content()
#6 [internal function]: Elementor\Core\DynamicTags\Manager->get_tag_data_content('df21c88', 'shortcode', Array)
#7 C:\wamp64\www\celr\wp-content\plugins\elementor\core\dynamic-tags\manager.php(109): call_user_func_array(Array, Array)
#8 C:\wamp64\www\celr\wp-content\plugins\elementor\core\dynamic-tags\manager.php(74): Elementor\Core\DynamicTags\Manager->parse_tag_text('[elementor-tag ...', Array, Array)
#9 [internal function]: Elementor\Core\DynamicTags\Manager->Elementor\Core\DynamicTags\{closure}(Array)
#10 C:\wamp64\www\celr\wp-content\plugins\elementor\core\dynamic-tags\manager.php(73): preg_replace_callback('/\\[elementor-ta...', Object(Closure), '[elementor-tag ...')
#11 C:\wamp64\www\celr\wp-content\plugins\elementor\includes\controls\base-data.php(91): Elementor\Core\DynamicTags\Manager->parse_tags_text('[elementor-tag ...', Array, Array)
#12 C:\wamp64\www\celr\wp-content\plugins\elementor\includes\base\controls-stack.php(1276): Elementor\Base_Data_Control->parse_tags('[elementor-tag ...', Array)
#13 C:\wamp64\www\celr\wp-content\plugins\elementor\includes\base\controls-stack.php(1127): Elementor\Controls_Stack->parse_dynamic_settings(Array)
#14 C:\wamp64\www\celr\wp-content\plugins\elementor\includes\base\controls-stack.php(1212): Elementor\Controls_Stack->get_parsed_dynamic_settings()
#15 C:\wamp64\www\celr\wp-content\themes\woodmart\woodmart\inc\integrations\elementor\elements\button\class-button.php(226): Elementor\Controls_Stack->get_settings_for_display()
#16 C:\wamp64\www\celr\wp-content\plugins\elementor\includes\base\controls-stack.php(2268): XTS\Elementor\Button->render()
#17 C:\wamp64\www\celr\wp-content\plugins\elementor\includes\base\widget-base.php(609): Elementor\Controls_Stack->render_by_mode()
#18 C:\wamp64\www\celr\wp-content\plugins\elementor\core\base\document.php(292): Elementor\Widget_Base->render_content()
#19 C:\wamp64\www\celr\wp-content\plugins\elementor-pro\modules\theme-builder\documents\theme-document.php(456): Elementor\Core\Base\Document->render_element(Array)
#20 C:\wamp64\www\celr\wp-content\plugins\elementor\includes\managers\widgets.php(425): ElementorPro\Modules\ThemeBuilder\Documents\Theme_Document->render_element(Array)
#21 [internal function]: Elementor\Widgets_Manager->ajax_render_widget(Array, Object(Elementor\Core\Common\Modules\Ajax\Module))
#22 C:\wamp64\www\celr\wp-content\plugins\elementor\core\common\modules\ajax\module.php(175): call_user_func(Array, Array, Object(Elementor\Core\Common\Modules\Ajax\Module))
#23 C:\wamp64\www\celr\wp-includes\class-wp-hook.php(308): Elementor\Core\Common\Modules\Ajax\Module->handle_ajax_request('')
#24 C:\wamp64\www\celr\wp-includes\class-wp-hook.php(332): WP_Hook->apply_filters('', Array)
#25 C:\wamp64\www\celr\wp-includes\plugin.php(517): WP_Hook->do_action(Array)
#26 C:\wamp64\www\celr\wp-admin\admin-ajax.php(188): do_action('wp_ajax_element...')
#27 {main}
  thrown in C:\wamp64\www\celr\wp-content\themes\woodmart\woodmart\functions.php on line 430

2023-05-27T12:28:58+00:00 CRITICAL Uncaught Error: Call to a member function get_regular_price() on bool in C:\wamp64\www\celr\wp-content\themes\woodmart\woodmart\functions.php:430
Stack trace:
#0 C:\wamp64\www\celr\wp-includes\shortcodes.php(355): vendor_form_shortcode(Array, '', 'vendor_form')
#1 [internal function]: do_shortcode_tag(Array)
#2 C:\wamp64\www\celr\wp-includes\shortcodes.php(227): preg_replace_callback('/\\[(\\[?)(vendor...', 'do_shortcode_ta...', '[vendor_form]')
#3 C:\wamp64\www\celr\wp-content\plugins\elementor-pro\modules\dynamic-tags\tags\shortcode.php(54): do_shortcode('[vendor_form]')
#4 C:\wamp64\www\celr\wp-content\plugins\elementor\core\dynamic-tags\tag.php(35): ElementorPro\Modules\DynamicTags\Tags\Shortcode->render()
#5 C:\wamp64\www\celr\wp-content\plugins\elementor\core\dynamic-tags\manager.php(216): Elementor\Core\DynamicTags\Tag->get_content()
#6 [internal function]: Elementor\Core\DynamicTags\Manager->get_tag_data_content('df21c88', 'shortcode', Array)
#7 C:\wamp64\www\celr\wp-content\plugins\elementor\core\dynamic-tags\manager.php(109): call_user_func_array(Array, Array)
#8 C:\wamp64\www\celr\wp-content\plugins\elementor\core\dynamic-tags\manager.php(74): Elementor\Core\DynamicTags\Manager->parse_tag_text('[elementor-tag ...', Array, Array)
#9 [internal function]: Elementor\Core\DynamicTags\Manager->Elementor\Core\DynamicTags\{closure}(Array)
#10 C:\wamp64\www\celr\wp-content\plugins\elementor\core\dynamic-tags\manager.php(73): preg_replace_callback('/\\[elementor-ta...', Object(Closure), '[elementor-tag ...')
#11 C:\wamp64\www\celr\wp-content\plugins\elementor\includes\controls\base-data.php(91): Elementor\Core\DynamicTags\Manager->parse_tags_text('[elementor-tag ...', Array, Array)
#12 C:\wamp64\www\celr\wp-content\plugins\elementor\includes\base\controls-stack.php(1276): Elementor\Base_Data_Control->parse_tags('[elementor-tag ...', Array)
#13 C:\wamp64\www\celr\wp-content\plugins\elementor\includes\base\controls-stack.php(1127): Elementor\Controls_Stack->parse_dynamic_settings(Array)
#14 C:\wamp64\www\celr\wp-content\plugins\elementor\core\files\css\post.php(298): Elementor\Controls_Stack->get_parsed_dynamic_settings()
#15 C:\wamp64\www\celr\wp-content\plugins\elementor\core\files\css\post.php(226): Elementor\Core\Files\CSS\Post->render_styles(Object(XTS\Elementor\Button))
#16 C:\wamp64\www\celr\wp-content\plugins\elementor\core\files\css\post.php(298): Elementor\Core\Files\CSS\Post->add_controls_stack_style_rules(Object(Elementor\Element_Column), Array, Array, Array, Array)
#17 C:\wamp64\www\celr\wp-content\plugins\elementor\core\files\css\post.php(226): Elementor\Core\Files\CSS\Post->render_styles(Object(Elementor\Element_Column))
#18 C:\wamp64\www\celr\wp-content\plugins\elementor\core\files\css\post.php(298): Elementor\Core\Files\CSS\Post->add_controls_stack_style_rules(Object(Elementor\Element_Section), Array, Array, Array, Array)
#19 C:\wamp64\www\celr\wp-content\plugins\elementor\core\files\css\post.php(178): Elementor\Core\Files\CSS\Post->render_styles(Object(Elementor\Element_Section))
#20 C:\wamp64\www\celr\wp-content\plugins\elementor\core\files\css\base.php(659): Elementor\Core\Files\CSS\Post->render_css()
#21 C:\wamp64\www\celr\wp-content\plugins\elementor\core\files\base.php(180): Elementor\Core\Files\CSS\Base->parse_content()
#22 C:\wamp64\www\celr\wp-content\plugins\elementor\core\files\css\base.php(130): Elementor\Core\Files\Base->update_file()
#23 C:\wamp64\www\celr\wp-content\plugins\elementor\core\files\css\base.php(217): Elementor\Core\Files\CSS\Base->update()
#24 C:\wamp64\www\celr\wp-content\plugins\elementor\core\files\css\post.php(201): Elementor\Core\Files\CSS\Base->enqueue()
#25 C:\wamp64\www\celr\wp-content\plugins\elementor-pro\modules\theme-builder\classes\locations-manager.php(93): Elementor\Core\Files\CSS\Post->enqueue()
#26 C:\wamp64\www\celr\wp-includes\class-wp-hook.php(308): ElementorPro\Modules\ThemeBuilder\Classes\Locations_Manager->enqueue_styles('')
#27 C:\wamp64\www\celr\wp-includes\class-wp-hook.php(332): WP_Hook->apply_filters(NULL, Array)
#28 C:\wamp64\www\celr\wp-includes\plugin.php(517): WP_Hook->do_action(Array)
#29 C:\wamp64\www\celr\wp-includes\script-loader.php(2194): do_action('wp_enqueue_scri...')
#30 C:\wamp64\www\celr\wp-includes\class-wp-hook.php(308): wp_enqueue_scripts('')
#31 C:\wamp64\www\celr\wp-includes\class-wp-hook.php(332): WP_Hook->apply_filters(NULL, Array)
#32 C:\wamp64\www\celr\wp-includes\plugin.php(517): WP_Hook->do_action(Array)
#33 C:\wamp64\www\celr\wp-includes\general-template.php(3049): do_action('wp_head')
#34 C:\wamp64\www\celr\wp-content\themes\woodmart\woodmart\header.php(12): wp_head()
#35 C:\wamp64\www\celr\wp-includes\template.php(783): require_once('C:\\wamp64\\www\\c...')
#36 C:\wamp64\www\celr\wp-includes\template.php(718): load_template('C:\\wamp64\\www\\c...', true, Array)
#37 C:\wamp64\www\celr\wp-includes\general-template.php(48): locate_template(Array, true, true, Array)
#38 C:\wamp64\www\celr\wp-content\plugins\elementor\modules\page-templates\templates\header-footer.php(9): get_header()
#39 C:\wamp64\www\celr\wp-includes\template-loader.php(106): include('C:\\wamp64\\www\\c...')
#40 C:\wamp64\www\celr\wp-blog-header.php(19): require_once('C:\\wamp64\\www\\c...')
#41 C:\wamp64\www\celr\index.php(17): require('C:\\wamp64\\www\\c...')
#42 {main}
  thrown in C:\wamp64\www\celr\wp-content\themes\woodmart\woodmart\functions.php on line 430

2023-05-27T12:29:06+00:00 CRITICAL Uncaught Error: Call to a member function get_regular_price() on bool in C:\wamp64\www\celr\wp-content\themes\woodmart\woodmart\functions.php:430
Stack trace:
#0 C:\wamp64\www\celr\wp-includes\shortcodes.php(355): vendor_form_shortcode(Array, '', 'vendor_form')
#1 [internal function]: do_shortcode_tag(Array)
#2 C:\wamp64\www\celr\wp-includes\shortcodes.php(227): preg_replace_callback('/\\[(\\[?)(vendor...', 'do_shortcode_ta...', '[vendor_form]')
#3 C:\wamp64\www\celr\wp-content\plugins\elementor-pro\modules\dynamic-tags\tags\shortcode.php(54): do_shortcode('[vendor_form]')
#4 C:\wamp64\www\celr\wp-content\plugins\elementor\core\dynamic-tags\tag.php(35): ElementorPro\Modules\DynamicTags\Tags\Shortcode->render()
#5 C:\wamp64\www\celr\wp-content\plugins\elementor\core\dynamic-tags\manager.php(216): Elementor\Core\DynamicTags\Tag->get_content()
#6 [internal function]: Elementor\Core\DynamicTags\Manager->get_tag_data_content('df21c88', 'shortcode', Array)
#7 C:\wamp64\www\celr\wp-content\plugins\elementor\core\dynamic-tags\manager.php(109): call_user_func_array(Array, Array)
#8 C:\wamp64\www\celr\wp-content\plugins\elementor\core\dynamic-tags\manager.php(74): Elementor\Core\DynamicTags\Manager->parse_tag_text('[elementor-tag ...', Array, Array)
#9 [internal function]: Elementor\Core\DynamicTags\Manager->Elementor\Core\DynamicTags\{closure}(Array)
#10 C:\wamp64\www\celr\wp-content\plugins\elementor\core\dynamic-tags\manager.php(73): preg_replace_callback('/\\[elementor-ta...', Object(Closure), '[elementor-tag ...')
#11 C:\wamp64\www\celr\wp-content\plugins\elementor\includes\controls\base-data.php(91): Elementor\Core\DynamicTags\Manager->parse_tags_text('[elementor-tag ...', Array, Array)
#12 C:\wamp64\www\celr\wp-content\plugins\elementor\includes\base\controls-stack.php(1276): Elementor\Base_Data_Control->parse_tags('[elementor-tag ...', Array)
#13 C:\wamp64\www\celr\wp-content\plugins\elementor\includes\base\controls-stack.php(1127): Elementor\Controls_Stack->parse_dynamic_settings(Array)
#14 C:\wamp64\www\celr\wp-content\plugins\elementor\core\files\css\post.php(298): Elementor\Controls_Stack->get_parsed_dynamic_settings()
#15 C:\wamp64\www\celr\wp-content\plugins\elementor\core\files\css\post.php(226): Elementor\Core\Files\CSS\Post->render_styles(Object(XTS\Elementor\Button))
#16 C:\wamp64\www\celr\wp-content\plugins\elementor\core\files\css\post.php(298): Elementor\Core\Files\CSS\Post->add_controls_stack_style_rules(Object(Elementor\Element_Column), Array, Array, Array, Array)
#17 C:\wamp64\www\celr\wp-content\plugins\elementor\core\files\css\post.php(226): Elementor\Core\Files\CSS\Post->render_styles(Object(Elementor\Element_Column))
#18 C:\wamp64\www\celr\wp-content\plugins\elementor\core\files\css\post.php(298): Elementor\Core\Files\CSS\Post->add_controls_stack_style_rules(Object(Elementor\Element_Section), Array, Array, Array, Array)
#19 C:\wamp64\www\celr\wp-content\plugins\elementor\core\files\css\post.php(178): Elementor\Core\Files\CSS\Post->render_styles(Object(Elementor\Element_Section))
#20 C:\wamp64\www\celr\wp-content\plugins\elementor\core\files\css\base.php(659): Elementor\Core\Files\CSS\Post->render_css()
#21 C:\wamp64\www\celr\wp-content\plugins\elementor\core\files\base.php(180): Elementor\Core\Files\CSS\Base->parse_content()
#22 C:\wamp64\www\celr\wp-content\plugins\elementor\core\files\css\base.php(130): Elementor\Core\Files\Base->update_file()
#23 C:\wamp64\www\celr\wp-content\plugins\elementor\core\files\css\base.php(217): Elementor\Core\Files\CSS\Base->update()
#24 C:\wamp64\www\celr\wp-content\plugins\elementor\core\files\css\post.php(201): Elementor\Core\Files\CSS\Base->enqueue()
#25 C:\wamp64\www\celr\wp-content\plugins\elementor-pro\modules\theme-builder\classes\locations-manager.php(93): Elementor\Core\Files\CSS\Post->enqueue()
#26 C:\wamp64\www\celr\wp-includes\class-wp-hook.php(308): ElementorPro\Modules\ThemeBuilder\Classes\Locations_Manager->enqueue_styles('')
#27 C:\wamp64\www\celr\wp-includes\class-wp-hook.php(332): WP_Hook->apply_filters(NULL, Array)
#28 C:\wamp64\www\celr\wp-includes\plugin.php(517): WP_Hook->do_action(Array)
#29 C:\wamp64\www\celr\wp-includes\script-loader.php(2194): do_action('wp_enqueue_scri...')
#30 C:\wamp64\www\celr\wp-includes\class-wp-hook.php(308): wp_enqueue_scripts('')
#31 C:\wamp64\www\celr\wp-includes\class-wp-hook.php(332): WP_Hook->apply_filters(NULL, Array)
#32 C:\wamp64\www\celr\wp-includes\plugin.php(517): WP_Hook->do_action(Array)
#33 C:\wamp64\www\celr\wp-includes\general-template.php(3049): do_action('wp_head')
#34 C:\wamp64\www\celr\wp-content\themes\woodmart\woodmart\header.php(12): wp_head()
#35 C:\wamp64\www\celr\wp-includes\template.php(783): require_once('C:\\wamp64\\www\\c...')
#36 C:\wamp64\www\celr\wp-includes\template.php(718): load_template('C:\\wamp64\\www\\c...', true, Array)
#37 C:\wamp64\www\celr\wp-includes\general-template.php(48): locate_template(Array, true, true, Array)
#38 C:\wamp64\www\celr\wp-content\plugins\elementor\modules\page-templates\templates\header-footer.php(9): get_header()
#39 C:\wamp64\www\celr\wp-includes\template-loader.php(106): include('C:\\wamp64\\www\\c...')
#40 C:\wamp64\www\celr\wp-blog-header.php(19): require_once('C:\\wamp64\\www\\c...')
#41 C:\wamp64\www\celr\index.php(17): require('C:\\wamp64\\www\\c...')
#42 {main}
  thrown in C:\wamp64\www\celr\wp-content\themes\woodmart\woodmart\functions.php on line 430

2023-05-27T12:29:22+00:00 CRITICAL Uncaught Error: Call to a member function get_regular_price() on bool in C:\wamp64\www\celr\wp-content\themes\woodmart\woodmart\functions.php:430
Stack trace:
#0 C:\wamp64\www\celr\wp-includes\shortcodes.php(355): vendor_form_shortcode(Array, '', 'vendor_form')
#1 [internal function]: do_shortcode_tag(Array)
#2 C:\wamp64\www\celr\wp-includes\shortcodes.php(227): preg_replace_callback('/\\[(\\[?)(vendor...', 'do_shortcode_ta...', '[vendor_form]')
#3 C:\wamp64\www\celr\wp-content\plugins\elementor-pro\modules\dynamic-tags\tags\shortcode.php(54): do_shortcode('[vendor_form]')
#4 C:\wamp64\www\celr\wp-content\plugins\elementor\core\dynamic-tags\tag.php(35): ElementorPro\Modules\DynamicTags\Tags\Shortcode->render()
#5 C:\wamp64\www\celr\wp-content\plugins\elementor\core\dynamic-tags\manager.php(216): Elementor\Core\DynamicTags\Tag->get_content()
#6 [internal function]: Elementor\Core\DynamicTags\Manager->get_tag_data_content('df21c88', 'shortcode', Array)
#7 C:\wamp64\www\celr\wp-content\plugins\elementor\core\dynamic-tags\manager.php(109): call_user_func_array(Array, Array)
#8 C:\wamp64\www\celr\wp-content\plugins\elementor\core\dynamic-tags\manager.php(74): Elementor\Core\DynamicTags\Manager->parse_tag_text('[elementor-tag ...', Array, Array)
#9 [internal function]: Elementor\Core\DynamicTags\Manager->Elementor\Core\DynamicTags\{closure}(Array)
#10 C:\wamp64\www\celr\wp-content\plugins\elementor\core\dynamic-tags\manager.php(73): preg_replace_callback('/\\[elementor-ta...', Object(Closure), '[elementor-tag ...')
#11 C:\wamp64\www\celr\wp-content\plugins\elementor\includes\controls\base-data.php(91): Elementor\Core\DynamicTags\Manager->parse_tags_text('[elementor-tag ...', Array, Array)
#12 C:\wamp64\www\celr\wp-content\plugins\elementor\includes\base\controls-stack.php(1276): Elementor\Base_Data_Control->parse_tags('[elementor-tag ...', Array)
#13 C:\wamp64\www\celr\wp-content\plugins\elementor\includes\base\controls-stack.php(1127): Elementor\Controls_Stack->parse_dynamic_settings(Array)
#14 C:\wamp64\www\celr\wp-content\plugins\elementor\includes\base\controls-stack.php(1212): Elementor\Controls_Stack->get_parsed_dynamic_settings()
#15 C:\wamp64\www\celr\wp-content\themes\woodmart\woodmart\inc\integrations\elementor\elements\button\class-button.php(226): Elementor\Controls_Stack->get_settings_for_display()
#16 C:\wamp64\www\celr\wp-content\plugins\elementor\includes\base\controls-stack.php(2268): XTS\Elementor\Button->render()
#17 C:\wamp64\www\celr\wp-content\plugins\elementor\includes\base\widget-base.php(609): Elementor\Controls_Stack->render_by_mode()
#18 C:\wamp64\www\celr\wp-content\plugins\elementor\core\base\document.php(292): Elementor\Widget_Base->render_content()
#19 C:\wamp64\www\celr\wp-content\plugins\elementor-pro\modules\theme-builder\documents\theme-document.php(456): Elementor\Core\Base\Document->render_element(Array)
#20 C:\wamp64\www\celr\wp-content\plugins\elementor\includes\managers\widgets.php(425): ElementorPro\Modules\ThemeBuilder\Documents\Theme_Document->render_element(Array)
#21 [internal function]: Elementor\Widgets_Manager->ajax_render_widget(Array, Object(Elementor\Core\Common\Modules\Ajax\Module))
#22 C:\wamp64\www\celr\wp-content\plugins\elementor\core\common\modules\ajax\module.php(175): call_user_func(Array, Array, Object(Elementor\Core\Common\Modules\Ajax\Module))
#23 C:\wamp64\www\celr\wp-includes\class-wp-hook.php(308): Elementor\Core\Common\Modules\Ajax\Module->handle_ajax_request('')
#24 C:\wamp64\www\celr\wp-includes\class-wp-hook.php(332): WP_Hook->apply_filters('', Array)
#25 C:\wamp64\www\celr\wp-includes\plugin.php(517): WP_Hook->do_action(Array)
#26 C:\wamp64\www\celr\wp-admin\admin-ajax.php(188): do_action('wp_ajax_element...')
#27 {main}
  thrown in C:\wamp64\www\celr\wp-content\themes\woodmart\woodmart\functions.php on line 430

2023-05-27T12:49:50+00:00 CRITICAL Cannot redeclare add_vendor_price_button_shortcode() (previously declared in C:\wamp64\www\celr\wp-content\themes\woodmart\woodmart\functions.php:1279) in C:\wamp64\www\celr\wp-content\themes\woodmart\woodmart\functions.php on line 1285

