2023-05-19T10:14:33+00:00 CRITICAL Uncaught TypeError: array_map(): Argument #2 ($array) must be of type array, null given in C:\wamp64\www\celr\wp-content\themes\woodmart\woodmart\functions.php:125
Stack trace:
#0 C:\wamp64\www\celr\wp-content\themes\woodmart\woodmart\functions.php(125): array_map('sanitize_text_f...', NULL)
#1 C:\wamp64\www\celr\wp-includes\class-wp-hook.php(308): save_vendor_data_frontend('')
#2 C:\wamp64\www\celr\wp-includes\class-wp-hook.php(332): WP_Hook->apply_filters(NULL, Array)
#3 C:\wamp64\www\celr\wp-includes\plugin.php(517): WP_Hook->do_action(Array)
#4 C:\wamp64\www\celr\wp-settings.php(623): do_action('init')
#5 C:\wamp64\www\celr\wp-config.php(98): require_once('C:\\wamp64\\www\\c...')
#6 C:\wamp64\www\celr\wp-load.php(50): require_once('C:\\wamp64\\www\\c...')
#7 C:\wamp64\www\celr\wp-blog-header.php(13): require_once('C:\\wamp64\\www\\c...')
#8 C:\wamp64\www\celr\index.php(17): require('C:\\wamp64\\www\\c...')
#9 {main}
  thrown in C:\wamp64\www\celr\wp-content\themes\woodmart\woodmart\functions.php on line 125

2023-05-19T10:15:30+00:00 CRITICAL Uncaught TypeError: array_map(): Argument #2 ($array) must be of type array, null given in C:\wamp64\www\celr\wp-content\themes\woodmart\woodmart\functions.php:125
Stack trace:
#0 C:\wamp64\www\celr\wp-content\themes\woodmart\woodmart\functions.php(125): array_map('sanitize_text_f...', NULL)
#1 C:\wamp64\www\celr\wp-includes\class-wp-hook.php(308): save_vendor_data_frontend('')
#2 C:\wamp64\www\celr\wp-includes\class-wp-hook.php(332): WP_Hook->apply_filters(NULL, Array)
#3 C:\wamp64\www\celr\wp-includes\plugin.php(517): WP_Hook->do_action(Array)
#4 C:\wamp64\www\celr\wp-settings.php(623): do_action('init')
#5 C:\wamp64\www\celr\wp-config.php(98): require_once('C:\\wamp64\\www\\c...')
#6 C:\wamp64\www\celr\wp-load.php(50): require_once('C:\\wamp64\\www\\c...')
#7 C:\wamp64\www\celr\wp-blog-header.php(13): require_once('C:\\wamp64\\www\\c...')
#8 C:\wamp64\www\celr\index.php(17): require('C:\\wamp64\\www\\c...')
#9 {main}
  thrown in C:\wamp64\www\celr\wp-content\themes\woodmart\woodmart\functions.php on line 125

2023-05-19T10:23:27+00:00 CRITICAL Uncaught TypeError: array_map(): Argument #2 ($array) must be of type array, null given in C:\wamp64\www\celr\wp-content\themes\woodmart\woodmart\functions.php:231
Stack trace:
#0 C:\wamp64\www\celr\wp-content\themes\woodmart\woodmart\functions.php(231): array_map('sanitize_text_f...', NULL)
#1 C:\wamp64\www\celr\wp-includes\class-wp-hook.php(308): save_vendor_data_frontend('')
#2 C:\wamp64\www\celr\wp-includes\class-wp-hook.php(332): WP_Hook->apply_filters(NULL, Array)
#3 C:\wamp64\www\celr\wp-includes\plugin.php(517): WP_Hook->do_action(Array)
#4 C:\wamp64\www\celr\wp-settings.php(623): do_action('init')
#5 C:\wamp64\www\celr\wp-config.php(98): require_once('C:\\wamp64\\www\\c...')
#6 C:\wamp64\www\celr\wp-load.php(50): require_once('C:\\wamp64\\www\\c...')
#7 C:\wamp64\www\celr\wp-blog-header.php(13): require_once('C:\\wamp64\\www\\c...')
#8 C:\wamp64\www\celr\index.php(17): require('C:\\wamp64\\www\\c...')
#9 {main}
  thrown in C:\wamp64\www\celr\wp-content\themes\woodmart\woodmart\functions.php on line 231

2023-05-19T10:24:24+00:00 CRITICAL Uncaught TypeError: array_map(): Argument #2 ($array) must be of type array, null given in C:\wamp64\www\celr\wp-content\themes\woodmart\woodmart\functions.php:231
Stack trace:
#0 C:\wamp64\www\celr\wp-content\themes\woodmart\woodmart\functions.php(231): array_map('sanitize_text_f...', NULL)
#1 C:\wamp64\www\celr\wp-includes\class-wp-hook.php(308): save_vendor_data_frontend('')
#2 C:\wamp64\www\celr\wp-includes\class-wp-hook.php(332): WP_Hook->apply_filters(NULL, Array)
#3 C:\wamp64\www\celr\wp-includes\plugin.php(517): WP_Hook->do_action(Array)
#4 C:\wamp64\www\celr\wp-settings.php(623): do_action('init')
#5 C:\wamp64\www\celr\wp-config.php(98): require_once('C:\\wamp64\\www\\c...')
#6 C:\wamp64\www\celr\wp-load.php(50): require_once('C:\\wamp64\\www\\c...')
#7 C:\wamp64\www\celr\wp-blog-header.php(13): require_once('C:\\wamp64\\www\\c...')
#8 C:\wamp64\www\celr\index.php(17): require('C:\\wamp64\\www\\c...')
#9 {main}
  thrown in C:\wamp64\www\celr\wp-content\themes\woodmart\woodmart\functions.php on line 231

2023-05-19T10:24:42+00:00 CRITICAL Uncaught TypeError: array_map(): Argument #2 ($array) must be of type array, null given in C:\wamp64\www\celr\wp-content\themes\woodmart\woodmart\functions.php:231
Stack trace:
#0 C:\wamp64\www\celr\wp-content\themes\woodmart\woodmart\functions.php(231): array_map('sanitize_text_f...', NULL)
#1 C:\wamp64\www\celr\wp-includes\class-wp-hook.php(308): save_vendor_data_frontend('')
#2 C:\wamp64\www\celr\wp-includes\class-wp-hook.php(332): WP_Hook->apply_filters(NULL, Array)
#3 C:\wamp64\www\celr\wp-includes\plugin.php(517): WP_Hook->do_action(Array)
#4 C:\wamp64\www\celr\wp-settings.php(623): do_action('init')
#5 C:\wamp64\www\celr\wp-config.php(98): require_once('C:\\wamp64\\www\\c...')
#6 C:\wamp64\www\celr\wp-load.php(50): require_once('C:\\wamp64\\www\\c...')
#7 C:\wamp64\www\celr\wp-blog-header.php(13): require_once('C:\\wamp64\\www\\c...')
#8 C:\wamp64\www\celr\index.php(17): require('C:\\wamp64\\www\\c...')
#9 {main}
  thrown in C:\wamp64\www\celr\wp-content\themes\woodmart\woodmart\functions.php on line 231

2023-05-19T10:28:48+00:00 CRITICAL Uncaught TypeError: array_map(): Argument #2 ($array) must be of type array, null given in C:\wamp64\www\celr\wp-content\themes\woodmart\woodmart\functions.php:76
Stack trace:
#0 C:\wamp64\www\celr\wp-content\themes\woodmart\woodmart\functions.php(76): array_map('sanitize_text_f...', NULL)
#1 C:\wamp64\www\celr\wp-includes\class-wp-hook.php(308): save_vendor_data_frontend('')
#2 C:\wamp64\www\celr\wp-includes\class-wp-hook.php(332): WP_Hook->apply_filters(NULL, Array)
#3 C:\wamp64\www\celr\wp-includes\plugin.php(517): WP_Hook->do_action(Array)
#4 C:\wamp64\www\celr\wp-includes\template-loader.php(13): do_action('template_redire...')
#5 C:\wamp64\www\celr\wp-blog-header.php(19): require_once('C:\\wamp64\\www\\c...')
#6 C:\wamp64\www\celr\index.php(17): require('C:\\wamp64\\www\\c...')
#7 {main}
  thrown in C:\wamp64\www\celr\wp-content\themes\woodmart\woodmart\functions.php on line 76

2023-05-19T10:33:51+00:00 CRITICAL Uncaught TypeError: call_user_func(): Argument #1 ($callback) must be a valid callback, function "render_vendor_meta_box" not found or invalid function name in C:\wamp64\www\celr\wp-admin\includes\template.php:1445
Stack trace:
#0 C:\wamp64\www\celr\wp-admin\edit-form-advanced.php(688): do_meta_boxes(Object(WP_Screen), 'normal', Object(WP_Post))
#1 C:\wamp64\www\celr\wp-admin\post.php(206): require('C:\\wamp64\\www\\c...')
#2 {main}
  thrown in C:\wamp64\www\celr\wp-admin\includes\template.php on line 1445

2023-05-19T10:58:34+00:00 CRITICAL Uncaught TypeError: array_map(): Argument #2 ($array) must be of type array, null given in C:\wamp64\www\celr\wp-content\themes\woodmart\woodmart\functions.php:157
Stack trace:
#0 C:\wamp64\www\celr\wp-content\themes\woodmart\woodmart\functions.php(157): array_map('sanitize_text_f...', NULL)
#1 C:\wamp64\www\celr\wp-includes\class-wp-hook.php(308): save_vendor_data_frontend('')
#2 C:\wamp64\www\celr\wp-includes\class-wp-hook.php(332): WP_Hook->apply_filters(NULL, Array)
#3 C:\wamp64\www\celr\wp-includes\plugin.php(517): WP_Hook->do_action(Array)
#4 C:\wamp64\www\celr\wp-settings.php(623): do_action('init')
#5 C:\wamp64\www\celr\wp-config.php(98): require_once('C:\\wamp64\\www\\c...')
#6 C:\wamp64\www\celr\wp-load.php(50): require_once('C:\\wamp64\\www\\c...')
#7 C:\wamp64\www\celr\wp-blog-header.php(13): require_once('C:\\wamp64\\www\\c...')
#8 C:\wamp64\www\celr\index.php(17): require('C:\\wamp64\\www\\c...')
#9 {main}
  thrown in C:\wamp64\www\celr\wp-content\themes\woodmart\woodmart\functions.php on line 157

2023-05-19T11:00:22+00:00 CRITICAL Uncaught Error: Call to undefined function get_current_user_display_name() in C:\wamp64\www\celr\wp-content\themes\woodmart\woodmart\functions.php:216
Stack trace:
#0 C:\wamp64\www\celr\wp-includes\shortcodes.php(355): vendor_form_shortcode(Array, '', 'vendor_form')
#1 [internal function]: do_shortcode_tag(Array)
#2 C:\wamp64\www\celr\wp-includes\shortcodes.php(227): preg_replace_callback('/\\[(\\[?)(vendor...', 'do_shortcode_ta...', '[vendor_form pr...')
#3 C:\wamp64\www\celr\wp-content\themes\woodmart\woodmart\vendor-template.php(10): do_shortcode('[vendor_form pr...')
#4 C:\wamp64\www\celr\wp-includes\template-loader.php(106): include('C:\\wamp64\\www\\c...')
#5 C:\wamp64\www\celr\wp-blog-header.php(19): require_once('C:\\wamp64\\www\\c...')
#6 C:\wamp64\www\celr\index.php(17): require('C:\\wamp64\\www\\c...')
#7 {main}
  thrown in C:\wamp64\www\celr\wp-content\themes\woodmart\woodmart\functions.php on line 216

2023-05-19T11:00:30+00:00 CRITICAL Uncaught Error: Call to undefined function get_current_user_display_name() in C:\wamp64\www\celr\wp-content\themes\woodmart\woodmart\functions.php:216
Stack trace:
#0 C:\wamp64\www\celr\wp-includes\shortcodes.php(355): vendor_form_shortcode(Array, '', 'vendor_form')
#1 [internal function]: do_shortcode_tag(Array)
#2 C:\wamp64\www\celr\wp-includes\shortcodes.php(227): preg_replace_callback('/\\[(\\[?)(vendor...', 'do_shortcode_ta...', '[vendor_form pr...')
#3 C:\wamp64\www\celr\wp-content\themes\woodmart\woodmart\vendor-template.php(10): do_shortcode('[vendor_form pr...')
#4 C:\wamp64\www\celr\wp-includes\template-loader.php(106): include('C:\\wamp64\\www\\c...')
#5 C:\wamp64\www\celr\wp-blog-header.php(19): require_once('C:\\wamp64\\www\\c...')
#6 C:\wamp64\www\celr\index.php(17): require('C:\\wamp64\\www\\c...')
#7 {main}
  thrown in C:\wamp64\www\celr\wp-content\themes\woodmart\woodmart\functions.php on line 216

2023-05-19T11:00:54+00:00 CRITICAL Uncaught Error: Call to undefined function get_current_user_display_name() in C:\wamp64\www\celr\wp-content\themes\woodmart\woodmart\functions.php:216
Stack trace:
#0 C:\wamp64\www\celr\wp-includes\shortcodes.php(355): vendor_form_shortcode(Array, '', 'vendor_form')
#1 [internal function]: do_shortcode_tag(Array)
#2 C:\wamp64\www\celr\wp-includes\shortcodes.php(227): preg_replace_callback('/\\[(\\[?)(vendor...', 'do_shortcode_ta...', '[vendor_form pr...')
#3 C:\wamp64\www\celr\wp-content\themes\woodmart\woodmart\vendor-template.php(10): do_shortcode('[vendor_form pr...')
#4 C:\wamp64\www\celr\wp-includes\template-loader.php(106): include('C:\\wamp64\\www\\c...')
#5 C:\wamp64\www\celr\wp-blog-header.php(19): require_once('C:\\wamp64\\www\\c...')
#6 C:\wamp64\www\celr\index.php(17): require('C:\\wamp64\\www\\c...')
#7 {main}
  thrown in C:\wamp64\www\celr\wp-content\themes\woodmart\woodmart\functions.php on line 216

