2023-06-08T05:13:57+00:00 CRITICAL syntax error, unexpected token "<" in C:\wamp64\www\celr\wp-content\themes\woodmart\woodmart\functions.php on line 1194

2023-06-08T05:19:17+00:00 CRITICAL syntax error, unexpected token "echo" in C:\wamp64\www\celr\wp-content\themes\woodmart\woodmart\functions.php on line 1197

2023-06-08T21:07:54+00:00 CRITICAL syntax error, unexpected token "<" in C:\wamp64\www\celr\wp-content\themes\woodmart\woodmart\functions.php on line 1261

2023-06-08T21:07:55+00:00 CRITICAL syntax error, unexpected token "<" in C:\wamp64\www\celr\wp-content\themes\woodmart\woodmart\functions.php on line 1261

2023-06-08T21:07:57+00:00 CRITICAL syntax error, unexpected token "<" in C:\wamp64\www\celr\wp-content\themes\woodmart\woodmart\functions.php on line 1261

2023-06-08T21:07:57+00:00 CRITICAL syntax error, unexpected token "<" in C:\wamp64\www\celr\wp-content\themes\woodmart\woodmart\functions.php on line 1261

2023-06-08T21:12:30+00:00 CRITICAL Uncaught TypeError: count(): Argument #1 ($value) must be of type Countable|array, null given in C:\wamp64\www\celr\wp-content\plugins\warehouse-basefee\buyer-offer.php:66
Stack trace:
#0 C:\wamp64\www\celr\wp-includes\class-wp-hook.php(308): send_vendor_email('')
#1 C:\wamp64\www\celr\wp-includes\class-wp-hook.php(332): WP_Hook->apply_filters(NULL, Array)
#2 C:\wamp64\www\celr\wp-includes\plugin.php(517): WP_Hook->do_action(Array)
#3 C:\wamp64\www\celr\wp-settings.php(623): do_action('init')
#4 C:\wamp64\www\celr\wp-config.php(98): require_once('C:\\wamp64\\www\\c...')
#5 C:\wamp64\www\celr\wp-load.php(50): require_once('C:\\wamp64\\www\\c...')
#6 C:\wamp64\www\celr\wp-blog-header.php(13): require_once('C:\\wamp64\\www\\c...')
#7 C:\wamp64\www\celr\index.php(17): require('C:\\wamp64\\www\\c...')
#8 {main}
  thrown in C:\wamp64\www\celr\wp-content\plugins\warehouse-basefee\buyer-offer.php on line 66

2023-06-08T21:12:30+00:00 CRITICAL Uncaught TypeError: count(): Argument #1 ($value) must be of type Countable|array, null given in C:\wamp64\www\celr\wp-content\plugins\warehouse-basefee\buyer-offer.php:66
Stack trace:
#0 C:\wamp64\www\celr\wp-includes\class-wp-hook.php(308): send_vendor_email('')
#1 C:\wamp64\www\celr\wp-includes\class-wp-hook.php(332): WP_Hook->apply_filters(NULL, Array)
#2 C:\wamp64\www\celr\wp-includes\plugin.php(517): WP_Hook->do_action(Array)
#3 C:\wamp64\www\celr\wp-settings.php(623): do_action('init')
#4 C:\wamp64\www\celr\wp-config.php(98): require_once('C:\\wamp64\\www\\c...')
#5 C:\wamp64\www\celr\wp-load.php(50): require_once('C:\\wamp64\\www\\c...')
#6 C:\wamp64\www\celr\wp-blog-header.php(13): require_once('C:\\wamp64\\www\\c...')
#7 C:\wamp64\www\celr\index.php(17): require('C:\\wamp64\\www\\c...')
#8 {main}
  thrown in C:\wamp64\www\celr\wp-content\plugins\warehouse-basefee\buyer-offer.php on line 66

2023-06-08T21:12:30+00:00 CRITICAL Uncaught TypeError: count(): Argument #1 ($value) must be of type Countable|array, null given in C:\wamp64\www\celr\wp-content\plugins\warehouse-basefee\buyer-offer.php:66
Stack trace:
#0 C:\wamp64\www\celr\wp-includes\class-wp-hook.php(308): send_vendor_email('')
#1 C:\wamp64\www\celr\wp-includes\class-wp-hook.php(332): WP_Hook->apply_filters(NULL, Array)
#2 C:\wamp64\www\celr\wp-includes\plugin.php(517): WP_Hook->do_action(Array)
#3 C:\wamp64\www\celr\wp-settings.php(623): do_action('init')
#4 C:\wamp64\www\celr\wp-config.php(98): require_once('C:\\wamp64\\www\\c...')
#5 C:\wamp64\www\celr\wp-load.php(50): require_once('C:\\wamp64\\www\\c...')
#6 C:\wamp64\www\celr\wp-blog-header.php(13): require_once('C:\\wamp64\\www\\c...')
#7 C:\wamp64\www\celr\index.php(17): require('C:\\wamp64\\www\\c...')
#8 {main}
  thrown in C:\wamp64\www\celr\wp-content\plugins\warehouse-basefee\buyer-offer.php on line 66

2023-06-08T21:12:30+00:00 CRITICAL Uncaught TypeError: count(): Argument #1 ($value) must be of type Countable|array, null given in C:\wamp64\www\celr\wp-content\plugins\warehouse-basefee\buyer-offer.php:66
Stack trace:
#0 C:\wamp64\www\celr\wp-includes\class-wp-hook.php(308): send_vendor_email('')
#1 C:\wamp64\www\celr\wp-includes\class-wp-hook.php(332): WP_Hook->apply_filters(NULL, Array)
#2 C:\wamp64\www\celr\wp-includes\plugin.php(517): WP_Hook->do_action(Array)
#3 C:\wamp64\www\celr\wp-settings.php(623): do_action('init')
#4 C:\wamp64\www\celr\wp-config.php(98): require_once('C:\\wamp64\\www\\c...')
#5 C:\wamp64\www\celr\wp-load.php(50): require_once('C:\\wamp64\\www\\c...')
#6 C:\wamp64\www\celr\wp-blog-header.php(13): require_once('C:\\wamp64\\www\\c...')
#7 C:\wamp64\www\celr\index.php(17): require('C:\\wamp64\\www\\c...')
#8 {main}
  thrown in C:\wamp64\www\celr\wp-content\plugins\warehouse-basefee\buyer-offer.php on line 66

2023-06-08T21:12:30+00:00 CRITICAL Uncaught TypeError: count(): Argument #1 ($value) must be of type Countable|array, null given in C:\wamp64\www\celr\wp-content\plugins\warehouse-basefee\buyer-offer.php:66
Stack trace:
#0 C:\wamp64\www\celr\wp-includes\class-wp-hook.php(308): send_vendor_email('')
#1 C:\wamp64\www\celr\wp-includes\class-wp-hook.php(332): WP_Hook->apply_filters(NULL, Array)
#2 C:\wamp64\www\celr\wp-includes\plugin.php(517): WP_Hook->do_action(Array)
#3 C:\wamp64\www\celr\wp-settings.php(623): do_action('init')
#4 C:\wamp64\www\celr\wp-config.php(98): require_once('C:\\wamp64\\www\\c...')
#5 C:\wamp64\www\celr\wp-load.php(50): require_once('C:\\wamp64\\www\\c...')
#6 C:\wamp64\www\celr\wp-blog-header.php(13): require_once('C:\\wamp64\\www\\c...')
#7 C:\wamp64\www\celr\index.php(17): require('C:\\wamp64\\www\\c...')
#8 {main}
  thrown in C:\wamp64\www\celr\wp-content\plugins\warehouse-basefee\buyer-offer.php on line 66

2023-06-08T21:12:30+00:00 CRITICAL Uncaught TypeError: count(): Argument #1 ($value) must be of type Countable|array, null given in C:\wamp64\www\celr\wp-content\plugins\warehouse-basefee\buyer-offer.php:66
Stack trace:
#0 C:\wamp64\www\celr\wp-includes\class-wp-hook.php(308): send_vendor_email('')
#1 C:\wamp64\www\celr\wp-includes\class-wp-hook.php(332): WP_Hook->apply_filters(NULL, Array)
#2 C:\wamp64\www\celr\wp-includes\plugin.php(517): WP_Hook->do_action(Array)
#3 C:\wamp64\www\celr\wp-settings.php(623): do_action('init')
#4 C:\wamp64\www\celr\wp-config.php(98): require_once('C:\\wamp64\\www\\c...')
#5 C:\wamp64\www\celr\wp-load.php(50): require_once('C:\\wamp64\\www\\c...')
#6 C:\wamp64\www\celr\wp-blog-header.php(13): require_once('C:\\wamp64\\www\\c...')
#7 C:\wamp64\www\celr\index.php(17): require('C:\\wamp64\\www\\c...')
#8 {main}
  thrown in C:\wamp64\www\celr\wp-content\plugins\warehouse-basefee\buyer-offer.php on line 66

2023-06-08T21:12:31+00:00 CRITICAL Uncaught TypeError: count(): Argument #1 ($value) must be of type Countable|array, null given in C:\wamp64\www\celr\wp-content\plugins\warehouse-basefee\buyer-offer.php:66
Stack trace:
#0 C:\wamp64\www\celr\wp-includes\class-wp-hook.php(308): send_vendor_email('')
#1 C:\wamp64\www\celr\wp-includes\class-wp-hook.php(332): WP_Hook->apply_filters(NULL, Array)
#2 C:\wamp64\www\celr\wp-includes\plugin.php(517): WP_Hook->do_action(Array)
#3 C:\wamp64\www\celr\wp-settings.php(623): do_action('init')
#4 C:\wamp64\www\celr\wp-config.php(98): require_once('C:\\wamp64\\www\\c...')
#5 C:\wamp64\www\celr\wp-load.php(50): require_once('C:\\wamp64\\www\\c...')
#6 C:\wamp64\www\celr\wp-blog-header.php(13): require_once('C:\\wamp64\\www\\c...')
#7 C:\wamp64\www\celr\index.php(17): require('C:\\wamp64\\www\\c...')
#8 {main}
  thrown in C:\wamp64\www\celr\wp-content\plugins\warehouse-basefee\buyer-offer.php on line 66

2023-06-08T21:12:31+00:00 CRITICAL Uncaught TypeError: count(): Argument #1 ($value) must be of type Countable|array, null given in C:\wamp64\www\celr\wp-content\plugins\warehouse-basefee\buyer-offer.php:66
Stack trace:
#0 C:\wamp64\www\celr\wp-includes\class-wp-hook.php(308): send_vendor_email('')
#1 C:\wamp64\www\celr\wp-includes\class-wp-hook.php(332): WP_Hook->apply_filters(NULL, Array)
#2 C:\wamp64\www\celr\wp-includes\plugin.php(517): WP_Hook->do_action(Array)
#3 C:\wamp64\www\celr\wp-settings.php(623): do_action('init')
#4 C:\wamp64\www\celr\wp-config.php(98): require_once('C:\\wamp64\\www\\c...')
#5 C:\wamp64\www\celr\wp-load.php(50): require_once('C:\\wamp64\\www\\c...')
#6 C:\wamp64\www\celr\wp-blog-header.php(13): require_once('C:\\wamp64\\www\\c...')
#7 C:\wamp64\www\celr\index.php(17): require('C:\\wamp64\\www\\c...')
#8 {main}
  thrown in C:\wamp64\www\celr\wp-content\plugins\warehouse-basefee\buyer-offer.php on line 66

2023-06-08T21:12:31+00:00 CRITICAL Uncaught TypeError: count(): Argument #1 ($value) must be of type Countable|array, null given in C:\wamp64\www\celr\wp-content\plugins\warehouse-basefee\buyer-offer.php:66
Stack trace:
#0 C:\wamp64\www\celr\wp-includes\class-wp-hook.php(308): send_vendor_email('')
#1 C:\wamp64\www\celr\wp-includes\class-wp-hook.php(332): WP_Hook->apply_filters(NULL, Array)
#2 C:\wamp64\www\celr\wp-includes\plugin.php(517): WP_Hook->do_action(Array)
#3 C:\wamp64\www\celr\wp-settings.php(623): do_action('init')
#4 C:\wamp64\www\celr\wp-config.php(98): require_once('C:\\wamp64\\www\\c...')
#5 C:\wamp64\www\celr\wp-load.php(50): require_once('C:\\wamp64\\www\\c...')
#6 C:\wamp64\www\celr\wp-blog-header.php(13): require_once('C:\\wamp64\\www\\c...')
#7 C:\wamp64\www\celr\index.php(17): require('C:\\wamp64\\www\\c...')
#8 {main}
  thrown in C:\wamp64\www\celr\wp-content\plugins\warehouse-basefee\buyer-offer.php on line 66

2023-06-08T21:12:31+00:00 CRITICAL Uncaught TypeError: count(): Argument #1 ($value) must be of type Countable|array, null given in C:\wamp64\www\celr\wp-content\plugins\warehouse-basefee\buyer-offer.php:66
Stack trace:
#0 C:\wamp64\www\celr\wp-includes\class-wp-hook.php(308): send_vendor_email('')
#1 C:\wamp64\www\celr\wp-includes\class-wp-hook.php(332): WP_Hook->apply_filters(NULL, Array)
#2 C:\wamp64\www\celr\wp-includes\plugin.php(517): WP_Hook->do_action(Array)
#3 C:\wamp64\www\celr\wp-settings.php(623): do_action('init')
#4 C:\wamp64\www\celr\wp-config.php(98): require_once('C:\\wamp64\\www\\c...')
#5 C:\wamp64\www\celr\wp-load.php(50): require_once('C:\\wamp64\\www\\c...')
#6 C:\wamp64\www\celr\wp-blog-header.php(13): require_once('C:\\wamp64\\www\\c...')
#7 C:\wamp64\www\celr\index.php(17): require('C:\\wamp64\\www\\c...')
#8 {main}
  thrown in C:\wamp64\www\celr\wp-content\plugins\warehouse-basefee\buyer-offer.php on line 66

2023-06-08T21:12:32+00:00 CRITICAL Uncaught TypeError: count(): Argument #1 ($value) must be of type Countable|array, null given in C:\wamp64\www\celr\wp-content\plugins\warehouse-basefee\buyer-offer.php:66
Stack trace:
#0 C:\wamp64\www\celr\wp-includes\class-wp-hook.php(308): send_vendor_email('')
#1 C:\wamp64\www\celr\wp-includes\class-wp-hook.php(332): WP_Hook->apply_filters(NULL, Array)
#2 C:\wamp64\www\celr\wp-includes\plugin.php(517): WP_Hook->do_action(Array)
#3 C:\wamp64\www\celr\wp-settings.php(623): do_action('init')
#4 C:\wamp64\www\celr\wp-config.php(98): require_once('C:\\wamp64\\www\\c...')
#5 C:\wamp64\www\celr\wp-load.php(50): require_once('C:\\wamp64\\www\\c...')
#6 C:\wamp64\www\celr\wp-blog-header.php(13): require_once('C:\\wamp64\\www\\c...')
#7 C:\wamp64\www\celr\index.php(17): require('C:\\wamp64\\www\\c...')
#8 {main}
  thrown in C:\wamp64\www\celr\wp-content\plugins\warehouse-basefee\buyer-offer.php on line 66

2023-06-08T21:12:32+00:00 CRITICAL Uncaught TypeError: count(): Argument #1 ($value) must be of type Countable|array, null given in C:\wamp64\www\celr\wp-content\plugins\warehouse-basefee\buyer-offer.php:66
Stack trace:
#0 C:\wamp64\www\celr\wp-includes\class-wp-hook.php(308): send_vendor_email('')
#1 C:\wamp64\www\celr\wp-includes\class-wp-hook.php(332): WP_Hook->apply_filters(NULL, Array)
#2 C:\wamp64\www\celr\wp-includes\plugin.php(517): WP_Hook->do_action(Array)
#3 C:\wamp64\www\celr\wp-settings.php(623): do_action('init')
#4 C:\wamp64\www\celr\wp-config.php(98): require_once('C:\\wamp64\\www\\c...')
#5 C:\wamp64\www\celr\wp-load.php(50): require_once('C:\\wamp64\\www\\c...')
#6 C:\wamp64\www\celr\wp-blog-header.php(13): require_once('C:\\wamp64\\www\\c...')
#7 C:\wamp64\www\celr\index.php(17): require('C:\\wamp64\\www\\c...')
#8 {main}
  thrown in C:\wamp64\www\celr\wp-content\plugins\warehouse-basefee\buyer-offer.php on line 66

2023-06-08T21:12:32+00:00 CRITICAL Uncaught TypeError: count(): Argument #1 ($value) must be of type Countable|array, null given in C:\wamp64\www\celr\wp-content\plugins\warehouse-basefee\buyer-offer.php:66
Stack trace:
#0 C:\wamp64\www\celr\wp-includes\class-wp-hook.php(308): send_vendor_email('')
#1 C:\wamp64\www\celr\wp-includes\class-wp-hook.php(332): WP_Hook->apply_filters(NULL, Array)
#2 C:\wamp64\www\celr\wp-includes\plugin.php(517): WP_Hook->do_action(Array)
#3 C:\wamp64\www\celr\wp-settings.php(623): do_action('init')
#4 C:\wamp64\www\celr\wp-config.php(98): require_once('C:\\wamp64\\www\\c...')
#5 C:\wamp64\www\celr\wp-load.php(50): require_once('C:\\wamp64\\www\\c...')
#6 C:\wamp64\www\celr\wp-blog-header.php(13): require_once('C:\\wamp64\\www\\c...')
#7 C:\wamp64\www\celr\index.php(17): require('C:\\wamp64\\www\\c...')
#8 {main}
  thrown in C:\wamp64\www\celr\wp-content\plugins\warehouse-basefee\buyer-offer.php on line 66

2023-06-08T21:12:32+00:00 CRITICAL Uncaught TypeError: count(): Argument #1 ($value) must be of type Countable|array, null given in C:\wamp64\www\celr\wp-content\plugins\warehouse-basefee\buyer-offer.php:66
Stack trace:
#0 C:\wamp64\www\celr\wp-includes\class-wp-hook.php(308): send_vendor_email('')
#1 C:\wamp64\www\celr\wp-includes\class-wp-hook.php(332): WP_Hook->apply_filters(NULL, Array)
#2 C:\wamp64\www\celr\wp-includes\plugin.php(517): WP_Hook->do_action(Array)
#3 C:\wamp64\www\celr\wp-settings.php(623): do_action('init')
#4 C:\wamp64\www\celr\wp-config.php(98): require_once('C:\\wamp64\\www\\c...')
#5 C:\wamp64\www\celr\wp-load.php(50): require_once('C:\\wamp64\\www\\c...')
#6 C:\wamp64\www\celr\wp-blog-header.php(13): require_once('C:\\wamp64\\www\\c...')
#7 C:\wamp64\www\celr\index.php(17): require('C:\\wamp64\\www\\c...')
#8 {main}
  thrown in C:\wamp64\www\celr\wp-content\plugins\warehouse-basefee\buyer-offer.php on line 66

2023-06-08T21:12:33+00:00 CRITICAL Uncaught TypeError: count(): Argument #1 ($value) must be of type Countable|array, null given in C:\wamp64\www\celr\wp-content\plugins\warehouse-basefee\buyer-offer.php:66
Stack trace:
#0 C:\wamp64\www\celr\wp-includes\class-wp-hook.php(308): send_vendor_email('')
#1 C:\wamp64\www\celr\wp-includes\class-wp-hook.php(332): WP_Hook->apply_filters(NULL, Array)
#2 C:\wamp64\www\celr\wp-includes\plugin.php(517): WP_Hook->do_action(Array)
#3 C:\wamp64\www\celr\wp-settings.php(623): do_action('init')
#4 C:\wamp64\www\celr\wp-config.php(98): require_once('C:\\wamp64\\www\\c...')
#5 C:\wamp64\www\celr\wp-load.php(50): require_once('C:\\wamp64\\www\\c...')
#6 C:\wamp64\www\celr\wp-blog-header.php(13): require_once('C:\\wamp64\\www\\c...')
#7 C:\wamp64\www\celr\index.php(17): require('C:\\wamp64\\www\\c...')
#8 {main}
  thrown in C:\wamp64\www\celr\wp-content\plugins\warehouse-basefee\buyer-offer.php on line 66

2023-06-08T21:12:33+00:00 CRITICAL Uncaught TypeError: count(): Argument #1 ($value) must be of type Countable|array, null given in C:\wamp64\www\celr\wp-content\plugins\warehouse-basefee\buyer-offer.php:66
Stack trace:
#0 C:\wamp64\www\celr\wp-includes\class-wp-hook.php(308): send_vendor_email('')
#1 C:\wamp64\www\celr\wp-includes\class-wp-hook.php(332): WP_Hook->apply_filters(NULL, Array)
#2 C:\wamp64\www\celr\wp-includes\plugin.php(517): WP_Hook->do_action(Array)
#3 C:\wamp64\www\celr\wp-settings.php(623): do_action('init')
#4 C:\wamp64\www\celr\wp-config.php(98): require_once('C:\\wamp64\\www\\c...')
#5 C:\wamp64\www\celr\wp-load.php(50): require_once('C:\\wamp64\\www\\c...')
#6 C:\wamp64\www\celr\wp-blog-header.php(13): require_once('C:\\wamp64\\www\\c...')
#7 C:\wamp64\www\celr\index.php(17): require('C:\\wamp64\\www\\c...')
#8 {main}
  thrown in C:\wamp64\www\celr\wp-content\plugins\warehouse-basefee\buyer-offer.php on line 66

2023-06-08T21:12:33+00:00 CRITICAL Uncaught TypeError: count(): Argument #1 ($value) must be of type Countable|array, null given in C:\wamp64\www\celr\wp-content\plugins\warehouse-basefee\buyer-offer.php:66
Stack trace:
#0 C:\wamp64\www\celr\wp-includes\class-wp-hook.php(308): send_vendor_email('')
#1 C:\wamp64\www\celr\wp-includes\class-wp-hook.php(332): WP_Hook->apply_filters(NULL, Array)
#2 C:\wamp64\www\celr\wp-includes\plugin.php(517): WP_Hook->do_action(Array)
#3 C:\wamp64\www\celr\wp-settings.php(623): do_action('init')
#4 C:\wamp64\www\celr\wp-config.php(98): require_once('C:\\wamp64\\www\\c...')
#5 C:\wamp64\www\celr\wp-load.php(50): require_once('C:\\wamp64\\www\\c...')
#6 C:\wamp64\www\celr\wp-blog-header.php(13): require_once('C:\\wamp64\\www\\c...')
#7 C:\wamp64\www\celr\index.php(17): require('C:\\wamp64\\www\\c...')
#8 {main}
  thrown in C:\wamp64\www\celr\wp-content\plugins\warehouse-basefee\buyer-offer.php on line 66

2023-06-08T21:12:33+00:00 CRITICAL Uncaught TypeError: count(): Argument #1 ($value) must be of type Countable|array, null given in C:\wamp64\www\celr\wp-content\plugins\warehouse-basefee\buyer-offer.php:66
Stack trace:
#0 C:\wamp64\www\celr\wp-includes\class-wp-hook.php(308): send_vendor_email('')
#1 C:\wamp64\www\celr\wp-includes\class-wp-hook.php(332): WP_Hook->apply_filters(NULL, Array)
#2 C:\wamp64\www\celr\wp-includes\plugin.php(517): WP_Hook->do_action(Array)
#3 C:\wamp64\www\celr\wp-settings.php(623): do_action('init')
#4 C:\wamp64\www\celr\wp-config.php(98): require_once('C:\\wamp64\\www\\c...')
#5 C:\wamp64\www\celr\wp-load.php(50): require_once('C:\\wamp64\\www\\c...')
#6 C:\wamp64\www\celr\wp-blog-header.php(13): require_once('C:\\wamp64\\www\\c...')
#7 C:\wamp64\www\celr\index.php(17): require('C:\\wamp64\\www\\c...')
#8 {main}
  thrown in C:\wamp64\www\celr\wp-content\plugins\warehouse-basefee\buyer-offer.php on line 66

2023-06-08T21:12:33+00:00 CRITICAL Uncaught TypeError: count(): Argument #1 ($value) must be of type Countable|array, null given in C:\wamp64\www\celr\wp-content\plugins\warehouse-basefee\buyer-offer.php:66
Stack trace:
#0 C:\wamp64\www\celr\wp-includes\class-wp-hook.php(308): send_vendor_email('')
#1 C:\wamp64\www\celr\wp-includes\class-wp-hook.php(332): WP_Hook->apply_filters(NULL, Array)
#2 C:\wamp64\www\celr\wp-includes\plugin.php(517): WP_Hook->do_action(Array)
#3 C:\wamp64\www\celr\wp-settings.php(623): do_action('init')
#4 C:\wamp64\www\celr\wp-config.php(98): require_once('C:\\wamp64\\www\\c...')
#5 C:\wamp64\www\celr\wp-load.php(50): require_once('C:\\wamp64\\www\\c...')
#6 C:\wamp64\www\celr\wp-blog-header.php(13): require_once('C:\\wamp64\\www\\c...')
#7 C:\wamp64\www\celr\index.php(17): require('C:\\wamp64\\www\\c...')
#8 {main}
  thrown in C:\wamp64\www\celr\wp-content\plugins\warehouse-basefee\buyer-offer.php on line 66

2023-06-08T21:12:33+00:00 CRITICAL Uncaught TypeError: count(): Argument #1 ($value) must be of type Countable|array, null given in C:\wamp64\www\celr\wp-content\plugins\warehouse-basefee\buyer-offer.php:66
Stack trace:
#0 C:\wamp64\www\celr\wp-includes\class-wp-hook.php(308): send_vendor_email('')
#1 C:\wamp64\www\celr\wp-includes\class-wp-hook.php(332): WP_Hook->apply_filters(NULL, Array)
#2 C:\wamp64\www\celr\wp-includes\plugin.php(517): WP_Hook->do_action(Array)
#3 C:\wamp64\www\celr\wp-settings.php(623): do_action('init')
#4 C:\wamp64\www\celr\wp-config.php(98): require_once('C:\\wamp64\\www\\c...')
#5 C:\wamp64\www\celr\wp-load.php(50): require_once('C:\\wamp64\\www\\c...')
#6 C:\wamp64\www\celr\wp-blog-header.php(13): require_once('C:\\wamp64\\www\\c...')
#7 C:\wamp64\www\celr\index.php(17): require('C:\\wamp64\\www\\c...')
#8 {main}
  thrown in C:\wamp64\www\celr\wp-content\plugins\warehouse-basefee\buyer-offer.php on line 66

2023-06-08T21:12:34+00:00 CRITICAL Uncaught TypeError: count(): Argument #1 ($value) must be of type Countable|array, null given in C:\wamp64\www\celr\wp-content\plugins\warehouse-basefee\buyer-offer.php:66
Stack trace:
#0 C:\wamp64\www\celr\wp-includes\class-wp-hook.php(308): send_vendor_email('')
#1 C:\wamp64\www\celr\wp-includes\class-wp-hook.php(332): WP_Hook->apply_filters(NULL, Array)
#2 C:\wamp64\www\celr\wp-includes\plugin.php(517): WP_Hook->do_action(Array)
#3 C:\wamp64\www\celr\wp-settings.php(623): do_action('init')
#4 C:\wamp64\www\celr\wp-config.php(98): require_once('C:\\wamp64\\www\\c...')
#5 C:\wamp64\www\celr\wp-load.php(50): require_once('C:\\wamp64\\www\\c...')
#6 C:\wamp64\www\celr\wp-blog-header.php(13): require_once('C:\\wamp64\\www\\c...')
#7 C:\wamp64\www\celr\index.php(17): require('C:\\wamp64\\www\\c...')
#8 {main}
  thrown in C:\wamp64\www\celr\wp-content\plugins\warehouse-basefee\buyer-offer.php on line 66

2023-06-08T21:12:34+00:00 CRITICAL Uncaught TypeError: count(): Argument #1 ($value) must be of type Countable|array, null given in C:\wamp64\www\celr\wp-content\plugins\warehouse-basefee\buyer-offer.php:66
Stack trace:
#0 C:\wamp64\www\celr\wp-includes\class-wp-hook.php(308): send_vendor_email('')
#1 C:\wamp64\www\celr\wp-includes\class-wp-hook.php(332): WP_Hook->apply_filters(NULL, Array)
#2 C:\wamp64\www\celr\wp-includes\plugin.php(517): WP_Hook->do_action(Array)
#3 C:\wamp64\www\celr\wp-settings.php(623): do_action('init')
#4 C:\wamp64\www\celr\wp-config.php(98): require_once('C:\\wamp64\\www\\c...')
#5 C:\wamp64\www\celr\wp-load.php(50): require_once('C:\\wamp64\\www\\c...')
#6 C:\wamp64\www\celr\wp-blog-header.php(13): require_once('C:\\wamp64\\www\\c...')
#7 C:\wamp64\www\celr\index.php(17): require('C:\\wamp64\\www\\c...')
#8 {main}
  thrown in C:\wamp64\www\celr\wp-content\plugins\warehouse-basefee\buyer-offer.php on line 66

2023-06-08T21:12:34+00:00 CRITICAL Uncaught TypeError: count(): Argument #1 ($value) must be of type Countable|array, null given in C:\wamp64\www\celr\wp-content\plugins\warehouse-basefee\buyer-offer.php:66
Stack trace:
#0 C:\wamp64\www\celr\wp-includes\class-wp-hook.php(308): send_vendor_email('')
#1 C:\wamp64\www\celr\wp-includes\class-wp-hook.php(332): WP_Hook->apply_filters(NULL, Array)
#2 C:\wamp64\www\celr\wp-includes\plugin.php(517): WP_Hook->do_action(Array)
#3 C:\wamp64\www\celr\wp-settings.php(623): do_action('init')
#4 C:\wamp64\www\celr\wp-config.php(98): require_once('C:\\wamp64\\www\\c...')
#5 C:\wamp64\www\celr\wp-load.php(50): require_once('C:\\wamp64\\www\\c...')
#6 C:\wamp64\www\celr\wp-blog-header.php(13): require_once('C:\\wamp64\\www\\c...')
#7 C:\wamp64\www\celr\index.php(17): require('C:\\wamp64\\www\\c...')
#8 {main}
  thrown in C:\wamp64\www\celr\wp-content\plugins\warehouse-basefee\buyer-offer.php on line 66

2023-06-08T21:12:34+00:00 CRITICAL Uncaught TypeError: count(): Argument #1 ($value) must be of type Countable|array, null given in C:\wamp64\www\celr\wp-content\plugins\warehouse-basefee\buyer-offer.php:66
Stack trace:
#0 C:\wamp64\www\celr\wp-includes\class-wp-hook.php(308): send_vendor_email('')
#1 C:\wamp64\www\celr\wp-includes\class-wp-hook.php(332): WP_Hook->apply_filters(NULL, Array)
#2 C:\wamp64\www\celr\wp-includes\plugin.php(517): WP_Hook->do_action(Array)
#3 C:\wamp64\www\celr\wp-settings.php(623): do_action('init')
#4 C:\wamp64\www\celr\wp-config.php(98): require_once('C:\\wamp64\\www\\c...')
#5 C:\wamp64\www\celr\wp-load.php(50): require_once('C:\\wamp64\\www\\c...')
#6 C:\wamp64\www\celr\wp-blog-header.php(13): require_once('C:\\wamp64\\www\\c...')
#7 C:\wamp64\www\celr\index.php(17): require('C:\\wamp64\\www\\c...')
#8 {main}
  thrown in C:\wamp64\www\celr\wp-content\plugins\warehouse-basefee\buyer-offer.php on line 66

2023-06-08T21:30:00+00:00 CRITICAL Uncaught ArgumentCountError: Too few arguments to function custom_popup_render_popup_content(), 0 passed in C:\wamp64\www\celr\wp-content\themes\woodmart\woodmart\functions.php on line 1068 and exactly 1 expected in C:\wamp64\www\celr\wp-content\plugins\warehouse-basefee\buyer-offer.php:4
Stack trace:
#0 C:\wamp64\www\celr\wp-content\themes\woodmart\woodmart\functions.php(1068): custom_popup_render_popup_content()
#1 C:\wamp64\www\celr\wp-content\themes\woodmart\woodmart\functions.php(1329): display_vendor_data(15961)
#2 C:\wamp64\www\celr\wp-includes\shortcodes.php(355): shortcode_vendor_data('', '', 'vendor_data')
#3 [internal function]: do_shortcode_tag(Array)
#4 C:\wamp64\www\celr\wp-includes\shortcodes.php(227): preg_replace_callback('/\\[(\\[?)(vendor...', 'do_shortcode_ta...', '[vendor_data]')
#5 C:\wamp64\www\celr\wp-content\plugins\elementor\includes\widgets\shortcode.php(130): do_shortcode('[vendor_data]')
#6 C:\wamp64\www\celr\wp-content\plugins\elementor\includes\base\controls-stack.php(2268): Elementor\Widget_Shortcode->render()
#7 C:\wamp64\www\celr\wp-content\plugins\elementor\includes\base\widget-base.php(609): Elementor\Controls_Stack->render_by_mode()
#8 C:\wamp64\www\celr\wp-content\plugins\elementor\includes\base\widget-base.php(750): Elementor\Widget_Base->render_content()
#9 C:\wamp64\www\celr\wp-content\plugins\elementor\includes\base\element-base.php(449): Elementor\Widget_Base->print_content()
#10 C:\wamp64\www\celr\wp-content\plugins\elementor\includes\base\element-base.php(1354): Elementor\Element_Base->print_element()
#11 C:\wamp64\www\celr\wp-content\plugins\elementor\includes\base\element-base.php(449): Elementor\Element_Base->print_content()
#12 C:\wamp64\www\celr\wp-content\plugins\elementor\includes\base\element-base.php(1354): Elementor\Element_Base->print_element()
#13 C:\wamp64\www\celr\wp-content\plugins\elementor\includes\base\element-base.php(449): Elementor\Element_Base->print_content()
#14 C:\wamp64\www\celr\wp-content\plugins\elementor\core\base\document.php(1711): Elementor\Element_Base->print_element()
#15 C:\wamp64\www\celr\wp-content\plugins\elementor-pro\modules\theme-builder\documents\theme-document.php(418): Elementor\Core\Base\Document->print_elements(Array)
#16 C:\wamp64\www\celr\wp-content\plugins\elementor\includes\frontend.php(1179): ElementorPro\Modules\ThemeBuilder\Documents\Theme_Document->print_elements_with_wrapper(Array)
#17 C:\wamp64\www\celr\wp-content\plugins\elementor\core\base\document.php(1155): Elementor\Frontend->get_builder_content(16270, false)
#18 C:\wamp64\www\celr\wp-content\plugins\elementor\modules\library\documents\library-document.php(76): Elementor\Core\Base\Document->get_content(false)
#19 C:\wamp64\www\celr\wp-content\plugins\elementor-pro\modules\theme-builder\documents\theme-document.php(158): Elementor\Modules\Library\Documents\Library_Document->get_content(false)
#20 C:\wamp64\www\celr\wp-content\plugins\elementor-pro\modules\theme-builder\documents\theme-document.php(173): ElementorPro\Modules\ThemeBuilder\Documents\Theme_Document->get_content()
#21 C:\wamp64\www\celr\wp-content\plugins\elementor-pro\modules\theme-builder\documents\single-base.php(93): ElementorPro\Modules\ThemeBuilder\Documents\Theme_Document->print_content()
#22 C:\wamp64\www\celr\wp-content\plugins\elementor-pro\modules\woocommerce\documents\product.php(133): ElementorPro\Modules\ThemeBuilder\Documents\Single_Base->print_content()
#23 C:\wamp64\www\celr\wp-content\plugins\elementor-pro\modules\theme-builder\classes\locations-manager.php(315): ElementorPro\Modules\Woocommerce\Documents\Product->print_content()
#24 C:\wamp64\www\celr\wp-content\plugins\elementor-pro\modules\theme-builder\classes\locations-manager.php(191): ElementorPro\Modules\ThemeBuilder\Classes\Locations_Manager->do_location('single')
#25 [internal function]: ElementorPro\Modules\ThemeBuilder\Classes\Locations_Manager->ElementorPro\Modules\ThemeBuilder\Classes\{closure}()
#26 C:\wamp64\www\celr\wp-content\plugins\elementor\modules\page-templates\module.php(207): call_user_func(Object(Closure))
#27 C:\wamp64\www\celr\wp-content\plugins\elementor\modules\page-templates\templates\header-footer.php(19): Elementor\Modules\PageTemplates\Module->print_content()
#28 C:\wamp64\www\celr\wp-includes\template-loader.php(106): include('C:\\wamp64\\www\\c...')
#29 C:\wamp64\www\celr\wp-blog-header.php(19): require_once('C:\\wamp64\\www\\c...')
#30 C:\wamp64\www\celr\index.php(17): require('C:\\wamp64\\www\\c...')
#31 {main}
  thrown in C:\wamp64\www\celr\wp-content\plugins\warehouse-basefee\buyer-offer.php on line 4

2023-06-08T21:53:15+00:00 CRITICAL Uncaught TypeError: count(): Argument #1 ($value) must be of type Countable|array, null given in C:\wamp64\www\celr\wp-content\plugins\warehouse-basefee\buyer-offer.php:66
Stack trace:
#0 C:\wamp64\www\celr\wp-includes\class-wp-hook.php(308): send_vendor_email('')
#1 C:\wamp64\www\celr\wp-includes\class-wp-hook.php(332): WP_Hook->apply_filters(NULL, Array)
#2 C:\wamp64\www\celr\wp-includes\plugin.php(517): WP_Hook->do_action(Array)
#3 C:\wamp64\www\celr\wp-settings.php(623): do_action('init')
#4 C:\wamp64\www\celr\wp-config.php(98): require_once('C:\\wamp64\\www\\c...')
#5 C:\wamp64\www\celr\wp-load.php(50): require_once('C:\\wamp64\\www\\c...')
#6 C:\wamp64\www\celr\wp-blog-header.php(13): require_once('C:\\wamp64\\www\\c...')
#7 C:\wamp64\www\celr\index.php(17): require('C:\\wamp64\\www\\c...')
#8 {main}
  thrown in C:\wamp64\www\celr\wp-content\plugins\warehouse-basefee\buyer-offer.php on line 66

2023-06-08T21:53:15+00:00 CRITICAL Uncaught TypeError: count(): Argument #1 ($value) must be of type Countable|array, null given in C:\wamp64\www\celr\wp-content\plugins\warehouse-basefee\buyer-offer.php:66
Stack trace:
#0 C:\wamp64\www\celr\wp-includes\class-wp-hook.php(308): send_vendor_email('')
#1 C:\wamp64\www\celr\wp-includes\class-wp-hook.php(332): WP_Hook->apply_filters(NULL, Array)
#2 C:\wamp64\www\celr\wp-includes\plugin.php(517): WP_Hook->do_action(Array)
#3 C:\wamp64\www\celr\wp-settings.php(623): do_action('init')
#4 C:\wamp64\www\celr\wp-config.php(98): require_once('C:\\wamp64\\www\\c...')
#5 C:\wamp64\www\celr\wp-load.php(50): require_once('C:\\wamp64\\www\\c...')
#6 C:\wamp64\www\celr\wp-blog-header.php(13): require_once('C:\\wamp64\\www\\c...')
#7 C:\wamp64\www\celr\index.php(17): require('C:\\wamp64\\www\\c...')
#8 {main}
  thrown in C:\wamp64\www\celr\wp-content\plugins\warehouse-basefee\buyer-offer.php on line 66

2023-06-08T21:53:24+00:00 CRITICAL Uncaught TypeError: count(): Argument #1 ($value) must be of type Countable|array, null given in C:\wamp64\www\celr\wp-content\plugins\warehouse-basefee\buyer-offer.php:66
Stack trace:
#0 C:\wamp64\www\celr\wp-includes\class-wp-hook.php(308): send_vendor_email('')
#1 C:\wamp64\www\celr\wp-includes\class-wp-hook.php(332): WP_Hook->apply_filters(NULL, Array)
#2 C:\wamp64\www\celr\wp-includes\plugin.php(517): WP_Hook->do_action(Array)
#3 C:\wamp64\www\celr\wp-settings.php(623): do_action('init')
#4 C:\wamp64\www\celr\wp-config.php(98): require_once('C:\\wamp64\\www\\c...')
#5 C:\wamp64\www\celr\wp-load.php(50): require_once('C:\\wamp64\\www\\c...')
#6 C:\wamp64\www\celr\wp-blog-header.php(13): require_once('C:\\wamp64\\www\\c...')
#7 C:\wamp64\www\celr\index.php(17): require('C:\\wamp64\\www\\c...')
#8 {main}
  thrown in C:\wamp64\www\celr\wp-content\plugins\warehouse-basefee\buyer-offer.php on line 66

2023-06-08T21:53:24+00:00 CRITICAL Uncaught TypeError: count(): Argument #1 ($value) must be of type Countable|array, null given in C:\wamp64\www\celr\wp-content\plugins\warehouse-basefee\buyer-offer.php:66
Stack trace:
#0 C:\wamp64\www\celr\wp-includes\class-wp-hook.php(308): send_vendor_email('')
#1 C:\wamp64\www\celr\wp-includes\class-wp-hook.php(332): WP_Hook->apply_filters(NULL, Array)
#2 C:\wamp64\www\celr\wp-includes\plugin.php(517): WP_Hook->do_action(Array)
#3 C:\wamp64\www\celr\wp-settings.php(623): do_action('init')
#4 C:\wamp64\www\celr\wp-config.php(98): require_once('C:\\wamp64\\www\\c...')
#5 C:\wamp64\www\celr\wp-load.php(50): require_once('C:\\wamp64\\www\\c...')
#6 C:\wamp64\www\celr\wp-blog-header.php(13): require_once('C:\\wamp64\\www\\c...')
#7 C:\wamp64\www\celr\index.php(17): require('C:\\wamp64\\www\\c...')
#8 {main}
  thrown in C:\wamp64\www\celr\wp-content\plugins\warehouse-basefee\buyer-offer.php on line 66

2023-06-08T22:53:37+00:00 CRITICAL Uncaught ArgumentCountError: Too few arguments to function custom_popup_render_popup_content(), 0 passed in C:\wamp64\www\celr\wp-content\themes\woodmart\woodmart\functions.php on line 1068 and exactly 1 expected in C:\wamp64\www\celr\wp-content\plugins\warehouse-basefee\buyer-offer.php:4
Stack trace:
#0 C:\wamp64\www\celr\wp-content\themes\woodmart\woodmart\functions.php(1068): custom_popup_render_popup_content()
#1 C:\wamp64\www\celr\wp-content\themes\woodmart\woodmart\functions.php(1334): display_vendor_data(15961)
#2 C:\wamp64\www\celr\wp-includes\shortcodes.php(355): shortcode_vendor_data('', '', 'vendor_data')
#3 [internal function]: do_shortcode_tag(Array)
#4 C:\wamp64\www\celr\wp-includes\shortcodes.php(227): preg_replace_callback('/\\[(\\[?)(vendor...', 'do_shortcode_ta...', '[vendor_data]')
#5 C:\wamp64\www\celr\wp-content\plugins\elementor\includes\widgets\shortcode.php(130): do_shortcode('[vendor_data]')
#6 C:\wamp64\www\celr\wp-content\plugins\elementor\includes\base\controls-stack.php(2268): Elementor\Widget_Shortcode->render()
#7 C:\wamp64\www\celr\wp-content\plugins\elementor\includes\base\widget-base.php(609): Elementor\Controls_Stack->render_by_mode()
#8 C:\wamp64\www\celr\wp-content\plugins\elementor\includes\base\widget-base.php(750): Elementor\Widget_Base->render_content()
#9 C:\wamp64\www\celr\wp-content\plugins\elementor\includes\base\element-base.php(449): Elementor\Widget_Base->print_content()
#10 C:\wamp64\www\celr\wp-content\plugins\elementor\includes\base\element-base.php(1354): Elementor\Element_Base->print_element()
#11 C:\wamp64\www\celr\wp-content\plugins\elementor\includes\base\element-base.php(449): Elementor\Element_Base->print_content()
#12 C:\wamp64\www\celr\wp-content\plugins\elementor\includes\base\element-base.php(1354): Elementor\Element_Base->print_element()
#13 C:\wamp64\www\celr\wp-content\plugins\elementor\includes\base\element-base.php(449): Elementor\Element_Base->print_content()
#14 C:\wamp64\www\celr\wp-content\plugins\elementor\core\base\document.php(1711): Elementor\Element_Base->print_element()
#15 C:\wamp64\www\celr\wp-content\plugins\elementor-pro\modules\theme-builder\documents\theme-document.php(418): Elementor\Core\Base\Document->print_elements(Array)
#16 C:\wamp64\www\celr\wp-content\plugins\elementor\includes\frontend.php(1179): ElementorPro\Modules\ThemeBuilder\Documents\Theme_Document->print_elements_with_wrapper(Array)
#17 C:\wamp64\www\celr\wp-content\plugins\elementor\core\base\document.php(1155): Elementor\Frontend->get_builder_content(16270, false)
#18 C:\wamp64\www\celr\wp-content\plugins\elementor\modules\library\documents\library-document.php(76): Elementor\Core\Base\Document->get_content(false)
#19 C:\wamp64\www\celr\wp-content\plugins\elementor-pro\modules\theme-builder\documents\theme-document.php(158): Elementor\Modules\Library\Documents\Library_Document->get_content(false)
#20 C:\wamp64\www\celr\wp-content\plugins\elementor-pro\modules\theme-builder\documents\theme-document.php(173): ElementorPro\Modules\ThemeBuilder\Documents\Theme_Document->get_content()
#21 C:\wamp64\www\celr\wp-content\plugins\elementor-pro\modules\theme-builder\documents\single-base.php(93): ElementorPro\Modules\ThemeBuilder\Documents\Theme_Document->print_content()
#22 C:\wamp64\www\celr\wp-content\plugins\elementor-pro\modules\woocommerce\documents\product.php(133): ElementorPro\Modules\ThemeBuilder\Documents\Single_Base->print_content()
#23 C:\wamp64\www\celr\wp-content\plugins\elementor-pro\modules\theme-builder\classes\locations-manager.php(315): ElementorPro\Modules\Woocommerce\Documents\Product->print_content()
#24 C:\wamp64\www\celr\wp-content\plugins\elementor-pro\modules\theme-builder\classes\locations-manager.php(191): ElementorPro\Modules\ThemeBuilder\Classes\Locations_Manager->do_location('single')
#25 [internal function]: ElementorPro\Modules\ThemeBuilder\Classes\Locations_Manager->ElementorPro\Modules\ThemeBuilder\Classes\{closure}()
#26 C:\wamp64\www\celr\wp-content\plugins\elementor\modules\page-templates\module.php(207): call_user_func(Object(Closure))
#27 C:\wamp64\www\celr\wp-content\plugins\elementor\modules\page-templates\templates\header-footer.php(19): Elementor\Modules\PageTemplates\Module->print_content()
#28 C:\wamp64\www\celr\wp-includes\template-loader.php(106): include('C:\\wamp64\\www\\c...')
#29 C:\wamp64\www\celr\wp-blog-header.php(19): require_once('C:\\wamp64\\www\\c...')
#30 C:\wamp64\www\celr\index.php(17): require('C:\\wamp64\\www\\c...')
#31 {main}
  thrown in C:\wamp64\www\celr\wp-content\plugins\warehouse-basefee\buyer-offer.php on line 4

2023-06-08T22:53:39+00:00 CRITICAL Uncaught ArgumentCountError: Too few arguments to function custom_popup_render_popup_content(), 0 passed in C:\wamp64\www\celr\wp-content\themes\woodmart\woodmart\functions.php on line 1068 and exactly 1 expected in C:\wamp64\www\celr\wp-content\plugins\warehouse-basefee\buyer-offer.php:4
Stack trace:
#0 C:\wamp64\www\celr\wp-content\themes\woodmart\woodmart\functions.php(1068): custom_popup_render_popup_content()
#1 C:\wamp64\www\celr\wp-content\themes\woodmart\woodmart\functions.php(1334): display_vendor_data(15961)
#2 C:\wamp64\www\celr\wp-includes\shortcodes.php(355): shortcode_vendor_data('', '', 'vendor_data')
#3 [internal function]: do_shortcode_tag(Array)
#4 C:\wamp64\www\celr\wp-includes\shortcodes.php(227): preg_replace_callback('/\\[(\\[?)(vendor...', 'do_shortcode_ta...', '[vendor_data]')
#5 C:\wamp64\www\celr\wp-content\plugins\elementor\includes\widgets\shortcode.php(130): do_shortcode('[vendor_data]')
#6 C:\wamp64\www\celr\wp-content\plugins\elementor\includes\base\controls-stack.php(2268): Elementor\Widget_Shortcode->render()
#7 C:\wamp64\www\celr\wp-content\plugins\elementor\includes\base\widget-base.php(609): Elementor\Controls_Stack->render_by_mode()
#8 C:\wamp64\www\celr\wp-content\plugins\elementor\includes\base\widget-base.php(750): Elementor\Widget_Base->render_content()
#9 C:\wamp64\www\celr\wp-content\plugins\elementor\includes\base\element-base.php(449): Elementor\Widget_Base->print_content()
#10 C:\wamp64\www\celr\wp-content\plugins\elementor\includes\base\element-base.php(1354): Elementor\Element_Base->print_element()
#11 C:\wamp64\www\celr\wp-content\plugins\elementor\includes\base\element-base.php(449): Elementor\Element_Base->print_content()
#12 C:\wamp64\www\celr\wp-content\plugins\elementor\includes\base\element-base.php(1354): Elementor\Element_Base->print_element()
#13 C:\wamp64\www\celr\wp-content\plugins\elementor\includes\base\element-base.php(449): Elementor\Element_Base->print_content()
#14 C:\wamp64\www\celr\wp-content\plugins\elementor\core\base\document.php(1711): Elementor\Element_Base->print_element()
#15 C:\wamp64\www\celr\wp-content\plugins\elementor-pro\modules\theme-builder\documents\theme-document.php(418): Elementor\Core\Base\Document->print_elements(Array)
#16 C:\wamp64\www\celr\wp-content\plugins\elementor\includes\frontend.php(1179): ElementorPro\Modules\ThemeBuilder\Documents\Theme_Document->print_elements_with_wrapper(Array)
#17 C:\wamp64\www\celr\wp-content\plugins\elementor\core\base\document.php(1155): Elementor\Frontend->get_builder_content(16270, false)
#18 C:\wamp64\www\celr\wp-content\plugins\elementor\modules\library\documents\library-document.php(76): Elementor\Core\Base\Document->get_content(false)
#19 C:\wamp64\www\celr\wp-content\plugins\elementor-pro\modules\theme-builder\documents\theme-document.php(158): Elementor\Modules\Library\Documents\Library_Document->get_content(false)
#20 C:\wamp64\www\celr\wp-content\plugins\elementor-pro\modules\theme-builder\documents\theme-document.php(173): ElementorPro\Modules\ThemeBuilder\Documents\Theme_Document->get_content()
#21 C:\wamp64\www\celr\wp-content\plugins\elementor-pro\modules\theme-builder\documents\single-base.php(93): ElementorPro\Modules\ThemeBuilder\Documents\Theme_Document->print_content()
#22 C:\wamp64\www\celr\wp-content\plugins\elementor-pro\modules\woocommerce\documents\product.php(133): ElementorPro\Modules\ThemeBuilder\Documents\Single_Base->print_content()
#23 C:\wamp64\www\celr\wp-content\plugins\elementor-pro\modules\theme-builder\classes\locations-manager.php(315): ElementorPro\Modules\Woocommerce\Documents\Product->print_content()
#24 C:\wamp64\www\celr\wp-content\plugins\elementor-pro\modules\theme-builder\classes\locations-manager.php(191): ElementorPro\Modules\ThemeBuilder\Classes\Locations_Manager->do_location('single')
#25 [internal function]: ElementorPro\Modules\ThemeBuilder\Classes\Locations_Manager->ElementorPro\Modules\ThemeBuilder\Classes\{closure}()
#26 C:\wamp64\www\celr\wp-content\plugins\elementor\modules\page-templates\module.php(207): call_user_func(Object(Closure))
#27 C:\wamp64\www\celr\wp-content\plugins\elementor\modules\page-templates\templates\header-footer.php(19): Elementor\Modules\PageTemplates\Module->print_content()
#28 C:\wamp64\www\celr\wp-includes\template-loader.php(106): include('C:\\wamp64\\www\\c...')
#29 C:\wamp64\www\celr\wp-blog-header.php(19): require_once('C:\\wamp64\\www\\c...')
#30 C:\wamp64\www\celr\index.php(17): require('C:\\wamp64\\www\\c...')
#31 {main}
  thrown in C:\wamp64\www\celr\wp-content\plugins\warehouse-basefee\buyer-offer.php on line 4

2023-06-08T22:53:41+00:00 CRITICAL Uncaught ArgumentCountError: Too few arguments to function custom_popup_render_popup_content(), 0 passed in C:\wamp64\www\celr\wp-content\themes\woodmart\woodmart\functions.php on line 1068 and exactly 1 expected in C:\wamp64\www\celr\wp-content\plugins\warehouse-basefee\buyer-offer.php:4
Stack trace:
#0 C:\wamp64\www\celr\wp-content\themes\woodmart\woodmart\functions.php(1068): custom_popup_render_popup_content()
#1 C:\wamp64\www\celr\wp-content\themes\woodmart\woodmart\functions.php(1334): display_vendor_data(15961)
#2 C:\wamp64\www\celr\wp-includes\shortcodes.php(355): shortcode_vendor_data('', '', 'vendor_data')
#3 [internal function]: do_shortcode_tag(Array)
#4 C:\wamp64\www\celr\wp-includes\shortcodes.php(227): preg_replace_callback('/\\[(\\[?)(vendor...', 'do_shortcode_ta...', '[vendor_data]')
#5 C:\wamp64\www\celr\wp-content\plugins\elementor\includes\widgets\shortcode.php(130): do_shortcode('[vendor_data]')
#6 C:\wamp64\www\celr\wp-content\plugins\elementor\includes\base\controls-stack.php(2268): Elementor\Widget_Shortcode->render()
#7 C:\wamp64\www\celr\wp-content\plugins\elementor\includes\base\widget-base.php(609): Elementor\Controls_Stack->render_by_mode()
#8 C:\wamp64\www\celr\wp-content\plugins\elementor\includes\base\widget-base.php(750): Elementor\Widget_Base->render_content()
#9 C:\wamp64\www\celr\wp-content\plugins\elementor\includes\base\element-base.php(449): Elementor\Widget_Base->print_content()
#10 C:\wamp64\www\celr\wp-content\plugins\elementor\includes\base\element-base.php(1354): Elementor\Element_Base->print_element()
#11 C:\wamp64\www\celr\wp-content\plugins\elementor\includes\base\element-base.php(449): Elementor\Element_Base->print_content()
#12 C:\wamp64\www\celr\wp-content\plugins\elementor\includes\base\element-base.php(1354): Elementor\Element_Base->print_element()
#13 C:\wamp64\www\celr\wp-content\plugins\elementor\includes\base\element-base.php(449): Elementor\Element_Base->print_content()
#14 C:\wamp64\www\celr\wp-content\plugins\elementor\core\base\document.php(1711): Elementor\Element_Base->print_element()
#15 C:\wamp64\www\celr\wp-content\plugins\elementor-pro\modules\theme-builder\documents\theme-document.php(418): Elementor\Core\Base\Document->print_elements(Array)
#16 C:\wamp64\www\celr\wp-content\plugins\elementor\includes\frontend.php(1179): ElementorPro\Modules\ThemeBuilder\Documents\Theme_Document->print_elements_with_wrapper(Array)
#17 C:\wamp64\www\celr\wp-content\plugins\elementor\core\base\document.php(1155): Elementor\Frontend->get_builder_content(16270, false)
#18 C:\wamp64\www\celr\wp-content\plugins\elementor\modules\library\documents\library-document.php(76): Elementor\Core\Base\Document->get_content(false)
#19 C:\wamp64\www\celr\wp-content\plugins\elementor-pro\modules\theme-builder\documents\theme-document.php(158): Elementor\Modules\Library\Documents\Library_Document->get_content(false)
#20 C:\wamp64\www\celr\wp-content\plugins\elementor-pro\modules\theme-builder\documents\theme-document.php(173): ElementorPro\Modules\ThemeBuilder\Documents\Theme_Document->get_content()
#21 C:\wamp64\www\celr\wp-content\plugins\elementor-pro\modules\theme-builder\documents\single-base.php(93): ElementorPro\Modules\ThemeBuilder\Documents\Theme_Document->print_content()
#22 C:\wamp64\www\celr\wp-content\plugins\elementor-pro\modules\woocommerce\documents\product.php(133): ElementorPro\Modules\ThemeBuilder\Documents\Single_Base->print_content()
#23 C:\wamp64\www\celr\wp-content\plugins\elementor-pro\modules\theme-builder\classes\locations-manager.php(315): ElementorPro\Modules\Woocommerce\Documents\Product->print_content()
#24 C:\wamp64\www\celr\wp-content\plugins\elementor-pro\modules\theme-builder\classes\locations-manager.php(191): ElementorPro\Modules\ThemeBuilder\Classes\Locations_Manager->do_location('single')
#25 [internal function]: ElementorPro\Modules\ThemeBuilder\Classes\Locations_Manager->ElementorPro\Modules\ThemeBuilder\Classes\{closure}()
#26 C:\wamp64\www\celr\wp-content\plugins\elementor\modules\page-templates\module.php(207): call_user_func(Object(Closure))
#27 C:\wamp64\www\celr\wp-content\plugins\elementor\modules\page-templates\templates\header-footer.php(19): Elementor\Modules\PageTemplates\Module->print_content()
#28 C:\wamp64\www\celr\wp-includes\template-loader.php(106): include('C:\\wamp64\\www\\c...')
#29 C:\wamp64\www\celr\wp-blog-header.php(19): require_once('C:\\wamp64\\www\\c...')
#30 C:\wamp64\www\celr\index.php(17): require('C:\\wamp64\\www\\c...')
#31 {main}
  thrown in C:\wamp64\www\celr\wp-content\plugins\warehouse-basefee\buyer-offer.php on line 4

2023-06-08T22:54:15+00:00 CRITICAL Uncaught ArgumentCountError: Too few arguments to function custom_popup_render_popup_content(), 0 passed in C:\wamp64\www\celr\wp-content\themes\woodmart\woodmart\functions.php on line 1068 and exactly 1 expected in C:\wamp64\www\celr\wp-content\plugins\warehouse-basefee\buyer-offer.php:4
Stack trace:
#0 C:\wamp64\www\celr\wp-content\themes\woodmart\woodmart\functions.php(1068): custom_popup_render_popup_content()
#1 C:\wamp64\www\celr\wp-content\themes\woodmart\woodmart\functions.php(1334): display_vendor_data(15961)
#2 C:\wamp64\www\celr\wp-includes\shortcodes.php(355): shortcode_vendor_data('', '', 'vendor_data')
#3 [internal function]: do_shortcode_tag(Array)
#4 C:\wamp64\www\celr\wp-includes\shortcodes.php(227): preg_replace_callback('/\\[(\\[?)(vendor...', 'do_shortcode_ta...', '[vendor_data]')
#5 C:\wamp64\www\celr\wp-content\plugins\elementor\includes\widgets\shortcode.php(130): do_shortcode('[vendor_data]')
#6 C:\wamp64\www\celr\wp-content\plugins\elementor\includes\base\controls-stack.php(2268): Elementor\Widget_Shortcode->render()
#7 C:\wamp64\www\celr\wp-content\plugins\elementor\includes\base\widget-base.php(609): Elementor\Controls_Stack->render_by_mode()
#8 C:\wamp64\www\celr\wp-content\plugins\elementor\includes\base\widget-base.php(750): Elementor\Widget_Base->render_content()
#9 C:\wamp64\www\celr\wp-content\plugins\elementor\includes\base\element-base.php(449): Elementor\Widget_Base->print_content()
#10 C:\wamp64\www\celr\wp-content\plugins\elementor\includes\base\element-base.php(1354): Elementor\Element_Base->print_element()
#11 C:\wamp64\www\celr\wp-content\plugins\elementor\includes\base\element-base.php(449): Elementor\Element_Base->print_content()
#12 C:\wamp64\www\celr\wp-content\plugins\elementor\includes\base\element-base.php(1354): Elementor\Element_Base->print_element()
#13 C:\wamp64\www\celr\wp-content\plugins\elementor\includes\base\element-base.php(449): Elementor\Element_Base->print_content()
#14 C:\wamp64\www\celr\wp-content\plugins\elementor\core\base\document.php(1711): Elementor\Element_Base->print_element()
#15 C:\wamp64\www\celr\wp-content\plugins\elementor-pro\modules\theme-builder\documents\theme-document.php(418): Elementor\Core\Base\Document->print_elements(Array)
#16 C:\wamp64\www\celr\wp-content\plugins\elementor\includes\frontend.php(1179): ElementorPro\Modules\ThemeBuilder\Documents\Theme_Document->print_elements_with_wrapper(Array)
#17 C:\wamp64\www\celr\wp-content\plugins\elementor\core\base\document.php(1155): Elementor\Frontend->get_builder_content(16270, false)
#18 C:\wamp64\www\celr\wp-content\plugins\elementor\modules\library\documents\library-document.php(76): Elementor\Core\Base\Document->get_content(false)
#19 C:\wamp64\www\celr\wp-content\plugins\elementor-pro\modules\theme-builder\documents\theme-document.php(158): Elementor\Modules\Library\Documents\Library_Document->get_content(false)
#20 C:\wamp64\www\celr\wp-content\plugins\elementor-pro\modules\theme-builder\documents\theme-document.php(173): ElementorPro\Modules\ThemeBuilder\Documents\Theme_Document->get_content()
#21 C:\wamp64\www\celr\wp-content\plugins\elementor-pro\modules\theme-builder\documents\single-base.php(93): ElementorPro\Modules\ThemeBuilder\Documents\Theme_Document->print_content()
#22 C:\wamp64\www\celr\wp-content\plugins\elementor-pro\modules\woocommerce\documents\product.php(133): ElementorPro\Modules\ThemeBuilder\Documents\Single_Base->print_content()
#23 C:\wamp64\www\celr\wp-content\plugins\elementor-pro\modules\theme-builder\classes\locations-manager.php(315): ElementorPro\Modules\Woocommerce\Documents\Product->print_content()
#24 C:\wamp64\www\celr\wp-content\plugins\elementor-pro\modules\theme-builder\classes\locations-manager.php(191): ElementorPro\Modules\ThemeBuilder\Classes\Locations_Manager->do_location('single')
#25 [internal function]: ElementorPro\Modules\ThemeBuilder\Classes\Locations_Manager->ElementorPro\Modules\ThemeBuilder\Classes\{closure}()
#26 C:\wamp64\www\celr\wp-content\plugins\elementor\modules\page-templates\module.php(207): call_user_func(Object(Closure))
#27 C:\wamp64\www\celr\wp-content\plugins\elementor\modules\page-templates\templates\header-footer.php(19): Elementor\Modules\PageTemplates\Module->print_content()
#28 C:\wamp64\www\celr\wp-includes\template-loader.php(106): include('C:\\wamp64\\www\\c...')
#29 C:\wamp64\www\celr\wp-blog-header.php(19): require_once('C:\\wamp64\\www\\c...')
#30 C:\wamp64\www\celr\index.php(17): require('C:\\wamp64\\www\\c...')
#31 {main}
  thrown in C:\wamp64\www\celr\wp-content\plugins\warehouse-basefee\buyer-offer.php on line 4

2023-06-08T22:54:18+00:00 CRITICAL Uncaught ArgumentCountError: Too few arguments to function custom_popup_render_popup_content(), 0 passed in C:\wamp64\www\celr\wp-content\themes\woodmart\woodmart\functions.php on line 1068 and exactly 1 expected in C:\wamp64\www\celr\wp-content\plugins\warehouse-basefee\buyer-offer.php:4
Stack trace:
#0 C:\wamp64\www\celr\wp-content\themes\woodmart\woodmart\functions.php(1068): custom_popup_render_popup_content()
#1 C:\wamp64\www\celr\wp-content\themes\woodmart\woodmart\functions.php(1334): display_vendor_data(15961)
#2 C:\wamp64\www\celr\wp-includes\shortcodes.php(355): shortcode_vendor_data('', '', 'vendor_data')
#3 [internal function]: do_shortcode_tag(Array)
#4 C:\wamp64\www\celr\wp-includes\shortcodes.php(227): preg_replace_callback('/\\[(\\[?)(vendor...', 'do_shortcode_ta...', '[vendor_data]')
#5 C:\wamp64\www\celr\wp-content\plugins\elementor\includes\widgets\shortcode.php(130): do_shortcode('[vendor_data]')
#6 C:\wamp64\www\celr\wp-content\plugins\elementor\includes\base\controls-stack.php(2268): Elementor\Widget_Shortcode->render()
#7 C:\wamp64\www\celr\wp-content\plugins\elementor\includes\base\widget-base.php(609): Elementor\Controls_Stack->render_by_mode()
#8 C:\wamp64\www\celr\wp-content\plugins\elementor\includes\base\widget-base.php(750): Elementor\Widget_Base->render_content()
#9 C:\wamp64\www\celr\wp-content\plugins\elementor\includes\base\element-base.php(449): Elementor\Widget_Base->print_content()
#10 C:\wamp64\www\celr\wp-content\plugins\elementor\includes\base\element-base.php(1354): Elementor\Element_Base->print_element()
#11 C:\wamp64\www\celr\wp-content\plugins\elementor\includes\base\element-base.php(449): Elementor\Element_Base->print_content()
#12 C:\wamp64\www\celr\wp-content\plugins\elementor\includes\base\element-base.php(1354): Elementor\Element_Base->print_element()
#13 C:\wamp64\www\celr\wp-content\plugins\elementor\includes\base\element-base.php(449): Elementor\Element_Base->print_content()
#14 C:\wamp64\www\celr\wp-content\plugins\elementor\core\base\document.php(1711): Elementor\Element_Base->print_element()
#15 C:\wamp64\www\celr\wp-content\plugins\elementor-pro\modules\theme-builder\documents\theme-document.php(418): Elementor\Core\Base\Document->print_elements(Array)
#16 C:\wamp64\www\celr\wp-content\plugins\elementor\includes\frontend.php(1179): ElementorPro\Modules\ThemeBuilder\Documents\Theme_Document->print_elements_with_wrapper(Array)
#17 C:\wamp64\www\celr\wp-content\plugins\elementor\core\base\document.php(1155): Elementor\Frontend->get_builder_content(16270, false)
#18 C:\wamp64\www\celr\wp-content\plugins\elementor\modules\library\documents\library-document.php(76): Elementor\Core\Base\Document->get_content(false)
#19 C:\wamp64\www\celr\wp-content\plugins\elementor-pro\modules\theme-builder\documents\theme-document.php(158): Elementor\Modules\Library\Documents\Library_Document->get_content(false)
#20 C:\wamp64\www\celr\wp-content\plugins\elementor-pro\modules\theme-builder\documents\theme-document.php(173): ElementorPro\Modules\ThemeBuilder\Documents\Theme_Document->get_content()
#21 C:\wamp64\www\celr\wp-content\plugins\elementor-pro\modules\theme-builder\documents\single-base.php(93): ElementorPro\Modules\ThemeBuilder\Documents\Theme_Document->print_content()
#22 C:\wamp64\www\celr\wp-content\plugins\elementor-pro\modules\woocommerce\documents\product.php(133): ElementorPro\Modules\ThemeBuilder\Documents\Single_Base->print_content()
#23 C:\wamp64\www\celr\wp-content\plugins\elementor-pro\modules\theme-builder\classes\locations-manager.php(315): ElementorPro\Modules\Woocommerce\Documents\Product->print_content()
#24 C:\wamp64\www\celr\wp-content\plugins\elementor-pro\modules\theme-builder\classes\locations-manager.php(191): ElementorPro\Modules\ThemeBuilder\Classes\Locations_Manager->do_location('single')
#25 [internal function]: ElementorPro\Modules\ThemeBuilder\Classes\Locations_Manager->ElementorPro\Modules\ThemeBuilder\Classes\{closure}()
#26 C:\wamp64\www\celr\wp-content\plugins\elementor\modules\page-templates\module.php(207): call_user_func(Object(Closure))
#27 C:\wamp64\www\celr\wp-content\plugins\elementor\modules\page-templates\templates\header-footer.php(19): Elementor\Modules\PageTemplates\Module->print_content()
#28 C:\wamp64\www\celr\wp-includes\template-loader.php(106): include('C:\\wamp64\\www\\c...')
#29 C:\wamp64\www\celr\wp-blog-header.php(19): require_once('C:\\wamp64\\www\\c...')
#30 C:\wamp64\www\celr\index.php(17): require('C:\\wamp64\\www\\c...')
#31 {main}
  thrown in C:\wamp64\www\celr\wp-content\plugins\warehouse-basefee\buyer-offer.php on line 4

